
AVRASM ver. 2.1.30  C:\Users\priso\OneDrive\Desktop\microcontroller\lcd_counter\Debug\List\lcd_counter.asm Sat Jun 29 11:38:03 2024

C:\Users\priso\OneDrive\Desktop\microcontroller\lcd_counter\Debug\List\lcd_counter.asm(1088): warning: Register r5 already defined by the .DEF directive
C:\Users\priso\OneDrive\Desktop\microcontroller\lcd_counter\Debug\List\lcd_counter.asm(1089): warning: Register r4 already defined by the .DEF directive
C:\Users\priso\OneDrive\Desktop\microcontroller\lcd_counter\Debug\List\lcd_counter.asm(1090): warning: Register r7 already defined by the .DEF directive
                 
                 
                 ;CodeVisionAVR C Compiler V3.14 Advanced
                 ;(C) Copyright 1998-2014 Pavel Haiduc, HP InfoTech s.r.l.
                 ;http://www.hpinfotech.com
                 
                 ;Build configuration    : Debug
                 ;Chip type              : ATmega16
                 ;Program type           : Application
                 ;Clock frequency        : 8.000000 MHz
                 ;Memory model           : Small
                 ;Optimize for           : Size
                 ;(s)printf features     : int, width
                 ;(s)scanf features      : int, width
                 ;External RAM size      : 0
                 ;Data Stack size        : 256 byte(s)
                 ;Heap size              : 0 byte(s)
                 ;Promote 'char' to 'int': Yes
                 ;'char' is unsigned     : Yes
                 ;8 bit enums            : Yes
                 ;Global 'const' stored in FLASH: Yes
                 ;Enhanced function parameter passing: Yes
                 ;Enhanced core instructions: On
                 ;Automatic register allocation for global variables: On
                 ;Smart register allocation: On
                 
                 	#define _MODEL_SMALL_
                 
                 	#pragma AVRPART ADMIN PART_NAME ATmega16
                 	#pragma AVRPART MEMORY PROG_FLASH 16384
                 	#pragma AVRPART MEMORY EEPROM 512
                 	#pragma AVRPART MEMORY INT_SRAM SIZE 1024
                 	#pragma AVRPART MEMORY INT_SRAM START_ADDR 0x60
                 
                 	#define CALL_SUPPORTED 1
                 
                 	.LISTMAC
                 	.EQU UDRE=0x5
                 	.EQU RXC=0x7
                 	.EQU USR=0xB
                 	.EQU UDR=0xC
                 	.EQU SPSR=0xE
                 	.EQU SPDR=0xF
                 	.EQU EERE=0x0
                 	.EQU EEWE=0x1
                 	.EQU EEMWE=0x2
                 	.EQU EECR=0x1C
                 	.EQU EEDR=0x1D
                 	.EQU EEARL=0x1E
                 	.EQU EEARH=0x1F
                 	.EQU WDTCR=0x21
                 	.EQU MCUCR=0x35
                 	.EQU GICR=0x3B
                 	.EQU SPL=0x3D
                 	.EQU SPH=0x3E
                 	.EQU SREG=0x3F
                 
                 	.DEF R0X0=R0
                 	.DEF R0X1=R1
                 	.DEF R0X2=R2
                 	.DEF R0X3=R3
                 	.DEF R0X4=R4
                 	.DEF R0X5=R5
                 	.DEF R0X6=R6
                 	.DEF R0X7=R7
                 	.DEF R0X8=R8
                 	.DEF R0X9=R9
                 	.DEF R0XA=R10
                 	.DEF R0XB=R11
                 	.DEF R0XC=R12
                 	.DEF R0XD=R13
                 	.DEF R0XE=R14
                 	.DEF R0XF=R15
                 	.DEF R0X10=R16
                 	.DEF R0X11=R17
                 	.DEF R0X12=R18
                 	.DEF R0X13=R19
                 	.DEF R0X14=R20
                 	.DEF R0X15=R21
                 	.DEF R0X16=R22
                 	.DEF R0X17=R23
                 	.DEF R0X18=R24
                 	.DEF R0X19=R25
                 	.DEF R0X1A=R26
                 	.DEF R0X1B=R27
                 	.DEF R0X1C=R28
                 	.DEF R0X1D=R29
                 	.DEF R0X1E=R30
                 	.DEF R0X1F=R31
                 
                 	.EQU __SRAM_START=0x0060
                 	.EQU __SRAM_END=0x045F
                 	.EQU __DSTACK_SIZE=0x0100
                 	.EQU __HEAP_SIZE=0x0000
                 	.EQU __CLEAR_SRAM_SIZE=__SRAM_END-__SRAM_START+1
                 
                 	.MACRO __CPD1N
                 	CPI  R30,LOW(@0)
                 	LDI  R26,HIGH(@0)
                 	CPC  R31,R26
                 	LDI  R26,BYTE3(@0)
                 	CPC  R22,R26
                 	LDI  R26,BYTE4(@0)
                 	CPC  R23,R26
                 	.ENDM
                 
                 	.MACRO __CPD2N
                 	CPI  R26,LOW(@0)
                 	LDI  R30,HIGH(@0)
                 	CPC  R27,R30
                 	LDI  R30,BYTE3(@0)
                 	CPC  R24,R30
                 	LDI  R30,BYTE4(@0)
                 	CPC  R25,R30
                 	.ENDM
                 
                 	.MACRO __CPWRR
                 	CP   R@0,R@2
                 	CPC  R@1,R@3
                 	.ENDM
                 
                 	.MACRO __CPWRN
                 	CPI  R@0,LOW(@2)
                 	LDI  R30,HIGH(@2)
                 	CPC  R@1,R30
                 	.ENDM
                 
                 	.MACRO __ADDB1MN
                 	SUBI R30,LOW(-@0-(@1))
                 	.ENDM
                 
                 	.MACRO __ADDB2MN
                 	SUBI R26,LOW(-@0-(@1))
                 	.ENDM
                 
                 	.MACRO __ADDW1MN
                 	SUBI R30,LOW(-@0-(@1))
                 	SBCI R31,HIGH(-@0-(@1))
                 	.ENDM
                 
                 	.MACRO __ADDW2MN
                 	SUBI R26,LOW(-@0-(@1))
                 	SBCI R27,HIGH(-@0-(@1))
                 	.ENDM
                 
                 	.MACRO __ADDW1FN
                 	SUBI R30,LOW(-2*@0-(@1))
                 	SBCI R31,HIGH(-2*@0-(@1))
                 	.ENDM
                 
                 	.MACRO __ADDD1FN
                 	SUBI R30,LOW(-2*@0-(@1))
                 	SBCI R31,HIGH(-2*@0-(@1))
                 	SBCI R22,BYTE3(-2*@0-(@1))
                 	.ENDM
                 
                 	.MACRO __ADDD1N
                 	SUBI R30,LOW(-@0)
                 	SBCI R31,HIGH(-@0)
                 	SBCI R22,BYTE3(-@0)
                 	SBCI R23,BYTE4(-@0)
                 	.ENDM
                 
                 	.MACRO __ADDD2N
                 	SUBI R26,LOW(-@0)
                 	SBCI R27,HIGH(-@0)
                 	SBCI R24,BYTE3(-@0)
                 	SBCI R25,BYTE4(-@0)
                 	.ENDM
                 
                 	.MACRO __SUBD1N
                 	SUBI R30,LOW(@0)
                 	SBCI R31,HIGH(@0)
                 	SBCI R22,BYTE3(@0)
                 	SBCI R23,BYTE4(@0)
                 	.ENDM
                 
                 	.MACRO __SUBD2N
                 	SUBI R26,LOW(@0)
                 	SBCI R27,HIGH(@0)
                 	SBCI R24,BYTE3(@0)
                 	SBCI R25,BYTE4(@0)
                 	.ENDM
                 
                 	.MACRO __ANDBMNN
                 	LDS  R30,@0+(@1)
                 	ANDI R30,LOW(@2)
                 	STS  @0+(@1),R30
                 	.ENDM
                 
                 	.MACRO __ANDWMNN
                 	LDS  R30,@0+(@1)
                 	ANDI R30,LOW(@2)
                 	STS  @0+(@1),R30
                 	LDS  R30,@0+(@1)+1
                 	ANDI R30,HIGH(@2)
                 	STS  @0+(@1)+1,R30
                 	.ENDM
                 
                 	.MACRO __ANDD1N
                 	ANDI R30,LOW(@0)
                 	ANDI R31,HIGH(@0)
                 	ANDI R22,BYTE3(@0)
                 	ANDI R23,BYTE4(@0)
                 	.ENDM
                 
                 	.MACRO __ANDD2N
                 	ANDI R26,LOW(@0)
                 	ANDI R27,HIGH(@0)
                 	ANDI R24,BYTE3(@0)
                 	ANDI R25,BYTE4(@0)
                 	.ENDM
                 
                 	.MACRO __ORBMNN
                 	LDS  R30,@0+(@1)
                 	ORI  R30,LOW(@2)
                 	STS  @0+(@1),R30
                 	.ENDM
                 
                 	.MACRO __ORWMNN
                 	LDS  R30,@0+(@1)
                 	ORI  R30,LOW(@2)
                 	STS  @0+(@1),R30
                 	LDS  R30,@0+(@1)+1
                 	ORI  R30,HIGH(@2)
                 	STS  @0+(@1)+1,R30
                 	.ENDM
                 
                 	.MACRO __ORD1N
                 	ORI  R30,LOW(@0)
                 	ORI  R31,HIGH(@0)
                 	ORI  R22,BYTE3(@0)
                 	ORI  R23,BYTE4(@0)
                 	.ENDM
                 
                 	.MACRO __ORD2N
                 	ORI  R26,LOW(@0)
                 	ORI  R27,HIGH(@0)
                 	ORI  R24,BYTE3(@0)
                 	ORI  R25,BYTE4(@0)
                 	.ENDM
                 
                 	.MACRO __DELAY_USB
                 	LDI  R24,LOW(@0)
                 __DELAY_USB_LOOP:
                 	DEC  R24
                 	BRNE __DELAY_USB_LOOP
                 	.ENDM
                 
                 	.MACRO __DELAY_USW
                 	LDI  R24,LOW(@0)
                 	LDI  R25,HIGH(@0)
                 __DELAY_USW_LOOP:
                 	SBIW R24,1
                 	BRNE __DELAY_USW_LOOP
                 	.ENDM
                 
                 	.MACRO __GETD1S
                 	LDD  R30,Y+@0
                 	LDD  R31,Y+@0+1
                 	LDD  R22,Y+@0+2
                 	LDD  R23,Y+@0+3
                 	.ENDM
                 
                 	.MACRO __GETD2S
                 	LDD  R26,Y+@0
                 	LDD  R27,Y+@0+1
                 	LDD  R24,Y+@0+2
                 	LDD  R25,Y+@0+3
                 	.ENDM
                 
                 	.MACRO __PUTD1S
                 	STD  Y+@0,R30
                 	STD  Y+@0+1,R31
                 	STD  Y+@0+2,R22
                 	STD  Y+@0+3,R23
                 	.ENDM
                 
                 	.MACRO __PUTD2S
                 	STD  Y+@0,R26
                 	STD  Y+@0+1,R27
                 	STD  Y+@0+2,R24
                 	STD  Y+@0+3,R25
                 	.ENDM
                 
                 	.MACRO __PUTDZ2
                 	STD  Z+@0,R26
                 	STD  Z+@0+1,R27
                 	STD  Z+@0+2,R24
                 	STD  Z+@0+3,R25
                 	.ENDM
                 
                 	.MACRO __CLRD1S
                 	STD  Y+@0,R30
                 	STD  Y+@0+1,R30
                 	STD  Y+@0+2,R30
                 	STD  Y+@0+3,R30
                 	.ENDM
                 
                 	.MACRO __POINTB1MN
                 	LDI  R30,LOW(@0+(@1))
                 	.ENDM
                 
                 	.MACRO __POINTW1MN
                 	LDI  R30,LOW(@0+(@1))
                 	LDI  R31,HIGH(@0+(@1))
                 	.ENDM
                 
                 	.MACRO __POINTD1M
                 	LDI  R30,LOW(@0)
                 	LDI  R31,HIGH(@0)
                 	LDI  R22,BYTE3(@0)
                 	LDI  R23,BYTE4(@0)
                 	.ENDM
                 
                 	.MACRO __POINTW1FN
                 	LDI  R30,LOW(2*@0+(@1))
                 	LDI  R31,HIGH(2*@0+(@1))
                 	.ENDM
                 
                 	.MACRO __POINTD1FN
                 	LDI  R30,LOW(2*@0+(@1))
                 	LDI  R31,HIGH(2*@0+(@1))
                 	LDI  R22,BYTE3(2*@0+(@1))
                 	LDI  R23,BYTE4(2*@0+(@1))
                 	.ENDM
                 
                 	.MACRO __POINTB2MN
                 	LDI  R26,LOW(@0+(@1))
                 	.ENDM
                 
                 	.MACRO __POINTW2MN
                 	LDI  R26,LOW(@0+(@1))
                 	LDI  R27,HIGH(@0+(@1))
                 	.ENDM
                 
                 	.MACRO __POINTW2FN
                 	LDI  R26,LOW(2*@0+(@1))
                 	LDI  R27,HIGH(2*@0+(@1))
                 	.ENDM
                 
                 	.MACRO __POINTD2FN
                 	LDI  R26,LOW(2*@0+(@1))
                 	LDI  R27,HIGH(2*@0+(@1))
                 	LDI  R24,BYTE3(2*@0+(@1))
                 	LDI  R25,BYTE4(2*@0+(@1))
                 	.ENDM
                 
                 	.MACRO __POINTBRM
                 	LDI  R@0,LOW(@1)
                 	.ENDM
                 
                 	.MACRO __POINTWRM
                 	LDI  R@0,LOW(@2)
                 	LDI  R@1,HIGH(@2)
                 	.ENDM
                 
                 	.MACRO __POINTBRMN
                 	LDI  R@0,LOW(@1+(@2))
                 	.ENDM
                 
                 	.MACRO __POINTWRMN
                 	LDI  R@0,LOW(@2+(@3))
                 	LDI  R@1,HIGH(@2+(@3))
                 	.ENDM
                 
                 	.MACRO __POINTWRFN
                 	LDI  R@0,LOW(@2*2+(@3))
                 	LDI  R@1,HIGH(@2*2+(@3))
                 	.ENDM
                 
                 	.MACRO __GETD1N
                 	LDI  R30,LOW(@0)
                 	LDI  R31,HIGH(@0)
                 	LDI  R22,BYTE3(@0)
                 	LDI  R23,BYTE4(@0)
                 	.ENDM
                 
                 	.MACRO __GETD2N
                 	LDI  R26,LOW(@0)
                 	LDI  R27,HIGH(@0)
                 	LDI  R24,BYTE3(@0)
                 	LDI  R25,BYTE4(@0)
                 	.ENDM
                 
                 	.MACRO __GETB1MN
                 	LDS  R30,@0+(@1)
                 	.ENDM
                 
                 	.MACRO __GETB1HMN
                 	LDS  R31,@0+(@1)
                 	.ENDM
                 
                 	.MACRO __GETW1MN
                 	LDS  R30,@0+(@1)
                 	LDS  R31,@0+(@1)+1
                 	.ENDM
                 
                 	.MACRO __GETD1MN
                 	LDS  R30,@0+(@1)
                 	LDS  R31,@0+(@1)+1
                 	LDS  R22,@0+(@1)+2
                 	LDS  R23,@0+(@1)+3
                 	.ENDM
                 
                 	.MACRO __GETBRMN
                 	LDS  R@0,@1+(@2)
                 	.ENDM
                 
                 	.MACRO __GETWRMN
                 	LDS  R@0,@2+(@3)
                 	LDS  R@1,@2+(@3)+1
                 	.ENDM
                 
                 	.MACRO __GETWRZ
                 	LDD  R@0,Z+@2
                 	LDD  R@1,Z+@2+1
                 	.ENDM
                 
                 	.MACRO __GETD2Z
                 	LDD  R26,Z+@0
                 	LDD  R27,Z+@0+1
                 	LDD  R24,Z+@0+2
                 	LDD  R25,Z+@0+3
                 	.ENDM
                 
                 	.MACRO __GETB2MN
                 	LDS  R26,@0+(@1)
                 	.ENDM
                 
                 	.MACRO __GETW2MN
                 	LDS  R26,@0+(@1)
                 	LDS  R27,@0+(@1)+1
                 	.ENDM
                 
                 	.MACRO __GETD2MN
                 	LDS  R26,@0+(@1)
                 	LDS  R27,@0+(@1)+1
                 	LDS  R24,@0+(@1)+2
                 	LDS  R25,@0+(@1)+3
                 	.ENDM
                 
                 	.MACRO __PUTB1MN
                 	STS  @0+(@1),R30
                 	.ENDM
                 
                 	.MACRO __PUTW1MN
                 	STS  @0+(@1),R30
                 	STS  @0+(@1)+1,R31
                 	.ENDM
                 
                 	.MACRO __PUTD1MN
                 	STS  @0+(@1),R30
                 	STS  @0+(@1)+1,R31
                 	STS  @0+(@1)+2,R22
                 	STS  @0+(@1)+3,R23
                 	.ENDM
                 
                 	.MACRO __PUTB1EN
                 	LDI  R26,LOW(@0+(@1))
                 	LDI  R27,HIGH(@0+(@1))
                 	CALL __EEPROMWRB
                 	.ENDM
                 
                 	.MACRO __PUTW1EN
                 	LDI  R26,LOW(@0+(@1))
                 	LDI  R27,HIGH(@0+(@1))
                 	CALL __EEPROMWRW
                 	.ENDM
                 
                 	.MACRO __PUTD1EN
                 	LDI  R26,LOW(@0+(@1))
                 	LDI  R27,HIGH(@0+(@1))
                 	CALL __EEPROMWRD
                 	.ENDM
                 
                 	.MACRO __PUTBR0MN
                 	STS  @0+(@1),R0
                 	.ENDM
                 
                 	.MACRO __PUTBMRN
                 	STS  @0+(@1),R@2
                 	.ENDM
                 
                 	.MACRO __PUTWMRN
                 	STS  @0+(@1),R@2
                 	STS  @0+(@1)+1,R@3
                 	.ENDM
                 
                 	.MACRO __PUTBZR
                 	STD  Z+@1,R@0
                 	.ENDM
                 
                 	.MACRO __PUTWZR
                 	STD  Z+@2,R@0
                 	STD  Z+@2+1,R@1
                 	.ENDM
                 
                 	.MACRO __GETW1R
                 	MOV  R30,R@0
                 	MOV  R31,R@1
                 	.ENDM
                 
                 	.MACRO __GETW2R
                 	MOV  R26,R@0
                 	MOV  R27,R@1
                 	.ENDM
                 
                 	.MACRO __GETWRN
                 	LDI  R@0,LOW(@2)
                 	LDI  R@1,HIGH(@2)
                 	.ENDM
                 
                 	.MACRO __PUTW1R
                 	MOV  R@0,R30
                 	MOV  R@1,R31
                 	.ENDM
                 
                 	.MACRO __PUTW2R
                 	MOV  R@0,R26
                 	MOV  R@1,R27
                 	.ENDM
                 
                 	.MACRO __ADDWRN
                 	SUBI R@0,LOW(-@2)
                 	SBCI R@1,HIGH(-@2)
                 	.ENDM
                 
                 	.MACRO __ADDWRR
                 	ADD  R@0,R@2
                 	ADC  R@1,R@3
                 	.ENDM
                 
                 	.MACRO __SUBWRN
                 	SUBI R@0,LOW(@2)
                 	SBCI R@1,HIGH(@2)
                 	.ENDM
                 
                 	.MACRO __SUBWRR
                 	SUB  R@0,R@2
                 	SBC  R@1,R@3
                 	.ENDM
                 
                 	.MACRO __ANDWRN
                 	ANDI R@0,LOW(@2)
                 	ANDI R@1,HIGH(@2)
                 	.ENDM
                 
                 	.MACRO __ANDWRR
                 	AND  R@0,R@2
                 	AND  R@1,R@3
                 	.ENDM
                 
                 	.MACRO __ORWRN
                 	ORI  R@0,LOW(@2)
                 	ORI  R@1,HIGH(@2)
                 	.ENDM
                 
                 	.MACRO __ORWRR
                 	OR   R@0,R@2
                 	OR   R@1,R@3
                 	.ENDM
                 
                 	.MACRO __EORWRR
                 	EOR  R@0,R@2
                 	EOR  R@1,R@3
                 	.ENDM
                 
                 	.MACRO __GETWRS
                 	LDD  R@0,Y+@2
                 	LDD  R@1,Y+@2+1
                 	.ENDM
                 
                 	.MACRO __PUTBSR
                 	STD  Y+@1,R@0
                 	.ENDM
                 
                 	.MACRO __PUTWSR
                 	STD  Y+@2,R@0
                 	STD  Y+@2+1,R@1
                 	.ENDM
                 
                 	.MACRO __MOVEWRR
                 	MOV  R@0,R@2
                 	MOV  R@1,R@3
                 	.ENDM
                 
                 	.MACRO __INWR
                 	IN   R@0,@2
                 	IN   R@1,@2+1
                 	.ENDM
                 
                 	.MACRO __OUTWR
                 	OUT  @2+1,R@1
                 	OUT  @2,R@0
                 	.ENDM
                 
                 	.MACRO __CALL1MN
                 	LDS  R30,@0+(@1)
                 	LDS  R31,@0+(@1)+1
                 	ICALL
                 	.ENDM
                 
                 	.MACRO __CALL1FN
                 	LDI  R30,LOW(2*@0+(@1))
                 	LDI  R31,HIGH(2*@0+(@1))
                 	CALL __GETW1PF
                 	ICALL
                 	.ENDM
                 
                 	.MACRO __CALL2EN
                 	PUSH R26
                 	PUSH R27
                 	LDI  R26,LOW(@0+(@1))
                 	LDI  R27,HIGH(@0+(@1))
                 	CALL __EEPROMRDW
                 	POP  R27
                 	POP  R26
                 	ICALL
                 	.ENDM
                 
                 	.MACRO __CALL2EX
                 	SUBI R26,LOW(-@0)
                 	SBCI R27,HIGH(-@0)
                 	CALL __EEPROMRDD
                 	ICALL
                 	.ENDM
                 
                 	.MACRO __GETW1STACK
                 	IN   R30,SPL
                 	IN   R31,SPH
                 	ADIW R30,@0+1
                 	LD   R0,Z+
                 	LD   R31,Z
                 	MOV  R30,R0
                 	.ENDM
                 
                 	.MACRO __GETD1STACK
                 	IN   R30,SPL
                 	IN   R31,SPH
                 	ADIW R30,@0+1
                 	LD   R0,Z+
                 	LD   R1,Z+
                 	LD   R22,Z
                 	MOVW R30,R0
                 	.ENDM
                 
                 	.MACRO __NBST
                 	BST  R@0,@1
                 	IN   R30,SREG
                 	LDI  R31,0x40
                 	EOR  R30,R31
                 	OUT  SREG,R30
                 	.ENDM
                 
                 
                 	.MACRO __PUTB1SN
                 	LDD  R26,Y+@0
                 	LDD  R27,Y+@0+1
                 	SUBI R26,LOW(-@1)
                 	SBCI R27,HIGH(-@1)
                 	ST   X,R30
                 	.ENDM
                 
                 	.MACRO __PUTW1SN
                 	LDD  R26,Y+@0
                 	LDD  R27,Y+@0+1
                 	SUBI R26,LOW(-@1)
                 	SBCI R27,HIGH(-@1)
                 	ST   X+,R30
                 	ST   X,R31
                 	.ENDM
                 
                 	.MACRO __PUTD1SN
                 	LDD  R26,Y+@0
                 	LDD  R27,Y+@0+1
                 	SUBI R26,LOW(-@1)
                 	SBCI R27,HIGH(-@1)
                 	CALL __PUTDP1
                 	.ENDM
                 
                 	.MACRO __PUTB1SNS
                 	LDD  R26,Y+@0
                 	LDD  R27,Y+@0+1
                 	ADIW R26,@1
                 	ST   X,R30
                 	.ENDM
                 
                 	.MACRO __PUTW1SNS
                 	LDD  R26,Y+@0
                 	LDD  R27,Y+@0+1
                 	ADIW R26,@1
                 	ST   X+,R30
                 	ST   X,R31
                 	.ENDM
                 
                 	.MACRO __PUTD1SNS
                 	LDD  R26,Y+@0
                 	LDD  R27,Y+@0+1
                 	ADIW R26,@1
                 	CALL __PUTDP1
                 	.ENDM
                 
                 	.MACRO __PUTB1PMN
                 	LDS  R26,@0
                 	LDS  R27,@0+1
                 	SUBI R26,LOW(-@1)
                 	SBCI R27,HIGH(-@1)
                 	ST   X,R30
                 	.ENDM
                 
                 	.MACRO __PUTW1PMN
                 	LDS  R26,@0
                 	LDS  R27,@0+1
                 	SUBI R26,LOW(-@1)
                 	SBCI R27,HIGH(-@1)
                 	ST   X+,R30
                 	ST   X,R31
                 	.ENDM
                 
                 	.MACRO __PUTD1PMN
                 	LDS  R26,@0
                 	LDS  R27,@0+1
                 	SUBI R26,LOW(-@1)
                 	SBCI R27,HIGH(-@1)
                 	CALL __PUTDP1
                 	.ENDM
                 
                 	.MACRO __PUTB1PMNS
                 	LDS  R26,@0
                 	LDS  R27,@0+1
                 	ADIW R26,@1
                 	ST   X,R30
                 	.ENDM
                 
                 	.MACRO __PUTW1PMNS
                 	LDS  R26,@0
                 	LDS  R27,@0+1
                 	ADIW R26,@1
                 	ST   X+,R30
                 	ST   X,R31
                 	.ENDM
                 
                 	.MACRO __PUTD1PMNS
                 	LDS  R26,@0
                 	LDS  R27,@0+1
                 	ADIW R26,@1
                 	CALL __PUTDP1
                 	.ENDM
                 
                 	.MACRO __PUTB1RN
                 	MOVW R26,R@0
                 	SUBI R26,LOW(-@1)
                 	SBCI R27,HIGH(-@1)
                 	ST   X,R30
                 	.ENDM
                 
                 	.MACRO __PUTW1RN
                 	MOVW R26,R@0
                 	SUBI R26,LOW(-@1)
                 	SBCI R27,HIGH(-@1)
                 	ST   X+,R30
                 	ST   X,R31
                 	.ENDM
                 
                 	.MACRO __PUTD1RN
                 	MOVW R26,R@0
                 	SUBI R26,LOW(-@1)
                 	SBCI R27,HIGH(-@1)
                 	CALL __PUTDP1
                 	.ENDM
                 
                 	.MACRO __PUTB1RNS
                 	MOVW R26,R@0
                 	ADIW R26,@1
                 	ST   X,R30
                 	.ENDM
                 
                 	.MACRO __PUTW1RNS
                 	MOVW R26,R@0
                 	ADIW R26,@1
                 	ST   X+,R30
                 	ST   X,R31
                 	.ENDM
                 
                 	.MACRO __PUTD1RNS
                 	MOVW R26,R@0
                 	ADIW R26,@1
                 	CALL __PUTDP1
                 	.ENDM
                 
                 	.MACRO __PUTB1RON
                 	MOV  R26,R@0
                 	MOV  R27,R@1
                 	SUBI R26,LOW(-@2)
                 	SBCI R27,HIGH(-@2)
                 	ST   X,R30
                 	.ENDM
                 
                 	.MACRO __PUTW1RON
                 	MOV  R26,R@0
                 	MOV  R27,R@1
                 	SUBI R26,LOW(-@2)
                 	SBCI R27,HIGH(-@2)
                 	ST   X+,R30
                 	ST   X,R31
                 	.ENDM
                 
                 	.MACRO __PUTD1RON
                 	MOV  R26,R@0
                 	MOV  R27,R@1
                 	SUBI R26,LOW(-@2)
                 	SBCI R27,HIGH(-@2)
                 	CALL __PUTDP1
                 	.ENDM
                 
                 	.MACRO __PUTB1RONS
                 	MOV  R26,R@0
                 	MOV  R27,R@1
                 	ADIW R26,@2
                 	ST   X,R30
                 	.ENDM
                 
                 	.MACRO __PUTW1RONS
                 	MOV  R26,R@0
                 	MOV  R27,R@1
                 	ADIW R26,@2
                 	ST   X+,R30
                 	ST   X,R31
                 	.ENDM
                 
                 	.MACRO __PUTD1RONS
                 	MOV  R26,R@0
                 	MOV  R27,R@1
                 	ADIW R26,@2
                 	CALL __PUTDP1
                 	.ENDM
                 
                 
                 	.MACRO __GETB1SX
                 	MOVW R30,R28
                 	SUBI R30,LOW(-@0)
                 	SBCI R31,HIGH(-@0)
                 	LD   R30,Z
                 	.ENDM
                 
                 	.MACRO __GETB1HSX
                 	MOVW R30,R28
                 	SUBI R30,LOW(-@0)
                 	SBCI R31,HIGH(-@0)
                 	LD   R31,Z
                 	.ENDM
                 
                 	.MACRO __GETW1SX
                 	MOVW R30,R28
                 	SUBI R30,LOW(-@0)
                 	SBCI R31,HIGH(-@0)
                 	LD   R0,Z+
                 	LD   R31,Z
                 	MOV  R30,R0
                 	.ENDM
                 
                 	.MACRO __GETD1SX
                 	MOVW R30,R28
                 	SUBI R30,LOW(-@0)
                 	SBCI R31,HIGH(-@0)
                 	LD   R0,Z+
                 	LD   R1,Z+
                 	LD   R22,Z+
                 	LD   R23,Z
                 	MOVW R30,R0
                 	.ENDM
                 
                 	.MACRO __GETB2SX
                 	MOVW R26,R28
                 	SUBI R26,LOW(-@0)
                 	SBCI R27,HIGH(-@0)
                 	LD   R26,X
                 	.ENDM
                 
                 	.MACRO __GETW2SX
                 	MOVW R26,R28
                 	SUBI R26,LOW(-@0)
                 	SBCI R27,HIGH(-@0)
                 	LD   R0,X+
                 	LD   R27,X
                 	MOV  R26,R0
                 	.ENDM
                 
                 	.MACRO __GETD2SX
                 	MOVW R26,R28
                 	SUBI R26,LOW(-@0)
                 	SBCI R27,HIGH(-@0)
                 	LD   R0,X+
                 	LD   R1,X+
                 	LD   R24,X+
                 	LD   R25,X
                 	MOVW R26,R0
                 	.ENDM
                 
                 	.MACRO __GETBRSX
                 	MOVW R30,R28
                 	SUBI R30,LOW(-@1)
                 	SBCI R31,HIGH(-@1)
                 	LD   R@0,Z
                 	.ENDM
                 
                 	.MACRO __GETWRSX
                 	MOVW R30,R28
                 	SUBI R30,LOW(-@2)
                 	SBCI R31,HIGH(-@2)
                 	LD   R@0,Z+
                 	LD   R@1,Z
                 	.ENDM
                 
                 	.MACRO __GETBRSX2
                 	MOVW R26,R28
                 	SUBI R26,LOW(-@1)
                 	SBCI R27,HIGH(-@1)
                 	LD   R@0,X
                 	.ENDM
                 
                 	.MACRO __GETWRSX2
                 	MOVW R26,R28
                 	SUBI R26,LOW(-@2)
                 	SBCI R27,HIGH(-@2)
                 	LD   R@0,X+
                 	LD   R@1,X
                 	.ENDM
                 
                 	.MACRO __LSLW8SX
                 	MOVW R30,R28
                 	SUBI R30,LOW(-@0)
                 	SBCI R31,HIGH(-@0)
                 	LD   R31,Z
                 	CLR  R30
                 	.ENDM
                 
                 	.MACRO __PUTB1SX
                 	MOVW R26,R28
                 	SUBI R26,LOW(-@0)
                 	SBCI R27,HIGH(-@0)
                 	ST   X,R30
                 	.ENDM
                 
                 	.MACRO __PUTW1SX
                 	MOVW R26,R28
                 	SUBI R26,LOW(-@0)
                 	SBCI R27,HIGH(-@0)
                 	ST   X+,R30
                 	ST   X,R31
                 	.ENDM
                 
                 	.MACRO __PUTD1SX
                 	MOVW R26,R28
                 	SUBI R26,LOW(-@0)
                 	SBCI R27,HIGH(-@0)
                 	ST   X+,R30
                 	ST   X+,R31
                 	ST   X+,R22
                 	ST   X,R23
                 	.ENDM
                 
                 	.MACRO __CLRW1SX
                 	MOVW R26,R28
                 	SUBI R26,LOW(-@0)
                 	SBCI R27,HIGH(-@0)
                 	ST   X+,R30
                 	ST   X,R30
                 	.ENDM
                 
                 	.MACRO __CLRD1SX
                 	MOVW R26,R28
                 	SUBI R26,LOW(-@0)
                 	SBCI R27,HIGH(-@0)
                 	ST   X+,R30
                 	ST   X+,R30
                 	ST   X+,R30
                 	ST   X,R30
                 	.ENDM
                 
                 	.MACRO __PUTB2SX
                 	MOVW R30,R28
                 	SUBI R30,LOW(-@0)
                 	SBCI R31,HIGH(-@0)
                 	ST   Z,R26
                 	.ENDM
                 
                 	.MACRO __PUTW2SX
                 	MOVW R30,R28
                 	SUBI R30,LOW(-@0)
                 	SBCI R31,HIGH(-@0)
                 	ST   Z+,R26
                 	ST   Z,R27
                 	.ENDM
                 
                 	.MACRO __PUTD2SX
                 	MOVW R30,R28
                 	SUBI R30,LOW(-@0)
                 	SBCI R31,HIGH(-@0)
                 	ST   Z+,R26
                 	ST   Z+,R27
                 	ST   Z+,R24
                 	ST   Z,R25
                 	.ENDM
                 
                 	.MACRO __PUTBSRX
                 	MOVW R30,R28
                 	SUBI R30,LOW(-@1)
                 	SBCI R31,HIGH(-@1)
                 	ST   Z,R@0
                 	.ENDM
                 
                 	.MACRO __PUTWSRX
                 	MOVW R30,R28
                 	SUBI R30,LOW(-@2)
                 	SBCI R31,HIGH(-@2)
                 	ST   Z+,R@0
                 	ST   Z,R@1
                 	.ENDM
                 
                 	.MACRO __PUTB1SNX
                 	MOVW R26,R28
                 	SUBI R26,LOW(-@0)
                 	SBCI R27,HIGH(-@0)
                 	LD   R0,X+
                 	LD   R27,X
                 	MOV  R26,R0
                 	SUBI R26,LOW(-@1)
                 	SBCI R27,HIGH(-@1)
                 	ST   X,R30
                 	.ENDM
                 
                 	.MACRO __PUTW1SNX
                 	MOVW R26,R28
                 	SUBI R26,LOW(-@0)
                 	SBCI R27,HIGH(-@0)
                 	LD   R0,X+
                 	LD   R27,X
                 	MOV  R26,R0
                 	SUBI R26,LOW(-@1)
                 	SBCI R27,HIGH(-@1)
                 	ST   X+,R30
                 	ST   X,R31
                 	.ENDM
                 
                 	.MACRO __PUTD1SNX
                 	MOVW R26,R28
                 	SUBI R26,LOW(-@0)
                 	SBCI R27,HIGH(-@0)
                 	LD   R0,X+
                 	LD   R27,X
                 	MOV  R26,R0
                 	SUBI R26,LOW(-@1)
                 	SBCI R27,HIGH(-@1)
                 	ST   X+,R30
                 	ST   X+,R31
                 	ST   X+,R22
                 	ST   X,R23
                 	.ENDM
                 
                 	.MACRO __MULBRR
                 	MULS R@0,R@1
                 	MOVW R30,R0
                 	.ENDM
                 
                 	.MACRO __MULBRRU
                 	MUL  R@0,R@1
                 	MOVW R30,R0
                 	.ENDM
                 
                 	.MACRO __MULBRR0
                 	MULS R@0,R@1
                 	.ENDM
                 
                 	.MACRO __MULBRRU0
                 	MUL  R@0,R@1
                 	.ENDM
                 
                 	.MACRO __MULBNWRU
                 	LDI  R26,@2
                 	MUL  R26,R@0
                 	MOVW R30,R0
                 	MUL  R26,R@1
                 	ADD  R31,R0
                 	.ENDM
                 
                 ;NAME DEFINITIONS FOR GLOBAL VARIABLES ALLOCATED TO REGISTERS
                 	.DEF __lcd_x=R5
                 	.DEF __lcd_y=R4
                 	.DEF __lcd_maxx=R7
                 
                 	.CSEG
                 	.ORG 0x00
                 
                 ;START OF CODE MARKER
                 __START_OF_CODE:
                 
                 ;INTERRUPT VECTORS
000000 940c 003b 	JMP  __RESET
000002 940c 0000 	JMP  0x00
000004 940c 0000 	JMP  0x00
000006 940c 0000 	JMP  0x00
000008 940c 0000 	JMP  0x00
00000a 940c 0000 	JMP  0x00
00000c 940c 0000 	JMP  0x00
00000e 940c 0000 	JMP  0x00
000010 940c 0000 	JMP  0x00
000012 940c 0000 	JMP  0x00
000014 940c 0000 	JMP  0x00
000016 940c 0000 	JMP  0x00
000018 940c 0000 	JMP  0x00
00001a 940c 0000 	JMP  0x00
00001c 940c 0000 	JMP  0x00
00001e 940c 0000 	JMP  0x00
000020 940c 0000 	JMP  0x00
000022 940c 0000 	JMP  0x00
000024 940c 0000 	JMP  0x00
000026 940c 0000 	JMP  0x00
000028 940c 0000 	JMP  0x00
                 
                 _tbl10_G100:
00002a 2710
00002b 03e8
00002c 0064
00002d 000a      	.DB  0x10,0x27,0xE8,0x3,0x64,0x0,0xA,0x0
00002e 0001      	.DB  0x1,0x0
                 _tbl16_G100:
00002f 1000
000030 0100
000031 0010
000032 0001      	.DB  0x0,0x10,0x0,0x1,0x10,0x0,0x1,0x0
                 
                 _0x0:
000033 3025
000034 6432
C:\Users\priso\OneDrive\Desktop\microcontroller\lcd_counter\Debug\List\lcd_counter.asm(1128): warning: .cseg .db misalignment - padding zero byte
000035 0000      	.DB  0x25,0x30,0x32,0x64,0x0
                 _0x2020003:
000036 c080      	.DB  0x80,0xC0
                 
                 __GLOBAL_INI_TBL:
000037 0002      	.DW  0x02
000038 0160      	.DW  __base_y_G101
000039 006c      	.DW  _0x2020003*2
                 
                 _0xFFFFFFFF:
00003a 0000      	.DW  0
                 
                 #define __GLOBAL_INI_TBL_PRESENT 1
                 
                 __RESET:
00003b 94f8      	CLI
00003c 27ee      	CLR  R30
00003d bbec      	OUT  EECR,R30
                 
                 ;INTERRUPT VECTORS ARE PLACED
                 ;AT THE START OF FLASH
00003e e0f1      	LDI  R31,1
00003f bffb      	OUT  GICR,R31
000040 bfeb      	OUT  GICR,R30
000041 bfe5      	OUT  MCUCR,R30
                 
                 ;CLEAR R2-R14
000042 e08d      	LDI  R24,(14-2)+1
000043 e0a2      	LDI  R26,2
000044 27bb      	CLR  R27
                 __CLEAR_REG:
000045 93ed      	ST   X+,R30
000046 958a      	DEC  R24
000047 f7e9      	BRNE __CLEAR_REG
                 
                 ;CLEAR SRAM
000048 e080      	LDI  R24,LOW(__CLEAR_SRAM_SIZE)
000049 e094      	LDI  R25,HIGH(__CLEAR_SRAM_SIZE)
00004a e6a0      	LDI  R26,__SRAM_START
                 __CLEAR_SRAM:
00004b 93ed      	ST   X+,R30
00004c 9701      	SBIW R24,1
00004d f7e9      	BRNE __CLEAR_SRAM
                 
                 ;GLOBAL VARIABLES INITIALIZATION
00004e e6ee      	LDI  R30,LOW(__GLOBAL_INI_TBL*2)
00004f e0f0      	LDI  R31,HIGH(__GLOBAL_INI_TBL*2)
                 __GLOBAL_INI_NEXT:
000050 9185      	LPM  R24,Z+
000051 9195      	LPM  R25,Z+
000052 9700      	SBIW R24,0
000053 f061      	BREQ __GLOBAL_INI_END
000054 91a5      	LPM  R26,Z+
000055 91b5      	LPM  R27,Z+
000056 9005      	LPM  R0,Z+
000057 9015      	LPM  R1,Z+
000058 01bf      	MOVW R22,R30
000059 01f0      	MOVW R30,R0
                 __GLOBAL_INI_LOOP:
00005a 9005      	LPM  R0,Z+
00005b 920d      	ST   X+,R0
00005c 9701      	SBIW R24,1
00005d f7e1      	BRNE __GLOBAL_INI_LOOP
00005e 01fb      	MOVW R30,R22
00005f cff0      	RJMP __GLOBAL_INI_NEXT
                 __GLOBAL_INI_END:
                 
                 ;HARDWARE STACK POINTER INITIALIZATION
000060 e5ef      	LDI  R30,LOW(__SRAM_END-__HEAP_SIZE)
000061 bfed      	OUT  SPL,R30
000062 e0e4      	LDI  R30,HIGH(__SRAM_END-__HEAP_SIZE)
000063 bfee      	OUT  SPH,R30
                 
                 ;DATA STACK POINTER INITIALIZATION
000064 e6c0      	LDI  R28,LOW(__SRAM_START+__DSTACK_SIZE)
000065 e0d1      	LDI  R29,HIGH(__SRAM_START+__DSTACK_SIZE)
                 
000066 940c 0068 	JMP  _main
                 
                 	.ESEG
                 	.ORG 0
                 
                 	.DSEG
                 	.ORG 0x160
                 
                 	.CSEG
                 ;/*******************************************************
                 ;This program was created by the
                 ;CodeWizardAVR V3.14 Advanced
                 ;Automatic Program Generator
                 ;© Copyright 1998-2014 Pavel Haiduc, HP InfoTech s.r.l.
                 ;http://www.hpinfotech.com
                 ;
                 ;Project :
                 ;Version :
                 ;Date    : 29/06/2024
                 ;Author  :
                 ;Company :
                 ;Comments:
                 ;
                 ;
                 ;Chip type               : ATmega16
                 ;Program type            : Application
                 ;AVR Core Clock frequency: 8.000000 MHz
                 ;Memory model            : Small
                 ;External RAM size       : 0
                 ;Data Stack size         : 256
                 ;*******************************************************/
                 ;
                 ;#include <mega16.h>
                 	#ifndef __SLEEP_DEFINED__
                 	#define __SLEEP_DEFINED__
                 	.EQU __se_bit=0x40
                 	.EQU __sm_mask=0xB0
                 	.EQU __sm_powerdown=0x20
                 	.EQU __sm_powersave=0x30
                 	.EQU __sm_standby=0xA0
                 	.EQU __sm_ext_standby=0xB0
                 	.EQU __sm_adc_noise_red=0x10
                 	.SET power_ctrl_reg=mcucr
                 	#endif
                 ;#include <stdio.h>
                 ;
                 ;// Alphanumeric LCD functions
                 ;#include <alcd.h>
                 ;
                 ;// Declare your global variables here
                 ;
                 ;void main(void)
                 ; 0000 0021 {
                 
                 	.CSEG
                 _main:
                 ; .FSTART _main
                 ; 0000 0022 // Declare your local variables here
                 ; 0000 0023 int number = 0;
                 ; 0000 0024 char str[16];
                 ; 0000 0025 // Input/Output Ports initialization
                 ; 0000 0026 // Port A initialization
                 ; 0000 0027 // Function: Bit7=In Bit6=In Bit5=In Bit4=In Bit3=In Bit2=In Bit1=In Bit0=In
                 ; 0000 0028 DDRA=(0<<DDA7) | (0<<DDA6) | (0<<DDA5) | (0<<DDA4) | (0<<DDA3) | (0<<DDA2) | (0<<DDA1) | (0<<DDA0);
000068 9760      	SBIW R28,16
                 ;	number -> R16,R17
                 ;	str -> Y+0
                +
000069 e000     +LDI R16 , LOW ( 0 )
00006a e010     +LDI R17 , HIGH ( 0 )
                 	__GETWRN 16,17,0
00006b e0e0      	LDI  R30,LOW(0)
00006c bbea      	OUT  0x1A,R30
                 ; 0000 0029 // State: Bit7=T Bit6=T Bit5=T Bit4=T Bit3=T Bit2=T Bit1=T Bit0=T
                 ; 0000 002A PORTA=(0<<PORTA7) | (0<<PORTA6) | (0<<PORTA5) | (0<<PORTA4) | (0<<PORTA3) | (0<<PORTA2) | (0<<PORTA1) | (0<<PORTA0);
00006d bbeb      	OUT  0x1B,R30
                 ; 0000 002B 
                 ; 0000 002C // Port B initialization
                 ; 0000 002D // Function: Bit7=In Bit6=In Bit5=In Bit4=In Bit3=In Bit2=In Bit1=In Bit0=In
                 ; 0000 002E DDRB=(0<<DDB7) | (0<<DDB6) | (0<<DDB5) | (0<<DDB4) | (0<<DDB3) | (0<<DDB2) | (0<<DDB1) | (0<<DDB0);
00006e bbe7      	OUT  0x17,R30
                 ; 0000 002F // State: Bit7=T Bit6=T Bit5=T Bit4=T Bit3=T Bit2=T Bit1=T Bit0=T
                 ; 0000 0030 PORTB=(0<<PORTB7) | (0<<PORTB6) | (0<<PORTB5) | (0<<PORTB4) | (0<<PORTB3) | (0<<PORTB2) | (0<<PORTB1) | (0<<PORTB0);
00006f bbe8      	OUT  0x18,R30
                 ; 0000 0031 
                 ; 0000 0032 // Port C initialization
                 ; 0000 0033 // Function: Bit7=In Bit6=In Bit5=In Bit4=In Bit3=In Bit2=In Bit1=In Bit0=In
                 ; 0000 0034 DDRC=(0<<DDC7) | (0<<DDC6) | (0<<DDC5) | (0<<DDC4) | (0<<DDC3) | (0<<DDC2) | (0<<DDC1) | (0<<DDC0);
000070 bbe4      	OUT  0x14,R30
                 ; 0000 0035 // State: Bit7=T Bit6=T Bit5=T Bit4=T Bit3=T Bit2=T Bit1=T Bit0=T
                 ; 0000 0036 PORTC=(0<<PORTC7) | (0<<PORTC6) | (0<<PORTC5) | (0<<PORTC4) | (0<<PORTC3) | (0<<PORTC2) | (0<<PORTC1) | (0<<PORTC0);
000071 bbe5      	OUT  0x15,R30
                 ; 0000 0037 
                 ; 0000 0038 // Port D initialization
                 ; 0000 0039 // Function: Bit7=In Bit6=In Bit5=In Bit4=In Bit3=In Bit2=In Bit1=In Bit0=In
                 ; 0000 003A DDRD=(0<<DDD7) | (0<<DDD6) | (0<<DDD5) | (0<<DDD4) | (0<<DDD3) | (0<<DDD2) | (0<<DDD1) | (0<<DDD0);
000072 bbe1      	OUT  0x11,R30
                 ; 0000 003B // State: Bit7=T Bit6=T Bit5=T Bit4=T Bit3=T Bit2=T Bit1=T Bit0=T
                 ; 0000 003C PORTD=(0<<PORTD7) | (0<<PORTD6) | (0<<PORTD5) | (0<<PORTD4) | (0<<PORTD3) | (0<<PORTD2) | (0<<PORTD1) | (0<<PORTD0);
000073 bbe2      	OUT  0x12,R30
                 ; 0000 003D 
                 ; 0000 003E // Timer/Counter 0 initialization
                 ; 0000 003F // Clock source: System Clock
                 ; 0000 0040 // Clock value: Timer 0 Stopped
                 ; 0000 0041 // Mode: Normal top=0xFF
                 ; 0000 0042 // OC0 output: Disconnected
                 ; 0000 0043 TCCR0=(0<<WGM00) | (0<<COM01) | (0<<COM00) | (0<<WGM01) | (0<<CS02) | (0<<CS01) | (0<<CS00);
000074 bfe3      	OUT  0x33,R30
                 ; 0000 0044 TCNT0=0x00;
000075 bfe2      	OUT  0x32,R30
                 ; 0000 0045 OCR0=0x00;
000076 bfec      	OUT  0x3C,R30
                 ; 0000 0046 
                 ; 0000 0047 // Timer/Counter 1 initialization
                 ; 0000 0048 // Clock source: System Clock
                 ; 0000 0049 // Clock value: Timer1 Stopped
                 ; 0000 004A // Mode: Normal top=0xFFFF
                 ; 0000 004B // OC1A output: Disconnected
                 ; 0000 004C // OC1B output: Disconnected
                 ; 0000 004D // Noise Canceler: Off
                 ; 0000 004E // Input Capture on Falling Edge
                 ; 0000 004F // Timer1 Overflow Interrupt: Off
                 ; 0000 0050 // Input Capture Interrupt: Off
                 ; 0000 0051 // Compare A Match Interrupt: Off
                 ; 0000 0052 // Compare B Match Interrupt: Off
                 ; 0000 0053 TCCR1A=(0<<COM1A1) | (0<<COM1A0) | (0<<COM1B1) | (0<<COM1B0) | (0<<WGM11) | (0<<WGM10);
000077 bdef      	OUT  0x2F,R30
                 ; 0000 0054 TCCR1B=(0<<ICNC1) | (0<<ICES1) | (0<<WGM13) | (0<<WGM12) | (0<<CS12) | (0<<CS11) | (0<<CS10);
000078 bdee      	OUT  0x2E,R30
                 ; 0000 0055 TCNT1H=0x00;
000079 bded      	OUT  0x2D,R30
                 ; 0000 0056 TCNT1L=0x00;
00007a bdec      	OUT  0x2C,R30
                 ; 0000 0057 ICR1H=0x00;
00007b bde7      	OUT  0x27,R30
                 ; 0000 0058 ICR1L=0x00;
00007c bde6      	OUT  0x26,R30
                 ; 0000 0059 OCR1AH=0x00;
00007d bdeb      	OUT  0x2B,R30
                 ; 0000 005A OCR1AL=0x00;
00007e bdea      	OUT  0x2A,R30
                 ; 0000 005B OCR1BH=0x00;
00007f bde9      	OUT  0x29,R30
                 ; 0000 005C OCR1BL=0x00;
000080 bde8      	OUT  0x28,R30
                 ; 0000 005D 
                 ; 0000 005E // Timer/Counter 2 initialization
                 ; 0000 005F // Clock source: System Clock
                 ; 0000 0060 // Clock value: Timer2 Stopped
                 ; 0000 0061 // Mode: Normal top=0xFF
                 ; 0000 0062 // OC2 output: Disconnected
                 ; 0000 0063 ASSR=0<<AS2;
000081 bde2      	OUT  0x22,R30
                 ; 0000 0064 TCCR2=(0<<PWM2) | (0<<COM21) | (0<<COM20) | (0<<CTC2) | (0<<CS22) | (0<<CS21) | (0<<CS20);
000082 bde5      	OUT  0x25,R30
                 ; 0000 0065 TCNT2=0x00;
000083 bde4      	OUT  0x24,R30
                 ; 0000 0066 OCR2=0x00;
000084 bde3      	OUT  0x23,R30
                 ; 0000 0067 
                 ; 0000 0068 // Timer(s)/Counter(s) Interrupt(s) initialization
                 ; 0000 0069 TIMSK=(0<<OCIE2) | (0<<TOIE2) | (0<<TICIE1) | (0<<OCIE1A) | (0<<OCIE1B) | (0<<TOIE1) | (0<<OCIE0) | (0<<TOIE0);
000085 bfe9      	OUT  0x39,R30
                 ; 0000 006A 
                 ; 0000 006B // External Interrupt(s) initialization
                 ; 0000 006C // INT0: Off
                 ; 0000 006D // INT1: Off
                 ; 0000 006E // INT2: Off
                 ; 0000 006F MCUCR=(0<<ISC11) | (0<<ISC10) | (0<<ISC01) | (0<<ISC00);
000086 bfe5      	OUT  0x35,R30
                 ; 0000 0070 MCUCSR=(0<<ISC2);
000087 bfe4      	OUT  0x34,R30
                 ; 0000 0071 
                 ; 0000 0072 // USART initialization
                 ; 0000 0073 // USART disabled
                 ; 0000 0074 UCSRB=(0<<RXCIE) | (0<<TXCIE) | (0<<UDRIE) | (0<<RXEN) | (0<<TXEN) | (0<<UCSZ2) | (0<<RXB8) | (0<<TXB8);
000088 b9ea      	OUT  0xA,R30
                 ; 0000 0075 
                 ; 0000 0076 // Analog Comparator initialization
                 ; 0000 0077 // Analog Comparator: Off
                 ; 0000 0078 // The Analog Comparator's positive input is
                 ; 0000 0079 // connected to the AIN0 pin
                 ; 0000 007A // The Analog Comparator's negative input is
                 ; 0000 007B // connected to the AIN1 pin
                 ; 0000 007C ACSR=(1<<ACD) | (0<<ACBG) | (0<<ACO) | (0<<ACI) | (0<<ACIE) | (0<<ACIC) | (0<<ACIS1) | (0<<ACIS0);
000089 e8e0      	LDI  R30,LOW(128)
00008a b9e8      	OUT  0x8,R30
                 ; 0000 007D SFIOR=(0<<ACME);
00008b e0e0      	LDI  R30,LOW(0)
00008c bfe0      	OUT  0x30,R30
                 ; 0000 007E 
                 ; 0000 007F // ADC initialization
                 ; 0000 0080 // ADC disabled
                 ; 0000 0081 ADCSRA=(0<<ADEN) | (0<<ADSC) | (0<<ADATE) | (0<<ADIF) | (0<<ADIE) | (0<<ADPS2) | (0<<ADPS1) | (0<<ADPS0);
00008d b9e6      	OUT  0x6,R30
                 ; 0000 0082 
                 ; 0000 0083 // SPI initialization
                 ; 0000 0084 // SPI disabled
                 ; 0000 0085 SPCR=(0<<SPIE) | (0<<SPE) | (0<<DORD) | (0<<MSTR) | (0<<CPOL) | (0<<CPHA) | (0<<SPR1) | (0<<SPR0);
00008e b9ed      	OUT  0xD,R30
                 ; 0000 0086 
                 ; 0000 0087 // TWI initialization
                 ; 0000 0088 // TWI disabled
                 ; 0000 0089 TWCR=(0<<TWEA) | (0<<TWSTA) | (0<<TWSTO) | (0<<TWEN) | (0<<TWIE);
00008f bfe6      	OUT  0x36,R30
                 ; 0000 008A 
                 ; 0000 008B // Alphanumeric LCD initialization
                 ; 0000 008C // Connections are specified in the
                 ; 0000 008D // Project|Configure|C Compiler|Libraries|Alphanumeric LCD menu:
                 ; 0000 008E // RS - PORTA Bit 0
                 ; 0000 008F // RD - PORTA Bit 1
                 ; 0000 0090 // EN - PORTA Bit 2
                 ; 0000 0091 // D4 - PORTA Bit 4
                 ; 0000 0092 // D5 - PORTA Bit 5
                 ; 0000 0093 // D6 - PORTA Bit 6
                 ; 0000 0094 // D7 - PORTA Bit 7
                 ; 0000 0095 // Characters/line: 16
                 ; 0000 0096 lcd_init(16);
000090 e1a0      	LDI  R26,LOW(16)
000091 940e 02ae 	CALL _lcd_init
                 ; 0000 0097 
                 ; 0000 0098 lcd_gotoxy(6,0);
000093 940e 02f5 	CALL SUBOPT_0x0
                 ; 0000 0099       sprintf(str,"%02d",number);
                 ; 0000 009A       lcd_puts(str);
                 ; 0000 009B while (1)
                 _0x3:
                 ; 0000 009C       {
                 ; 0000 009D       if(PINC.0 == 1){
000095 9b98      	SBIS 0x13,0
000096 c006      	RJMP _0x6
                 ; 0000 009E       ++number;
                +
000097 5f0f     +SUBI R16 , LOW ( - 1 )
000098 4f1f     +SBCI R17 , HIGH ( - 1 )
                 	__ADDWRN 16,17,1
                 ; 0000 009F       lcd_gotoxy(6,0);
000099 940e 02f5 	CALL SUBOPT_0x0
                 ; 0000 00A0       sprintf(str,"%02d",number);
                 ; 0000 00A1       lcd_puts(str);
                 ; 0000 00A2       while(PINC.0 == 1){};
                 _0x7:
00009b 9998      	SBIC 0x13,0
00009c cffe      	RJMP _0x7
                 ; 0000 00A3       }
                 ; 0000 00A4       if(PINC.1 == 1){
                 _0x6:
00009d 9b99      	SBIS 0x13,1
00009e c006      	RJMP _0xA
                 ; 0000 00A5       --number;
                +
00009f 5001     +SUBI R16 , LOW ( 1 )
0000a0 4010     +SBCI R17 , HIGH ( 1 )
                 	__SUBWRN 16,17,1
                 ; 0000 00A6       lcd_gotoxy(6,0);
0000a1 940e 02f5 	CALL SUBOPT_0x0
                 ; 0000 00A7       sprintf(str,"%02d",number);
                 ; 0000 00A8       lcd_puts(str);
                 ; 0000 00A9       while(PINC.1 == 1){};
                 _0xB:
0000a3 9999      	SBIC 0x13,1
0000a4 cffe      	RJMP _0xB
                 ; 0000 00AA       }
                 ; 0000 00AB 
                 ; 0000 00AC 
                 ; 0000 00AD 
                 ; 0000 00AE       }
                 _0xA:
0000a5 cfef      	RJMP _0x3
                 ; 0000 00AF }
                 _0xE:
0000a6 cfff      	RJMP _0xE
                 ; .FEND
                 	#ifndef __SLEEP_DEFINED__
                 	#endif
                 
                 	.CSEG
                 _put_buff_G100:
                 ; .FSTART _put_buff_G100
0000a7 93ba      	ST   -Y,R27
0000a8 93aa      	ST   -Y,R26
0000a9 931a      	ST   -Y,R17
0000aa 930a      	ST   -Y,R16
0000ab 81aa      	LDD  R26,Y+2
0000ac 81bb      	LDD  R27,Y+2+1
0000ad 9612      	ADIW R26,2
0000ae 940e 035e 	CALL __GETW1P
0000b0 9730      	SBIW R30,0
0000b1 f159      	BREQ _0x2000010
0000b2 81aa      	LDD  R26,Y+2
0000b3 81bb      	LDD  R27,Y+2+1
0000b4 9614      	ADIW R26,4
0000b5 940e 035e 	CALL __GETW1P
0000b7 018f      	MOVW R16,R30
0000b8 9730      	SBIW R30,0
0000b9 f061      	BREQ _0x2000012
                +
0000ba 3002     +CPI R16 , LOW ( 2 )
0000bb e0e0     +LDI R30 , HIGH ( 2 )
0000bc 071e     +CPC R17 , R30
                 	__CPWRN 16,17,2
0000bd f098      	BRLO _0x2000013
0000be 01f8      	MOVW R30,R16
0000bf 9731      	SBIW R30,1
0000c0 018f      	MOVW R16,R30
                +
0000c1 81aa     +LDD R26 , Y + 2
0000c2 81bb     +LDD R27 , Y + 2 + 1
0000c3 9614     +ADIW R26 , 4
0000c4 93ed     +ST X + , R30
0000c5 93fc     +ST X , R31
                 	__PUTW1SNS 2,4
                 _0x2000012:
0000c6 81aa      	LDD  R26,Y+2
0000c7 81bb      	LDD  R27,Y+2+1
0000c8 9612      	ADIW R26,2
0000c9 91ed      	LD   R30,X+
0000ca 91fd      	LD   R31,X+
0000cb 9631      	ADIW R30,1
0000cc 93fe      	ST   -X,R31
0000cd 93ee      	ST   -X,R30
0000ce 9731      	SBIW R30,1
0000cf 81ac      	LDD  R26,Y+4
0000d0 83a0      	STD  Z+0,R26
                 _0x2000013:
0000d1 81aa      	LDD  R26,Y+2
0000d2 81bb      	LDD  R27,Y+2+1
0000d3 940e 035e 	CALL __GETW1P
0000d5 23ff      	TST  R31
0000d6 f02a      	BRMI _0x2000014
0000d7 91ed      	LD   R30,X+
0000d8 91fd      	LD   R31,X+
0000d9 9631      	ADIW R30,1
0000da 93fe      	ST   -X,R31
0000db 93ee      	ST   -X,R30
                 _0x2000014:
0000dc c006      	RJMP _0x2000015
                 _0x2000010:
0000dd 81aa      	LDD  R26,Y+2
0000de 81bb      	LDD  R27,Y+2+1
0000df efef      	LDI  R30,LOW(65535)
0000e0 efff      	LDI  R31,HIGH(65535)
0000e1 93ed      	ST   X+,R30
0000e2 93fc      	ST   X,R31
                 _0x2000015:
0000e3 8119      	LDD  R17,Y+1
0000e4 8108      	LDD  R16,Y+0
0000e5 9625      	ADIW R28,5
0000e6 9508      	RET
                 ; .FEND
                 __print_G100:
                 ; .FSTART __print_G100
0000e7 93ba      	ST   -Y,R27
0000e8 93aa      	ST   -Y,R26
0000e9 9726      	SBIW R28,6
0000ea 940e 036b 	CALL __SAVELOCR6
0000ec e010      	LDI  R17,0
0000ed 85ac      	LDD  R26,Y+12
0000ee 85bd      	LDD  R27,Y+12+1
0000ef e0e0      	LDI  R30,LOW(0)
0000f0 e0f0      	LDI  R31,HIGH(0)
0000f1 93ed      	ST   X+,R30
0000f2 93fc      	ST   X,R31
                 _0x2000016:
0000f3 89ea      	LDD  R30,Y+18
0000f4 89fb      	LDD  R31,Y+18+1
0000f5 9631      	ADIW R30,1
0000f6 8bea      	STD  Y+18,R30
0000f7 8bfb      	STD  Y+18+1,R31
0000f8 9731      	SBIW R30,1
0000f9 91e4      	LPM  R30,Z
0000fa 2f2e      	MOV  R18,R30
0000fb 30e0      	CPI  R30,0
0000fc f409      	BRNE PC+2
0000fd c115      	RJMP _0x2000018
0000fe 2fe1      	MOV  R30,R17
0000ff 30e0      	CPI  R30,0
000100 f439      	BRNE _0x200001C
000101 3225      	CPI  R18,37
000102 f411      	BRNE _0x200001D
000103 e011      	LDI  R17,LOW(1)
000104 c002      	RJMP _0x200001E
                 _0x200001D:
000105 940e 030d 	CALL SUBOPT_0x1
                 _0x200001E:
000107 c10a      	RJMP _0x200001B
                 _0x200001C:
000108 30e1      	CPI  R30,LOW(0x1)
000109 f4a9      	BRNE _0x200001F
00010a 3225      	CPI  R18,37
00010b f419      	BRNE _0x2000020
00010c 940e 030d 	CALL SUBOPT_0x1
00010e c102      	RJMP _0x20000CC
                 _0x2000020:
00010f e012      	LDI  R17,LOW(2)
000110 e040      	LDI  R20,LOW(0)
000111 e000      	LDI  R16,LOW(0)
000112 322d      	CPI  R18,45
000113 f411      	BRNE _0x2000021
000114 e001      	LDI  R16,LOW(1)
000115 c0fc      	RJMP _0x200001B
                 _0x2000021:
000116 322b      	CPI  R18,43
000117 f411      	BRNE _0x2000022
000118 e24b      	LDI  R20,LOW(43)
000119 c0f8      	RJMP _0x200001B
                 _0x2000022:
00011a 3220      	CPI  R18,32
00011b f411      	BRNE _0x2000023
00011c e240      	LDI  R20,LOW(32)
00011d c0f4      	RJMP _0x200001B
                 _0x2000023:
00011e c002      	RJMP _0x2000024
                 _0x200001F:
00011f 30e2      	CPI  R30,LOW(0x2)
000120 f439      	BRNE _0x2000025
                 _0x2000024:
000121 e050      	LDI  R21,LOW(0)
000122 e013      	LDI  R17,LOW(3)
000123 3320      	CPI  R18,48
000124 f411      	BRNE _0x2000026
000125 6800      	ORI  R16,LOW(128)
000126 c0eb      	RJMP _0x200001B
                 _0x2000026:
000127 c003      	RJMP _0x2000027
                 _0x2000025:
000128 30e3      	CPI  R30,LOW(0x3)
000129 f009      	BREQ PC+2
00012a c0e7      	RJMP _0x200001B
                 _0x2000027:
00012b 3320      	CPI  R18,48
00012c f010      	BRLO _0x200002A
00012d 332a      	CPI  R18,58
00012e f008      	BRLO _0x200002B
                 _0x200002A:
00012f c007      	RJMP _0x2000029
                 _0x200002B:
000130 e0aa      	LDI  R26,LOW(10)
000131 9f5a      	MUL  R21,R26
000132 2d50      	MOV  R21,R0
000133 2fe2      	MOV  R30,R18
000134 53e0      	SUBI R30,LOW(48)
000135 0f5e      	ADD  R21,R30
000136 c0db      	RJMP _0x200001B
                 _0x2000029:
000137 2fe2      	MOV  R30,R18
000138 36e3      	CPI  R30,LOW(0x63)
000139 f449      	BRNE _0x200002F
00013a 940e 0314 	CALL SUBOPT_0x2
00013c 89e8      	LDD  R30,Y+16
00013d 89f9      	LDD  R31,Y+16+1
00013e 81a4      	LDD  R26,Z+4
00013f 93aa      	ST   -Y,R26
000140 940e 031a 	CALL SUBOPT_0x3
000142 c0ce      	RJMP _0x2000030
                 _0x200002F:
000143 37e3      	CPI  R30,LOW(0x73)
000144 f441      	BRNE _0x2000032
000145 940e 0314 	CALL SUBOPT_0x2
000147 940e 0320 	CALL SUBOPT_0x4
000149 940e 02dc 	CALL _strlen
00014b 2f1e      	MOV  R17,R30
00014c c00a      	RJMP _0x2000033
                 _0x2000032:
00014d 37e0      	CPI  R30,LOW(0x70)
00014e f461      	BRNE _0x2000035
00014f 940e 0314 	CALL SUBOPT_0x2
000151 940e 0320 	CALL SUBOPT_0x4
000153 940e 02e8 	CALL _strlenf
000155 2f1e      	MOV  R17,R30
000156 6008      	ORI  R16,LOW(8)
                 _0x2000033:
000157 6002      	ORI  R16,LOW(2)
000158 770f      	ANDI R16,LOW(127)
000159 e030      	LDI  R19,LOW(0)
00015a c034      	RJMP _0x2000036
                 _0x2000035:
00015b 36e4      	CPI  R30,LOW(0x64)
00015c f011      	BREQ _0x2000039
00015d 36e9      	CPI  R30,LOW(0x69)
00015e f411      	BRNE _0x200003A
                 _0x2000039:
00015f 6004      	ORI  R16,LOW(4)
000160 c002      	RJMP _0x200003B
                 _0x200003A:
000161 37e5      	CPI  R30,LOW(0x75)
000162 f431      	BRNE _0x200003C
                 _0x200003B:
000163 e5e4      	LDI  R30,LOW(_tbl10_G100*2)
000164 e0f0      	LDI  R31,HIGH(_tbl10_G100*2)
000165 83ee      	STD  Y+6,R30
000166 83ff      	STD  Y+6+1,R31
000167 e015      	LDI  R17,LOW(5)
000168 c00c      	RJMP _0x200003D
                 _0x200003C:
000169 35e8      	CPI  R30,LOW(0x58)
00016a f411      	BRNE _0x200003F
00016b 6008      	ORI  R16,LOW(8)
00016c c003      	RJMP _0x2000040
                 _0x200003F:
00016d 37e8      	CPI  R30,LOW(0x78)
00016e f009      	BREQ PC+2
00016f c0a1      	RJMP _0x2000071
                 _0x2000040:
000170 e5ee      	LDI  R30,LOW(_tbl16_G100*2)
000171 e0f0      	LDI  R31,HIGH(_tbl16_G100*2)
000172 83ee      	STD  Y+6,R30
000173 83ff      	STD  Y+6+1,R31
000174 e014      	LDI  R17,LOW(4)
                 _0x200003D:
000175 ff02      	SBRS R16,2
000176 c014      	RJMP _0x2000042
000177 940e 0314 	CALL SUBOPT_0x2
000179 940e 032a 	CALL SUBOPT_0x5
00017b 85ab      	LDD  R26,Y+11
00017c 23aa      	TST  R26
00017d f43a      	BRPL _0x2000043
00017e 85ea      	LDD  R30,Y+10
00017f 85fb      	LDD  R31,Y+10+1
000180 940e 0355 	CALL __ANEGW1
000182 87ea      	STD  Y+10,R30
000183 87fb      	STD  Y+10+1,R31
000184 e24d      	LDI  R20,LOW(45)
                 _0x2000043:
000185 3040      	CPI  R20,0
000186 f011      	BREQ _0x2000044
000187 5f1f      	SUBI R17,-LOW(1)
000188 c001      	RJMP _0x2000045
                 _0x2000044:
000189 7f0b      	ANDI R16,LOW(251)
                 _0x2000045:
00018a c004      	RJMP _0x2000046
                 _0x2000042:
00018b 940e 0314 	CALL SUBOPT_0x2
00018d 940e 032a 	CALL SUBOPT_0x5
                 _0x2000046:
                 _0x2000036:
00018f fd00      	SBRC R16,0
000190 c011      	RJMP _0x2000047
                 _0x2000048:
000191 1715      	CP   R17,R21
000192 f478      	BRSH _0x200004A
000193 ff07      	SBRS R16,7
000194 c008      	RJMP _0x200004B
000195 ff02      	SBRS R16,2
000196 c004      	RJMP _0x200004C
000197 7f0b      	ANDI R16,LOW(251)
000198 2f24      	MOV  R18,R20
000199 5011      	SUBI R17,LOW(1)
00019a c001      	RJMP _0x200004D
                 _0x200004C:
00019b e320      	LDI  R18,LOW(48)
                 _0x200004D:
00019c c001      	RJMP _0x200004E
                 _0x200004B:
00019d e220      	LDI  R18,LOW(32)
                 _0x200004E:
00019e 940e 030d 	CALL SUBOPT_0x1
0001a0 5051      	SUBI R21,LOW(1)
0001a1 cfef      	RJMP _0x2000048
                 _0x200004A:
                 _0x2000047:
0001a2 2f31      	MOV  R19,R17
0001a3 ff01      	SBRS R16,1
0001a4 c017      	RJMP _0x200004F
                 _0x2000050:
0001a5 3030      	CPI  R19,0
0001a6 f0a1      	BREQ _0x2000052
0001a7 ff03      	SBRS R16,3
0001a8 c006      	RJMP _0x2000053
0001a9 81ee      	LDD  R30,Y+6
0001aa 81ff      	LDD  R31,Y+6+1
0001ab 9125      	LPM  R18,Z+
0001ac 83ee      	STD  Y+6,R30
0001ad 83ff      	STD  Y+6+1,R31
0001ae c005      	RJMP _0x2000054
                 _0x2000053:
0001af 81ae      	LDD  R26,Y+6
0001b0 81bf      	LDD  R27,Y+6+1
0001b1 912d      	LD   R18,X+
0001b2 83ae      	STD  Y+6,R26
0001b3 83bf      	STD  Y+6+1,R27
                 _0x2000054:
0001b4 940e 030d 	CALL SUBOPT_0x1
0001b6 3050      	CPI  R21,0
0001b7 f009      	BREQ _0x2000055
0001b8 5051      	SUBI R21,LOW(1)
                 _0x2000055:
0001b9 5031      	SUBI R19,LOW(1)
0001ba cfea      	RJMP _0x2000050
                 _0x2000052:
0001bb c04b      	RJMP _0x2000056
                 _0x200004F:
                 _0x2000058:
0001bc e320      	LDI  R18,LOW(48)
0001bd 81ee      	LDD  R30,Y+6
0001be 81ff      	LDD  R31,Y+6+1
0001bf 940e 0362 	CALL __GETW1PF
0001c1 87e8      	STD  Y+8,R30
0001c2 87f9      	STD  Y+8+1,R31
0001c3 81ee      	LDD  R30,Y+6
0001c4 81ff      	LDD  R31,Y+6+1
0001c5 9632      	ADIW R30,2
0001c6 83ee      	STD  Y+6,R30
0001c7 83ff      	STD  Y+6+1,R31
                 _0x200005A:
0001c8 85e8      	LDD  R30,Y+8
0001c9 85f9      	LDD  R31,Y+8+1
0001ca 85aa      	LDD  R26,Y+10
0001cb 85bb      	LDD  R27,Y+10+1
0001cc 17ae      	CP   R26,R30
0001cd 07bf      	CPC  R27,R31
0001ce f050      	BRLO _0x200005C
0001cf 5f2f      	SUBI R18,-LOW(1)
0001d0 85a8      	LDD  R26,Y+8
0001d1 85b9      	LDD  R27,Y+8+1
0001d2 85ea      	LDD  R30,Y+10
0001d3 85fb      	LDD  R31,Y+10+1
0001d4 1bea      	SUB  R30,R26
0001d5 0bfb      	SBC  R31,R27
0001d6 87ea      	STD  Y+10,R30
0001d7 87fb      	STD  Y+10+1,R31
0001d8 cfef      	RJMP _0x200005A
                 _0x200005C:
0001d9 332a      	CPI  R18,58
0001da f028      	BRLO _0x200005D
0001db ff03      	SBRS R16,3
0001dc c002      	RJMP _0x200005E
0001dd 5f29      	SUBI R18,-LOW(7)
0001de c001      	RJMP _0x200005F
                 _0x200005E:
0001df 5d29      	SUBI R18,-LOW(39)
                 _0x200005F:
                 _0x200005D:
0001e0 fd04      	SBRC R16,4
0001e1 c01a      	RJMP _0x2000061
0001e2 3321      	CPI  R18,49
0001e3 f420      	BRSH _0x2000063
0001e4 85a8      	LDD  R26,Y+8
0001e5 85b9      	LDD  R27,Y+8+1
0001e6 9711      	SBIW R26,1
0001e7 f409      	BRNE _0x2000062
                 _0x2000063:
0001e8 c009      	RJMP _0x20000CD
                 _0x2000062:
0001e9 1753      	CP   R21,R19
0001ea f010      	BRLO _0x2000067
0001eb ff00      	SBRS R16,0
0001ec c001      	RJMP _0x2000068
                 _0x2000067:
0001ed c013      	RJMP _0x2000066
                 _0x2000068:
0001ee e220      	LDI  R18,LOW(32)
0001ef ff07      	SBRS R16,7
0001f0 c00b      	RJMP _0x2000069
0001f1 e320      	LDI  R18,LOW(48)
                 _0x20000CD:
0001f2 6100      	ORI  R16,LOW(16)
0001f3 ff02      	SBRS R16,2
0001f4 c007      	RJMP _0x200006A
0001f5 7f0b      	ANDI R16,LOW(251)
0001f6 934a      	ST   -Y,R20
0001f7 940e 031a 	CALL SUBOPT_0x3
0001f9 3050      	CPI  R21,0
0001fa f009      	BREQ _0x200006B
0001fb 5051      	SUBI R21,LOW(1)
                 _0x200006B:
                 _0x200006A:
                 _0x2000069:
                 _0x2000061:
0001fc 940e 030d 	CALL SUBOPT_0x1
0001fe 3050      	CPI  R21,0
0001ff f009      	BREQ _0x200006C
000200 5051      	SUBI R21,LOW(1)
                 _0x200006C:
                 _0x2000066:
000201 5031      	SUBI R19,LOW(1)
000202 85a8      	LDD  R26,Y+8
000203 85b9      	LDD  R27,Y+8+1
000204 9712      	SBIW R26,2
000205 f008      	BRLO _0x2000059
000206 cfb5      	RJMP _0x2000058
                 _0x2000059:
                 _0x2000056:
000207 ff00      	SBRS R16,0
000208 c008      	RJMP _0x200006D
                 _0x200006E:
000209 3050      	CPI  R21,0
00020a f031      	BREQ _0x2000070
00020b 5051      	SUBI R21,LOW(1)
00020c e2e0      	LDI  R30,LOW(32)
00020d 93ea      	ST   -Y,R30
00020e 940e 031a 	CALL SUBOPT_0x3
000210 cff8      	RJMP _0x200006E
                 _0x2000070:
                 _0x200006D:
                 _0x2000071:
                 _0x2000030:
                 _0x20000CC:
000211 e010      	LDI  R17,LOW(0)
                 _0x200001B:
000212 cee0      	RJMP _0x2000016
                 _0x2000018:
000213 85ac      	LDD  R26,Y+12
000214 85bd      	LDD  R27,Y+12+1
000215 940e 035e 	CALL __GETW1P
000217 940e 0372 	CALL __LOADLOCR6
000219 9664      	ADIW R28,20
00021a 9508      	RET
                 ; .FEND
                 _sprintf:
                 ; .FSTART _sprintf
00021b 92ff      	PUSH R15
00021c 2ef8      	MOV  R15,R24
00021d 9726      	SBIW R28,6
00021e 940e 036d 	CALL __SAVELOCR4
000220 940e 0332 	CALL SUBOPT_0x6
000222 9730      	SBIW R30,0
000223 f419      	BRNE _0x2000072
000224 efef      	LDI  R30,LOW(65535)
000225 efff      	LDI  R31,HIGH(65535)
000226 c023      	RJMP _0x2080002
                 _0x2000072:
000227 01de      	MOVW R26,R28
000228 9616      	ADIW R26,6
000229 940e 0351 	CALL __ADDW2R15
00022b 018d      	MOVW R16,R26
00022c 940e 0332 	CALL SUBOPT_0x6
00022e 83ee      	STD  Y+6,R30
00022f 83ff      	STD  Y+6+1,R31
000230 e0e0      	LDI  R30,LOW(0)
000231 87e8      	STD  Y+8,R30
000232 87e9      	STD  Y+8+1,R30
000233 01de      	MOVW R26,R28
000234 961a      	ADIW R26,10
000235 940e 0351 	CALL __ADDW2R15
000237 940e 035e 	CALL __GETW1P
000239 93fa      	ST   -Y,R31
00023a 93ea      	ST   -Y,R30
00023b 931a      	ST   -Y,R17
00023c 930a      	ST   -Y,R16
00023d eae7      	LDI  R30,LOW(_put_buff_G100)
00023e e0f0      	LDI  R31,HIGH(_put_buff_G100)
00023f 93fa      	ST   -Y,R31
000240 93ea      	ST   -Y,R30
000241 01de      	MOVW R26,R28
000242 961a      	ADIW R26,10
000243 dea3      	RCALL __print_G100
000244 019f      	MOVW R18,R30
000245 81ae      	LDD  R26,Y+6
000246 81bf      	LDD  R27,Y+6+1
000247 e0e0      	LDI  R30,LOW(0)
000248 93ec      	ST   X,R30
000249 01f9      	MOVW R30,R18
                 _0x2080002:
00024a 940e 0374 	CALL __LOADLOCR4
00024c 962a      	ADIW R28,10
00024d 90ff      	POP  R15
00024e 9508      	RET
                 ; .FEND
                 	#ifndef __SLEEP_DEFINED__
                 	#endif
                 
                 	.DSEG
                 
                 	.CSEG
                 __lcd_write_nibble_G101:
                 ; .FSTART __lcd_write_nibble_G101
00024f 93aa      	ST   -Y,R26
000250 b3eb      	IN   R30,0x1B
000251 70ef      	ANDI R30,LOW(0xF)
000252 2fae      	MOV  R26,R30
000253 81e8      	LD   R30,Y
000254 7fe0      	ANDI R30,LOW(0xF0)
000255 2bea      	OR   R30,R26
000256 bbeb      	OUT  0x1B,R30
                +
000257 e08d     +LDI R24 , LOW ( 13 )
                +__DELAY_USB_LOOP :
000258 958a     +DEC R24
000259 f7f1     +BRNE __DELAY_USB_LOOP
                 	__DELAY_USB 13
00025a 9ada      	SBI  0x1B,2
                +
00025b e08d     +LDI R24 , LOW ( 13 )
                +__DELAY_USB_LOOP :
00025c 958a     +DEC R24
00025d f7f1     +BRNE __DELAY_USB_LOOP
                 	__DELAY_USB 13
00025e 98da      	CBI  0x1B,2
                +
00025f e08d     +LDI R24 , LOW ( 13 )
                +__DELAY_USB_LOOP :
000260 958a     +DEC R24
000261 f7f1     +BRNE __DELAY_USB_LOOP
                 	__DELAY_USB 13
000262 c077      	RJMP _0x2080001
                 ; .FEND
                 __lcd_write_data:
                 ; .FSTART __lcd_write_data
000263 93aa      	ST   -Y,R26
000264 81a8      	LD   R26,Y
000265 dfe9      	RCALL __lcd_write_nibble_G101
000266 81e8          ld    r30,y
000267 95e2          swap  r30
000268 83e8          st    y,r30
000269 81a8      	LD   R26,Y
00026a dfe4      	RCALL __lcd_write_nibble_G101
                +
00026b e885     +LDI R24 , LOW ( 133 )
                +__DELAY_USB_LOOP :
00026c 958a     +DEC R24
00026d f7f1     +BRNE __DELAY_USB_LOOP
                 	__DELAY_USB 133
00026e c06b      	RJMP _0x2080001
                 ; .FEND
                 _lcd_gotoxy:
                 ; .FSTART _lcd_gotoxy
00026f 93aa      	ST   -Y,R26
000270 81e8      	LD   R30,Y
000271 e0f0      	LDI  R31,0
000272 5ae0      	SUBI R30,LOW(-__base_y_G101)
000273 4ffe      	SBCI R31,HIGH(-__base_y_G101)
000274 81e0      	LD   R30,Z
000275 81a9      	LDD  R26,Y+1
000276 0fae      	ADD  R26,R30
000277 dfeb      	RCALL __lcd_write_data
000278 8059      	LDD  R5,Y+1
000279 8048      	LDD  R4,Y+0
00027a 9622      	ADIW R28,2
00027b 9508      	RET
                 ; .FEND
                 _lcd_clear:
                 ; .FSTART _lcd_clear
00027c e0a2      	LDI  R26,LOW(2)
00027d 940e 0339 	CALL SUBOPT_0x7
00027f e0ac      	LDI  R26,LOW(12)
000280 dfe2      	RCALL __lcd_write_data
000281 e0a1      	LDI  R26,LOW(1)
000282 940e 0339 	CALL SUBOPT_0x7
000284 e0e0      	LDI  R30,LOW(0)
000285 2e4e      	MOV  R4,R30
000286 2e5e      	MOV  R5,R30
000287 9508      	RET
                 ; .FEND
                 _lcd_putchar:
                 ; .FSTART _lcd_putchar
000288 93aa      	ST   -Y,R26
000289 81a8      	LD   R26,Y
00028a 30aa      	CPI  R26,LOW(0xA)
00028b f011      	BREQ _0x2020005
00028c 1457      	CP   R5,R7
00028d f048      	BRLO _0x2020004
                 _0x2020005:
00028e e0e0      	LDI  R30,LOW(0)
00028f 93ea      	ST   -Y,R30
000290 9443      	INC  R4
000291 2da4      	MOV  R26,R4
000292 dfdc      	RCALL _lcd_gotoxy
000293 81a8      	LD   R26,Y
000294 30aa      	CPI  R26,LOW(0xA)
000295 f409      	BRNE _0x2020007
000296 c043      	RJMP _0x2080001
                 _0x2020007:
                 _0x2020004:
000297 9453      	INC  R5
000298 9ad8      	SBI  0x1B,0
000299 81a8      	LD   R26,Y
00029a dfc8      	RCALL __lcd_write_data
00029b 98d8      	CBI  0x1B,0
00029c c03d      	RJMP _0x2080001
                 ; .FEND
                 _lcd_puts:
                 ; .FSTART _lcd_puts
00029d 93ba      	ST   -Y,R27
00029e 93aa      	ST   -Y,R26
00029f 931a      	ST   -Y,R17
                 _0x2020008:
0002a0 81a9      	LDD  R26,Y+1
0002a1 81ba      	LDD  R27,Y+1+1
0002a2 91ed      	LD   R30,X+
0002a3 83a9      	STD  Y+1,R26
0002a4 83ba      	STD  Y+1+1,R27
0002a5 2f1e      	MOV  R17,R30
0002a6 30e0      	CPI  R30,0
0002a7 f019      	BREQ _0x202000A
0002a8 2fa1      	MOV  R26,R17
0002a9 dfde      	RCALL _lcd_putchar
0002aa cff5      	RJMP _0x2020008
                 _0x202000A:
0002ab 8118      	LDD  R17,Y+0
0002ac 9623      	ADIW R28,3
0002ad 9508      	RET
                 ; .FEND
                 _lcd_init:
                 ; .FSTART _lcd_init
0002ae 93aa      	ST   -Y,R26
0002af b3ea      	IN   R30,0x1A
0002b0 6fe0      	ORI  R30,LOW(0xF0)
0002b1 bbea      	OUT  0x1A,R30
0002b2 9ad2      	SBI  0x1A,2
0002b3 9ad0      	SBI  0x1A,0
0002b4 9ad1      	SBI  0x1A,1
0002b5 98da      	CBI  0x1B,2
0002b6 98d8      	CBI  0x1B,0
0002b7 98d9      	CBI  0x1B,1
0002b8 8078      	LDD  R7,Y+0
0002b9 81e8      	LD   R30,Y
0002ba 58e0      	SUBI R30,-LOW(128)
                +
0002bb 93e0 0162+STS __base_y_G101 + ( 2 ) , R30
                 	__PUTB1MN __base_y_G101,2
0002bd 81e8      	LD   R30,Y
0002be 54e0      	SUBI R30,-LOW(192)
                +
0002bf 93e0 0163+STS __base_y_G101 + ( 3 ) , R30
                 	__PUTB1MN __base_y_G101,3
0002c1 e1a4      	LDI  R26,LOW(20)
0002c2 e0b0      	LDI  R27,0
0002c3 940e 0347 	CALL _delay_ms
0002c5 940e 033f 	CALL SUBOPT_0x8
0002c7 940e 033f 	CALL SUBOPT_0x8
0002c9 940e 033f 	CALL SUBOPT_0x8
0002cb e2a0      	LDI  R26,LOW(32)
0002cc df82      	RCALL __lcd_write_nibble_G101
                +
0002cd ec88     +LDI R24 , LOW ( 200 )
0002ce e090     +LDI R25 , HIGH ( 200 )
                +__DELAY_USW_LOOP :
0002cf 9701     +SBIW R24 , 1
0002d0 f7f1     +BRNE __DELAY_USW_LOOP
                 	__DELAY_USW 200
0002d1 e2a8      	LDI  R26,LOW(40)
0002d2 df90      	RCALL __lcd_write_data
0002d3 e0a4      	LDI  R26,LOW(4)
0002d4 df8e      	RCALL __lcd_write_data
0002d5 e8a5      	LDI  R26,LOW(133)
0002d6 df8c      	RCALL __lcd_write_data
0002d7 e0a6      	LDI  R26,LOW(6)
0002d8 df8a      	RCALL __lcd_write_data
0002d9 dfa2      	RCALL _lcd_clear
                 _0x2080001:
0002da 9621      	ADIW R28,1
0002db 9508      	RET
                 ; .FEND
                 
                 	.CSEG
                 
                 	.CSEG
                 _strlen:
                 ; .FSTART _strlen
0002dc 93ba      	ST   -Y,R27
0002dd 93aa      	ST   -Y,R26
0002de 91a9          ld   r26,y+
0002df 91b9          ld   r27,y+
0002e0 27ee          clr  r30
0002e1 27ff          clr  r31
                 strlen0:
0002e2 916d          ld   r22,x+
0002e3 2366          tst  r22
0002e4 f011          breq strlen1
0002e5 9631          adiw r30,1
0002e6 cffb          rjmp strlen0
                 strlen1:
0002e7 9508          ret
                 ; .FEND
                 _strlenf:
                 ; .FSTART _strlenf
0002e8 93ba      	ST   -Y,R27
0002e9 93aa      	ST   -Y,R26
0002ea 27aa          clr  r26
0002eb 27bb          clr  r27
0002ec 91e9          ld   r30,y+
0002ed 91f9          ld   r31,y+
                 strlenf0:
0002ee 9005      	lpm  r0,z+
0002ef 2000          tst  r0
0002f0 f011          breq strlenf1
0002f1 9611          adiw r26,1
0002f2 cffb          rjmp strlenf0
                 strlenf1:
0002f3 01fd          movw r30,r26
0002f4 9508          ret
                 ; .FEND
                 
                 	.DSEG
                 __base_y_G101:
000160           	.BYTE 0x4
                 
                 	.CSEG
                 ;OPTIMIZER ADDED SUBROUTINE, CALLED 3 TIMES, CODE SIZE REDUCTION:45 WORDS
                 SUBOPT_0x0:
0002f5 e0e6      	LDI  R30,LOW(6)
0002f6 93ea      	ST   -Y,R30
0002f7 e0a0      	LDI  R26,LOW(0)
0002f8 940e 026f 	CALL _lcd_gotoxy
0002fa 01fe      	MOVW R30,R28
0002fb 93fa      	ST   -Y,R31
0002fc 93ea      	ST   -Y,R30
                +
0002fd e6e6     +LDI R30 , LOW ( 2 * _0x0 + ( 0 ) )
0002fe e0f0     +LDI R31 , HIGH ( 2 * _0x0 + ( 0 ) )
                 	__POINTW1FN _0x0,0
0002ff 93fa      	ST   -Y,R31
000300 93ea      	ST   -Y,R30
000301 01f8      	MOVW R30,R16
000302 940e 0359 	CALL __CWD1
000304 940e 0366 	CALL __PUTPARD1
000306 e084      	LDI  R24,4
000307 940e 021b 	CALL _sprintf
000309 9628      	ADIW R28,8
00030a 01de      	MOVW R26,R28
00030b 940c 029d 	JMP  _lcd_puts
                 
                 ;OPTIMIZER ADDED SUBROUTINE, CALLED 5 TIMES, CODE SIZE REDUCTION:13 WORDS
                 SUBOPT_0x1:
00030d 932a      	ST   -Y,R18
00030e 85ad      	LDD  R26,Y+13
00030f 85be      	LDD  R27,Y+13+1
000310 85ef      	LDD  R30,Y+15
000311 89f8      	LDD  R31,Y+15+1
000312 9509      	ICALL
000313 9508      	RET
                 
                 ;OPTIMIZER ADDED SUBROUTINE, CALLED 5 TIMES, CODE SIZE REDUCTION:9 WORDS
                 SUBOPT_0x2:
000314 89e8      	LDD  R30,Y+16
000315 89f9      	LDD  R31,Y+16+1
000316 9734      	SBIW R30,4
000317 8be8      	STD  Y+16,R30
000318 8bf9      	STD  Y+16+1,R31
000319 9508      	RET
                 
                 ;OPTIMIZER ADDED SUBROUTINE, CALLED 3 TIMES, CODE SIZE REDUCTION:3 WORDS
                 SUBOPT_0x3:
00031a 85ad      	LDD  R26,Y+13
00031b 85be      	LDD  R27,Y+13+1
00031c 85ef      	LDD  R30,Y+15
00031d 89f8      	LDD  R31,Y+15+1
00031e 9509      	ICALL
00031f 9508      	RET
                 
                 ;OPTIMIZER ADDED SUBROUTINE, CALLED 2 TIMES, CODE SIZE REDUCTION:4 WORDS
                 SUBOPT_0x4:
000320 89a8      	LDD  R26,Y+16
000321 89b9      	LDD  R27,Y+16+1
000322 9614      	ADIW R26,4
000323 940e 035e 	CALL __GETW1P
000325 83ee      	STD  Y+6,R30
000326 83ff      	STD  Y+6+1,R31
000327 81ae      	LDD  R26,Y+6
000328 81bf      	LDD  R27,Y+6+1
000329 9508      	RET
                 
                 ;OPTIMIZER ADDED SUBROUTINE, CALLED 2 TIMES, CODE SIZE REDUCTION:2 WORDS
                 SUBOPT_0x5:
00032a 89a8      	LDD  R26,Y+16
00032b 89b9      	LDD  R27,Y+16+1
00032c 9614      	ADIW R26,4
00032d 940e 035e 	CALL __GETW1P
00032f 87ea      	STD  Y+10,R30
000330 87fb      	STD  Y+10+1,R31
000331 9508      	RET
                 
                 ;OPTIMIZER ADDED SUBROUTINE, CALLED 2 TIMES, CODE SIZE REDUCTION:1 WORDS
                 SUBOPT_0x6:
000332 01de      	MOVW R26,R28
000333 961c      	ADIW R26,12
000334 940e 0351 	CALL __ADDW2R15
000336 940e 035e 	CALL __GETW1P
000338 9508      	RET
                 
                 ;OPTIMIZER ADDED SUBROUTINE, CALLED 2 TIMES, CODE SIZE REDUCTION:1 WORDS
                 SUBOPT_0x7:
000339 940e 0263 	CALL __lcd_write_data
00033b e0a3      	LDI  R26,LOW(3)
00033c e0b0      	LDI  R27,0
00033d 940c 0347 	JMP  _delay_ms
                 
                 ;OPTIMIZER ADDED SUBROUTINE, CALLED 3 TIMES, CODE SIZE REDUCTION:7 WORDS
                 SUBOPT_0x8:
00033f e3a0      	LDI  R26,LOW(48)
000340 940e 024f 	CALL __lcd_write_nibble_G101
                +
000342 ec88     +LDI R24 , LOW ( 200 )
000343 e090     +LDI R25 , HIGH ( 200 )
                +__DELAY_USW_LOOP :
000344 9701     +SBIW R24 , 1
000345 f7f1     +BRNE __DELAY_USW_LOOP
                 	__DELAY_USW 200
000346 9508      	RET
                 
                 
                 	.CSEG
                 _delay_ms:
000347 9610      	adiw r26,0
000348 f039      	breq __delay_ms1
                 __delay_ms0:
000349 95a8      	wdr
                +
00034a ed80     +LDI R24 , LOW ( 0x7D0 )
00034b e097     +LDI R25 , HIGH ( 0x7D0 )
                +__DELAY_USW_LOOP :
00034c 9701     +SBIW R24 , 1
00034d f7f1     +BRNE __DELAY_USW_LOOP
                 	__DELAY_USW 0x7D0
00034e 9711      	sbiw r26,1
00034f f7c9      	brne __delay_ms0
                 __delay_ms1:
000350 9508      	ret
                 
                 __ADDW2R15:
000351 2400      	CLR  R0
000352 0daf      	ADD  R26,R15
000353 1db0      	ADC  R27,R0
000354 9508      	RET
                 
                 __ANEGW1:
000355 95f1      	NEG  R31
000356 95e1      	NEG  R30
000357 40f0      	SBCI R31,0
000358 9508      	RET
                 
                 __CWD1:
000359 2f6f      	MOV  R22,R31
00035a 0f66      	ADD  R22,R22
00035b 0b66      	SBC  R22,R22
00035c 2f76      	MOV  R23,R22
00035d 9508      	RET
                 
                 __GETW1P:
00035e 91ed      	LD   R30,X+
00035f 91fc      	LD   R31,X
000360 9711      	SBIW R26,1
000361 9508      	RET
                 
                 __GETW1PF:
000362 9005      	LPM  R0,Z+
000363 91f4      	LPM  R31,Z
000364 2de0      	MOV  R30,R0
000365 9508      	RET
                 
                 __PUTPARD1:
000366 937a      	ST   -Y,R23
000367 936a      	ST   -Y,R22
000368 93fa      	ST   -Y,R31
000369 93ea      	ST   -Y,R30
00036a 9508      	RET
                 
                 __SAVELOCR6:
00036b 935a      	ST   -Y,R21
                 __SAVELOCR5:
00036c 934a      	ST   -Y,R20
                 __SAVELOCR4:
00036d 933a      	ST   -Y,R19
                 __SAVELOCR3:
00036e 932a      	ST   -Y,R18
                 __SAVELOCR2:
00036f 931a      	ST   -Y,R17
000370 930a      	ST   -Y,R16
000371 9508      	RET
                 
                 __LOADLOCR6:
000372 815d      	LDD  R21,Y+5
                 __LOADLOCR5:
000373 814c      	LDD  R20,Y+4
                 __LOADLOCR4:
000374 813b      	LDD  R19,Y+3
                 __LOADLOCR3:
000375 812a      	LDD  R18,Y+2
                 __LOADLOCR2:
000376 8119      	LDD  R17,Y+1
000377 8108      	LD   R16,Y
000378 9508      	RET
                 
                 ;END OF CODE MARKER
                 __END_OF_CODE:


RESOURCE USE INFORMATION
------------------------

Notice:
The register and instruction counts are symbol table hit counts,
and hence implicitly used resources are not counted, eg, the
'lpm' instruction without operands implicitly uses r0 and z,
none of which are counted.

x,y,z are separate entities in the symbol table and are
counted separately from r26..r31 here.

.dseg memory usage only counts static data declared with .byte

ATmega16 register use summary:
r0 :  11 r1 :   1 r2 :   0 r3 :   0 r4 :   4 r5 :   4 r6 :   0 r7 :   2 
r8 :   0 r9 :   0 r10:   0 r11:   0 r12:   0 r13:   0 r14:   0 r15:   4 
r16:  38 r17:  27 r18:  29 r19:   8 r20:   9 r21:  17 r22:  11 r23:   2 
r24:  23 r25:   5 r26:  97 r27:  36 r28:  17 r29:   1 r30: 184 r31:  57 
x  :  23 y  : 166 z  :  15 
Registers used: 25 out of 35 (71.4%)

ATmega16 instruction use summary:
.lds  :   0 .lds.l:   0 .sts  :   0 .sts.l:   0 adc   :   1 add   :   4 
adiw  :  24 and   :   0 andi  :   6 asr   :   0 bclr  :   0 bld   :   0 
brbc  :   0 brbs  :   0 brcc  :   0 brcs  :   0 break :   0 breq  :  17 
brge  :   0 brhc  :   0 brhs  :   0 brid  :   0 brie  :   0 brlo  :   8 
brlt  :   0 brmi  :   1 brne  :  30 brpl  :   1 brsh  :   2 brtc  :   0 
brts  :   0 brvc  :   0 brvs  :   0 bset  :   0 bst   :   0 call  :  54 
cbi   :   5 cbr   :   0 clc   :   0 clh   :   0 cli   :   1 cln   :   0 
clr   :   7 cls   :   0 clt   :   0 clv   :   0 clz   :   0 com   :   0 
cp    :   4 cpc   :   2 cpi   :  33 cpse  :   0 dec   :   5 des   :   0 
eor   :   0 fmul  :   0 fmuls :   0 fmulsu:   0 icall :   2 ijmp  :   0 
in    :   2 inc   :   2 jmp   :  24 ld    :  25 ldd   :  77 ldi   :  86 
lds   :   0 lpm   :  14 lsl   :   0 lsr   :   0 mov   :  19 movw  :  17 
mul   :   1 muls  :   0 mulsu :   0 neg   :   2 nop   :   0 or    :   1 
ori   :   7 out   :  42 pop   :   1 push  :   1 rcall :  14 ret   :  25 
reti  :   0 rjmp  :  63 rol   :   0 ror   :   0 sbc   :   2 sbci  :   4 
sbi   :   5 sbic  :   2 sbis  :   2 sbiw  :  20 sbr   :   0 sbrc  :   2 
sbrs  :  10 sec   :   0 seh   :   0 sei   :   0 sen   :   0 ser   :   0 
ses   :   0 set   :   0 sev   :   0 sez   :   0 sleep :   0 spm   :   0 
st    :  59 std   :  31 sts   :   2 sub   :   1 subi  :  18 swap  :   1 
tst   :   4 wdr   :   1 
Instructions used: 54 out of 116 (46.6%)

ATmega16 memory use summary [bytes]:
Segment   Begin    End      Code   Data   Used    Size   Use%
---------------------------------------------------------------
[.cseg] 0x000000 0x0006f2   1744     34   1778   16384  10.9%
[.dseg] 0x000060 0x000164      0      4      4    1024   0.4%
[.eseg] 0x000000 0x000000      0      0      0     512   0.0%

Assembly complete, 0 errors, 4 warnings
