
AVRASM ver. 2.1.30  C:\Users\priso\OneDrive\Desktop\stopwatch\Debug\List\stopwatch.asm Fri May 24 13:40:30 2024

C:\Users\priso\OneDrive\Desktop\stopwatch\Debug\List\stopwatch.asm(1088): warning: Register r4 already defined by the .DEF directive
C:\Users\priso\OneDrive\Desktop\stopwatch\Debug\List\stopwatch.asm(1089): warning: Register r5 already defined by the .DEF directive
C:\Users\priso\OneDrive\Desktop\stopwatch\Debug\List\stopwatch.asm(1090): warning: Register r6 already defined by the .DEF directive
C:\Users\priso\OneDrive\Desktop\stopwatch\Debug\List\stopwatch.asm(1091): warning: Register r7 already defined by the .DEF directive
C:\Users\priso\OneDrive\Desktop\stopwatch\Debug\List\stopwatch.asm(1092): warning: Register r8 already defined by the .DEF directive
C:\Users\priso\OneDrive\Desktop\stopwatch\Debug\List\stopwatch.asm(1093): warning: Register r9 already defined by the .DEF directive
C:\Users\priso\OneDrive\Desktop\stopwatch\Debug\List\stopwatch.asm(1094): warning: Register r11 already defined by the .DEF directive
C:\Users\priso\OneDrive\Desktop\stopwatch\Debug\List\stopwatch.asm(1095): warning: Register r10 already defined by the .DEF directive
C:\Users\priso\OneDrive\Desktop\stopwatch\Debug\List\stopwatch.asm(1096): warning: Register r13 already defined by the .DEF directive
C:\Users\priso\OneDrive\Desktop\stopwatch\Debug\List\stopwatch.asm(1097): warning: Register r12 already defined by the .DEF directive
                 
                 
                 ;CodeVisionAVR C Compiler V3.14 Advanced
                 ;(C) Copyright 1998-2014 Pavel Haiduc, HP InfoTech s.r.l.
                 ;http://www.hpinfotech.com
                 
                 ;Build configuration    : Debug
                 ;Chip type              : ATmega16
                 ;Program type           : Application
                 ;Clock frequency        : 8.000000 MHz
                 ;Memory model           : Small
                 ;Optimize for           : Size
                 ;(s)printf features     : int, width
                 ;(s)scanf features      : int, width
                 ;External RAM size      : 0
                 ;Data Stack size        : 256 byte(s)
                 ;Heap size              : 0 byte(s)
                 ;Promote 'char' to 'int': Yes
                 ;'char' is unsigned     : Yes
                 ;8 bit enums            : Yes
                 ;Global 'const' stored in FLASH: Yes
                 ;Enhanced function parameter passing: Yes
                 ;Enhanced core instructions: On
                 ;Automatic register allocation for global variables: On
                 ;Smart register allocation: On
                 
                 	#define _MODEL_SMALL_
                 
                 	#pragma AVRPART ADMIN PART_NAME ATmega16
                 	#pragma AVRPART MEMORY PROG_FLASH 16384
                 	#pragma AVRPART MEMORY EEPROM 512
                 	#pragma AVRPART MEMORY INT_SRAM SIZE 1024
                 	#pragma AVRPART MEMORY INT_SRAM START_ADDR 0x60
                 
                 	#define CALL_SUPPORTED 1
                 
                 	.LISTMAC
                 	.EQU UDRE=0x5
                 	.EQU RXC=0x7
                 	.EQU USR=0xB
                 	.EQU UDR=0xC
                 	.EQU SPSR=0xE
                 	.EQU SPDR=0xF
                 	.EQU EERE=0x0
                 	.EQU EEWE=0x1
                 	.EQU EEMWE=0x2
                 	.EQU EECR=0x1C
                 	.EQU EEDR=0x1D
                 	.EQU EEARL=0x1E
                 	.EQU EEARH=0x1F
                 	.EQU WDTCR=0x21
                 	.EQU MCUCR=0x35
                 	.EQU GICR=0x3B
                 	.EQU SPL=0x3D
                 	.EQU SPH=0x3E
                 	.EQU SREG=0x3F
                 
                 	.DEF R0X0=R0
                 	.DEF R0X1=R1
                 	.DEF R0X2=R2
                 	.DEF R0X3=R3
                 	.DEF R0X4=R4
                 	.DEF R0X5=R5
                 	.DEF R0X6=R6
                 	.DEF R0X7=R7
                 	.DEF R0X8=R8
                 	.DEF R0X9=R9
                 	.DEF R0XA=R10
                 	.DEF R0XB=R11
                 	.DEF R0XC=R12
                 	.DEF R0XD=R13
                 	.DEF R0XE=R14
                 	.DEF R0XF=R15
                 	.DEF R0X10=R16
                 	.DEF R0X11=R17
                 	.DEF R0X12=R18
                 	.DEF R0X13=R19
                 	.DEF R0X14=R20
                 	.DEF R0X15=R21
                 	.DEF R0X16=R22
                 	.DEF R0X17=R23
                 	.DEF R0X18=R24
                 	.DEF R0X19=R25
                 	.DEF R0X1A=R26
                 	.DEF R0X1B=R27
                 	.DEF R0X1C=R28
                 	.DEF R0X1D=R29
                 	.DEF R0X1E=R30
                 	.DEF R0X1F=R31
                 
                 	.EQU __SRAM_START=0x0060
                 	.EQU __SRAM_END=0x045F
                 	.EQU __DSTACK_SIZE=0x0100
                 	.EQU __HEAP_SIZE=0x0000
                 	.EQU __CLEAR_SRAM_SIZE=__SRAM_END-__SRAM_START+1
                 
                 	.MACRO __CPD1N
                 	CPI  R30,LOW(@0)
                 	LDI  R26,HIGH(@0)
                 	CPC  R31,R26
                 	LDI  R26,BYTE3(@0)
                 	CPC  R22,R26
                 	LDI  R26,BYTE4(@0)
                 	CPC  R23,R26
                 	.ENDM
                 
                 	.MACRO __CPD2N
                 	CPI  R26,LOW(@0)
                 	LDI  R30,HIGH(@0)
                 	CPC  R27,R30
                 	LDI  R30,BYTE3(@0)
                 	CPC  R24,R30
                 	LDI  R30,BYTE4(@0)
                 	CPC  R25,R30
                 	.ENDM
                 
                 	.MACRO __CPWRR
                 	CP   R@0,R@2
                 	CPC  R@1,R@3
                 	.ENDM
                 
                 	.MACRO __CPWRN
                 	CPI  R@0,LOW(@2)
                 	LDI  R30,HIGH(@2)
                 	CPC  R@1,R30
                 	.ENDM
                 
                 	.MACRO __ADDB1MN
                 	SUBI R30,LOW(-@0-(@1))
                 	.ENDM
                 
                 	.MACRO __ADDB2MN
                 	SUBI R26,LOW(-@0-(@1))
                 	.ENDM
                 
                 	.MACRO __ADDW1MN
                 	SUBI R30,LOW(-@0-(@1))
                 	SBCI R31,HIGH(-@0-(@1))
                 	.ENDM
                 
                 	.MACRO __ADDW2MN
                 	SUBI R26,LOW(-@0-(@1))
                 	SBCI R27,HIGH(-@0-(@1))
                 	.ENDM
                 
                 	.MACRO __ADDW1FN
                 	SUBI R30,LOW(-2*@0-(@1))
                 	SBCI R31,HIGH(-2*@0-(@1))
                 	.ENDM
                 
                 	.MACRO __ADDD1FN
                 	SUBI R30,LOW(-2*@0-(@1))
                 	SBCI R31,HIGH(-2*@0-(@1))
                 	SBCI R22,BYTE3(-2*@0-(@1))
                 	.ENDM
                 
                 	.MACRO __ADDD1N
                 	SUBI R30,LOW(-@0)
                 	SBCI R31,HIGH(-@0)
                 	SBCI R22,BYTE3(-@0)
                 	SBCI R23,BYTE4(-@0)
                 	.ENDM
                 
                 	.MACRO __ADDD2N
                 	SUBI R26,LOW(-@0)
                 	SBCI R27,HIGH(-@0)
                 	SBCI R24,BYTE3(-@0)
                 	SBCI R25,BYTE4(-@0)
                 	.ENDM
                 
                 	.MACRO __SUBD1N
                 	SUBI R30,LOW(@0)
                 	SBCI R31,HIGH(@0)
                 	SBCI R22,BYTE3(@0)
                 	SBCI R23,BYTE4(@0)
                 	.ENDM
                 
                 	.MACRO __SUBD2N
                 	SUBI R26,LOW(@0)
                 	SBCI R27,HIGH(@0)
                 	SBCI R24,BYTE3(@0)
                 	SBCI R25,BYTE4(@0)
                 	.ENDM
                 
                 	.MACRO __ANDBMNN
                 	LDS  R30,@0+(@1)
                 	ANDI R30,LOW(@2)
                 	STS  @0+(@1),R30
                 	.ENDM
                 
                 	.MACRO __ANDWMNN
                 	LDS  R30,@0+(@1)
                 	ANDI R30,LOW(@2)
                 	STS  @0+(@1),R30
                 	LDS  R30,@0+(@1)+1
                 	ANDI R30,HIGH(@2)
                 	STS  @0+(@1)+1,R30
                 	.ENDM
                 
                 	.MACRO __ANDD1N
                 	ANDI R30,LOW(@0)
                 	ANDI R31,HIGH(@0)
                 	ANDI R22,BYTE3(@0)
                 	ANDI R23,BYTE4(@0)
                 	.ENDM
                 
                 	.MACRO __ANDD2N
                 	ANDI R26,LOW(@0)
                 	ANDI R27,HIGH(@0)
                 	ANDI R24,BYTE3(@0)
                 	ANDI R25,BYTE4(@0)
                 	.ENDM
                 
                 	.MACRO __ORBMNN
                 	LDS  R30,@0+(@1)
                 	ORI  R30,LOW(@2)
                 	STS  @0+(@1),R30
                 	.ENDM
                 
                 	.MACRO __ORWMNN
                 	LDS  R30,@0+(@1)
                 	ORI  R30,LOW(@2)
                 	STS  @0+(@1),R30
                 	LDS  R30,@0+(@1)+1
                 	ORI  R30,HIGH(@2)
                 	STS  @0+(@1)+1,R30
                 	.ENDM
                 
                 	.MACRO __ORD1N
                 	ORI  R30,LOW(@0)
                 	ORI  R31,HIGH(@0)
                 	ORI  R22,BYTE3(@0)
                 	ORI  R23,BYTE4(@0)
                 	.ENDM
                 
                 	.MACRO __ORD2N
                 	ORI  R26,LOW(@0)
                 	ORI  R27,HIGH(@0)
                 	ORI  R24,BYTE3(@0)
                 	ORI  R25,BYTE4(@0)
                 	.ENDM
                 
                 	.MACRO __DELAY_USB
                 	LDI  R24,LOW(@0)
                 __DELAY_USB_LOOP:
                 	DEC  R24
                 	BRNE __DELAY_USB_LOOP
                 	.ENDM
                 
                 	.MACRO __DELAY_USW
                 	LDI  R24,LOW(@0)
                 	LDI  R25,HIGH(@0)
                 __DELAY_USW_LOOP:
                 	SBIW R24,1
                 	BRNE __DELAY_USW_LOOP
                 	.ENDM
                 
                 	.MACRO __GETD1S
                 	LDD  R30,Y+@0
                 	LDD  R31,Y+@0+1
                 	LDD  R22,Y+@0+2
                 	LDD  R23,Y+@0+3
                 	.ENDM
                 
                 	.MACRO __GETD2S
                 	LDD  R26,Y+@0
                 	LDD  R27,Y+@0+1
                 	LDD  R24,Y+@0+2
                 	LDD  R25,Y+@0+3
                 	.ENDM
                 
                 	.MACRO __PUTD1S
                 	STD  Y+@0,R30
                 	STD  Y+@0+1,R31
                 	STD  Y+@0+2,R22
                 	STD  Y+@0+3,R23
                 	.ENDM
                 
                 	.MACRO __PUTD2S
                 	STD  Y+@0,R26
                 	STD  Y+@0+1,R27
                 	STD  Y+@0+2,R24
                 	STD  Y+@0+3,R25
                 	.ENDM
                 
                 	.MACRO __PUTDZ2
                 	STD  Z+@0,R26
                 	STD  Z+@0+1,R27
                 	STD  Z+@0+2,R24
                 	STD  Z+@0+3,R25
                 	.ENDM
                 
                 	.MACRO __CLRD1S
                 	STD  Y+@0,R30
                 	STD  Y+@0+1,R30
                 	STD  Y+@0+2,R30
                 	STD  Y+@0+3,R30
                 	.ENDM
                 
                 	.MACRO __POINTB1MN
                 	LDI  R30,LOW(@0+(@1))
                 	.ENDM
                 
                 	.MACRO __POINTW1MN
                 	LDI  R30,LOW(@0+(@1))
                 	LDI  R31,HIGH(@0+(@1))
                 	.ENDM
                 
                 	.MACRO __POINTD1M
                 	LDI  R30,LOW(@0)
                 	LDI  R31,HIGH(@0)
                 	LDI  R22,BYTE3(@0)
                 	LDI  R23,BYTE4(@0)
                 	.ENDM
                 
                 	.MACRO __POINTW1FN
                 	LDI  R30,LOW(2*@0+(@1))
                 	LDI  R31,HIGH(2*@0+(@1))
                 	.ENDM
                 
                 	.MACRO __POINTD1FN
                 	LDI  R30,LOW(2*@0+(@1))
                 	LDI  R31,HIGH(2*@0+(@1))
                 	LDI  R22,BYTE3(2*@0+(@1))
                 	LDI  R23,BYTE4(2*@0+(@1))
                 	.ENDM
                 
                 	.MACRO __POINTB2MN
                 	LDI  R26,LOW(@0+(@1))
                 	.ENDM
                 
                 	.MACRO __POINTW2MN
                 	LDI  R26,LOW(@0+(@1))
                 	LDI  R27,HIGH(@0+(@1))
                 	.ENDM
                 
                 	.MACRO __POINTW2FN
                 	LDI  R26,LOW(2*@0+(@1))
                 	LDI  R27,HIGH(2*@0+(@1))
                 	.ENDM
                 
                 	.MACRO __POINTD2FN
                 	LDI  R26,LOW(2*@0+(@1))
                 	LDI  R27,HIGH(2*@0+(@1))
                 	LDI  R24,BYTE3(2*@0+(@1))
                 	LDI  R25,BYTE4(2*@0+(@1))
                 	.ENDM
                 
                 	.MACRO __POINTBRM
                 	LDI  R@0,LOW(@1)
                 	.ENDM
                 
                 	.MACRO __POINTWRM
                 	LDI  R@0,LOW(@2)
                 	LDI  R@1,HIGH(@2)
                 	.ENDM
                 
                 	.MACRO __POINTBRMN
                 	LDI  R@0,LOW(@1+(@2))
                 	.ENDM
                 
                 	.MACRO __POINTWRMN
                 	LDI  R@0,LOW(@2+(@3))
                 	LDI  R@1,HIGH(@2+(@3))
                 	.ENDM
                 
                 	.MACRO __POINTWRFN
                 	LDI  R@0,LOW(@2*2+(@3))
                 	LDI  R@1,HIGH(@2*2+(@3))
                 	.ENDM
                 
                 	.MACRO __GETD1N
                 	LDI  R30,LOW(@0)
                 	LDI  R31,HIGH(@0)
                 	LDI  R22,BYTE3(@0)
                 	LDI  R23,BYTE4(@0)
                 	.ENDM
                 
                 	.MACRO __GETD2N
                 	LDI  R26,LOW(@0)
                 	LDI  R27,HIGH(@0)
                 	LDI  R24,BYTE3(@0)
                 	LDI  R25,BYTE4(@0)
                 	.ENDM
                 
                 	.MACRO __GETB1MN
                 	LDS  R30,@0+(@1)
                 	.ENDM
                 
                 	.MACRO __GETB1HMN
                 	LDS  R31,@0+(@1)
                 	.ENDM
                 
                 	.MACRO __GETW1MN
                 	LDS  R30,@0+(@1)
                 	LDS  R31,@0+(@1)+1
                 	.ENDM
                 
                 	.MACRO __GETD1MN
                 	LDS  R30,@0+(@1)
                 	LDS  R31,@0+(@1)+1
                 	LDS  R22,@0+(@1)+2
                 	LDS  R23,@0+(@1)+3
                 	.ENDM
                 
                 	.MACRO __GETBRMN
                 	LDS  R@0,@1+(@2)
                 	.ENDM
                 
                 	.MACRO __GETWRMN
                 	LDS  R@0,@2+(@3)
                 	LDS  R@1,@2+(@3)+1
                 	.ENDM
                 
                 	.MACRO __GETWRZ
                 	LDD  R@0,Z+@2
                 	LDD  R@1,Z+@2+1
                 	.ENDM
                 
                 	.MACRO __GETD2Z
                 	LDD  R26,Z+@0
                 	LDD  R27,Z+@0+1
                 	LDD  R24,Z+@0+2
                 	LDD  R25,Z+@0+3
                 	.ENDM
                 
                 	.MACRO __GETB2MN
                 	LDS  R26,@0+(@1)
                 	.ENDM
                 
                 	.MACRO __GETW2MN
                 	LDS  R26,@0+(@1)
                 	LDS  R27,@0+(@1)+1
                 	.ENDM
                 
                 	.MACRO __GETD2MN
                 	LDS  R26,@0+(@1)
                 	LDS  R27,@0+(@1)+1
                 	LDS  R24,@0+(@1)+2
                 	LDS  R25,@0+(@1)+3
                 	.ENDM
                 
                 	.MACRO __PUTB1MN
                 	STS  @0+(@1),R30
                 	.ENDM
                 
                 	.MACRO __PUTW1MN
                 	STS  @0+(@1),R30
                 	STS  @0+(@1)+1,R31
                 	.ENDM
                 
                 	.MACRO __PUTD1MN
                 	STS  @0+(@1),R30
                 	STS  @0+(@1)+1,R31
                 	STS  @0+(@1)+2,R22
                 	STS  @0+(@1)+3,R23
                 	.ENDM
                 
                 	.MACRO __PUTB1EN
                 	LDI  R26,LOW(@0+(@1))
                 	LDI  R27,HIGH(@0+(@1))
                 	CALL __EEPROMWRB
                 	.ENDM
                 
                 	.MACRO __PUTW1EN
                 	LDI  R26,LOW(@0+(@1))
                 	LDI  R27,HIGH(@0+(@1))
                 	CALL __EEPROMWRW
                 	.ENDM
                 
                 	.MACRO __PUTD1EN
                 	LDI  R26,LOW(@0+(@1))
                 	LDI  R27,HIGH(@0+(@1))
                 	CALL __EEPROMWRD
                 	.ENDM
                 
                 	.MACRO __PUTBR0MN
                 	STS  @0+(@1),R0
                 	.ENDM
                 
                 	.MACRO __PUTBMRN
                 	STS  @0+(@1),R@2
                 	.ENDM
                 
                 	.MACRO __PUTWMRN
                 	STS  @0+(@1),R@2
                 	STS  @0+(@1)+1,R@3
                 	.ENDM
                 
                 	.MACRO __PUTBZR
                 	STD  Z+@1,R@0
                 	.ENDM
                 
                 	.MACRO __PUTWZR
                 	STD  Z+@2,R@0
                 	STD  Z+@2+1,R@1
                 	.ENDM
                 
                 	.MACRO __GETW1R
                 	MOV  R30,R@0
                 	MOV  R31,R@1
                 	.ENDM
                 
                 	.MACRO __GETW2R
                 	MOV  R26,R@0
                 	MOV  R27,R@1
                 	.ENDM
                 
                 	.MACRO __GETWRN
                 	LDI  R@0,LOW(@2)
                 	LDI  R@1,HIGH(@2)
                 	.ENDM
                 
                 	.MACRO __PUTW1R
                 	MOV  R@0,R30
                 	MOV  R@1,R31
                 	.ENDM
                 
                 	.MACRO __PUTW2R
                 	MOV  R@0,R26
                 	MOV  R@1,R27
                 	.ENDM
                 
                 	.MACRO __ADDWRN
                 	SUBI R@0,LOW(-@2)
                 	SBCI R@1,HIGH(-@2)
                 	.ENDM
                 
                 	.MACRO __ADDWRR
                 	ADD  R@0,R@2
                 	ADC  R@1,R@3
                 	.ENDM
                 
                 	.MACRO __SUBWRN
                 	SUBI R@0,LOW(@2)
                 	SBCI R@1,HIGH(@2)
                 	.ENDM
                 
                 	.MACRO __SUBWRR
                 	SUB  R@0,R@2
                 	SBC  R@1,R@3
                 	.ENDM
                 
                 	.MACRO __ANDWRN
                 	ANDI R@0,LOW(@2)
                 	ANDI R@1,HIGH(@2)
                 	.ENDM
                 
                 	.MACRO __ANDWRR
                 	AND  R@0,R@2
                 	AND  R@1,R@3
                 	.ENDM
                 
                 	.MACRO __ORWRN
                 	ORI  R@0,LOW(@2)
                 	ORI  R@1,HIGH(@2)
                 	.ENDM
                 
                 	.MACRO __ORWRR
                 	OR   R@0,R@2
                 	OR   R@1,R@3
                 	.ENDM
                 
                 	.MACRO __EORWRR
                 	EOR  R@0,R@2
                 	EOR  R@1,R@3
                 	.ENDM
                 
                 	.MACRO __GETWRS
                 	LDD  R@0,Y+@2
                 	LDD  R@1,Y+@2+1
                 	.ENDM
                 
                 	.MACRO __PUTBSR
                 	STD  Y+@1,R@0
                 	.ENDM
                 
                 	.MACRO __PUTWSR
                 	STD  Y+@2,R@0
                 	STD  Y+@2+1,R@1
                 	.ENDM
                 
                 	.MACRO __MOVEWRR
                 	MOV  R@0,R@2
                 	MOV  R@1,R@3
                 	.ENDM
                 
                 	.MACRO __INWR
                 	IN   R@0,@2
                 	IN   R@1,@2+1
                 	.ENDM
                 
                 	.MACRO __OUTWR
                 	OUT  @2+1,R@1
                 	OUT  @2,R@0
                 	.ENDM
                 
                 	.MACRO __CALL1MN
                 	LDS  R30,@0+(@1)
                 	LDS  R31,@0+(@1)+1
                 	ICALL
                 	.ENDM
                 
                 	.MACRO __CALL1FN
                 	LDI  R30,LOW(2*@0+(@1))
                 	LDI  R31,HIGH(2*@0+(@1))
                 	CALL __GETW1PF
                 	ICALL
                 	.ENDM
                 
                 	.MACRO __CALL2EN
                 	PUSH R26
                 	PUSH R27
                 	LDI  R26,LOW(@0+(@1))
                 	LDI  R27,HIGH(@0+(@1))
                 	CALL __EEPROMRDW
                 	POP  R27
                 	POP  R26
                 	ICALL
                 	.ENDM
                 
                 	.MACRO __CALL2EX
                 	SUBI R26,LOW(-@0)
                 	SBCI R27,HIGH(-@0)
                 	CALL __EEPROMRDD
                 	ICALL
                 	.ENDM
                 
                 	.MACRO __GETW1STACK
                 	IN   R30,SPL
                 	IN   R31,SPH
                 	ADIW R30,@0+1
                 	LD   R0,Z+
                 	LD   R31,Z
                 	MOV  R30,R0
                 	.ENDM
                 
                 	.MACRO __GETD1STACK
                 	IN   R30,SPL
                 	IN   R31,SPH
                 	ADIW R30,@0+1
                 	LD   R0,Z+
                 	LD   R1,Z+
                 	LD   R22,Z
                 	MOVW R30,R0
                 	.ENDM
                 
                 	.MACRO __NBST
                 	BST  R@0,@1
                 	IN   R30,SREG
                 	LDI  R31,0x40
                 	EOR  R30,R31
                 	OUT  SREG,R30
                 	.ENDM
                 
                 
                 	.MACRO __PUTB1SN
                 	LDD  R26,Y+@0
                 	LDD  R27,Y+@0+1
                 	SUBI R26,LOW(-@1)
                 	SBCI R27,HIGH(-@1)
                 	ST   X,R30
                 	.ENDM
                 
                 	.MACRO __PUTW1SN
                 	LDD  R26,Y+@0
                 	LDD  R27,Y+@0+1
                 	SUBI R26,LOW(-@1)
                 	SBCI R27,HIGH(-@1)
                 	ST   X+,R30
                 	ST   X,R31
                 	.ENDM
                 
                 	.MACRO __PUTD1SN
                 	LDD  R26,Y+@0
                 	LDD  R27,Y+@0+1
                 	SUBI R26,LOW(-@1)
                 	SBCI R27,HIGH(-@1)
                 	CALL __PUTDP1
                 	.ENDM
                 
                 	.MACRO __PUTB1SNS
                 	LDD  R26,Y+@0
                 	LDD  R27,Y+@0+1
                 	ADIW R26,@1
                 	ST   X,R30
                 	.ENDM
                 
                 	.MACRO __PUTW1SNS
                 	LDD  R26,Y+@0
                 	LDD  R27,Y+@0+1
                 	ADIW R26,@1
                 	ST   X+,R30
                 	ST   X,R31
                 	.ENDM
                 
                 	.MACRO __PUTD1SNS
                 	LDD  R26,Y+@0
                 	LDD  R27,Y+@0+1
                 	ADIW R26,@1
                 	CALL __PUTDP1
                 	.ENDM
                 
                 	.MACRO __PUTB1PMN
                 	LDS  R26,@0
                 	LDS  R27,@0+1
                 	SUBI R26,LOW(-@1)
                 	SBCI R27,HIGH(-@1)
                 	ST   X,R30
                 	.ENDM
                 
                 	.MACRO __PUTW1PMN
                 	LDS  R26,@0
                 	LDS  R27,@0+1
                 	SUBI R26,LOW(-@1)
                 	SBCI R27,HIGH(-@1)
                 	ST   X+,R30
                 	ST   X,R31
                 	.ENDM
                 
                 	.MACRO __PUTD1PMN
                 	LDS  R26,@0
                 	LDS  R27,@0+1
                 	SUBI R26,LOW(-@1)
                 	SBCI R27,HIGH(-@1)
                 	CALL __PUTDP1
                 	.ENDM
                 
                 	.MACRO __PUTB1PMNS
                 	LDS  R26,@0
                 	LDS  R27,@0+1
                 	ADIW R26,@1
                 	ST   X,R30
                 	.ENDM
                 
                 	.MACRO __PUTW1PMNS
                 	LDS  R26,@0
                 	LDS  R27,@0+1
                 	ADIW R26,@1
                 	ST   X+,R30
                 	ST   X,R31
                 	.ENDM
                 
                 	.MACRO __PUTD1PMNS
                 	LDS  R26,@0
                 	LDS  R27,@0+1
                 	ADIW R26,@1
                 	CALL __PUTDP1
                 	.ENDM
                 
                 	.MACRO __PUTB1RN
                 	MOVW R26,R@0
                 	SUBI R26,LOW(-@1)
                 	SBCI R27,HIGH(-@1)
                 	ST   X,R30
                 	.ENDM
                 
                 	.MACRO __PUTW1RN
                 	MOVW R26,R@0
                 	SUBI R26,LOW(-@1)
                 	SBCI R27,HIGH(-@1)
                 	ST   X+,R30
                 	ST   X,R31
                 	.ENDM
                 
                 	.MACRO __PUTD1RN
                 	MOVW R26,R@0
                 	SUBI R26,LOW(-@1)
                 	SBCI R27,HIGH(-@1)
                 	CALL __PUTDP1
                 	.ENDM
                 
                 	.MACRO __PUTB1RNS
                 	MOVW R26,R@0
                 	ADIW R26,@1
                 	ST   X,R30
                 	.ENDM
                 
                 	.MACRO __PUTW1RNS
                 	MOVW R26,R@0
                 	ADIW R26,@1
                 	ST   X+,R30
                 	ST   X,R31
                 	.ENDM
                 
                 	.MACRO __PUTD1RNS
                 	MOVW R26,R@0
                 	ADIW R26,@1
                 	CALL __PUTDP1
                 	.ENDM
                 
                 	.MACRO __PUTB1RON
                 	MOV  R26,R@0
                 	MOV  R27,R@1
                 	SUBI R26,LOW(-@2)
                 	SBCI R27,HIGH(-@2)
                 	ST   X,R30
                 	.ENDM
                 
                 	.MACRO __PUTW1RON
                 	MOV  R26,R@0
                 	MOV  R27,R@1
                 	SUBI R26,LOW(-@2)
                 	SBCI R27,HIGH(-@2)
                 	ST   X+,R30
                 	ST   X,R31
                 	.ENDM
                 
                 	.MACRO __PUTD1RON
                 	MOV  R26,R@0
                 	MOV  R27,R@1
                 	SUBI R26,LOW(-@2)
                 	SBCI R27,HIGH(-@2)
                 	CALL __PUTDP1
                 	.ENDM
                 
                 	.MACRO __PUTB1RONS
                 	MOV  R26,R@0
                 	MOV  R27,R@1
                 	ADIW R26,@2
                 	ST   X,R30
                 	.ENDM
                 
                 	.MACRO __PUTW1RONS
                 	MOV  R26,R@0
                 	MOV  R27,R@1
                 	ADIW R26,@2
                 	ST   X+,R30
                 	ST   X,R31
                 	.ENDM
                 
                 	.MACRO __PUTD1RONS
                 	MOV  R26,R@0
                 	MOV  R27,R@1
                 	ADIW R26,@2
                 	CALL __PUTDP1
                 	.ENDM
                 
                 
                 	.MACRO __GETB1SX
                 	MOVW R30,R28
                 	SUBI R30,LOW(-@0)
                 	SBCI R31,HIGH(-@0)
                 	LD   R30,Z
                 	.ENDM
                 
                 	.MACRO __GETB1HSX
                 	MOVW R30,R28
                 	SUBI R30,LOW(-@0)
                 	SBCI R31,HIGH(-@0)
                 	LD   R31,Z
                 	.ENDM
                 
                 	.MACRO __GETW1SX
                 	MOVW R30,R28
                 	SUBI R30,LOW(-@0)
                 	SBCI R31,HIGH(-@0)
                 	LD   R0,Z+
                 	LD   R31,Z
                 	MOV  R30,R0
                 	.ENDM
                 
                 	.MACRO __GETD1SX
                 	MOVW R30,R28
                 	SUBI R30,LOW(-@0)
                 	SBCI R31,HIGH(-@0)
                 	LD   R0,Z+
                 	LD   R1,Z+
                 	LD   R22,Z+
                 	LD   R23,Z
                 	MOVW R30,R0
                 	.ENDM
                 
                 	.MACRO __GETB2SX
                 	MOVW R26,R28
                 	SUBI R26,LOW(-@0)
                 	SBCI R27,HIGH(-@0)
                 	LD   R26,X
                 	.ENDM
                 
                 	.MACRO __GETW2SX
                 	MOVW R26,R28
                 	SUBI R26,LOW(-@0)
                 	SBCI R27,HIGH(-@0)
                 	LD   R0,X+
                 	LD   R27,X
                 	MOV  R26,R0
                 	.ENDM
                 
                 	.MACRO __GETD2SX
                 	MOVW R26,R28
                 	SUBI R26,LOW(-@0)
                 	SBCI R27,HIGH(-@0)
                 	LD   R0,X+
                 	LD   R1,X+
                 	LD   R24,X+
                 	LD   R25,X
                 	MOVW R26,R0
                 	.ENDM
                 
                 	.MACRO __GETBRSX
                 	MOVW R30,R28
                 	SUBI R30,LOW(-@1)
                 	SBCI R31,HIGH(-@1)
                 	LD   R@0,Z
                 	.ENDM
                 
                 	.MACRO __GETWRSX
                 	MOVW R30,R28
                 	SUBI R30,LOW(-@2)
                 	SBCI R31,HIGH(-@2)
                 	LD   R@0,Z+
                 	LD   R@1,Z
                 	.ENDM
                 
                 	.MACRO __GETBRSX2
                 	MOVW R26,R28
                 	SUBI R26,LOW(-@1)
                 	SBCI R27,HIGH(-@1)
                 	LD   R@0,X
                 	.ENDM
                 
                 	.MACRO __GETWRSX2
                 	MOVW R26,R28
                 	SUBI R26,LOW(-@2)
                 	SBCI R27,HIGH(-@2)
                 	LD   R@0,X+
                 	LD   R@1,X
                 	.ENDM
                 
                 	.MACRO __LSLW8SX
                 	MOVW R30,R28
                 	SUBI R30,LOW(-@0)
                 	SBCI R31,HIGH(-@0)
                 	LD   R31,Z
                 	CLR  R30
                 	.ENDM
                 
                 	.MACRO __PUTB1SX
                 	MOVW R26,R28
                 	SUBI R26,LOW(-@0)
                 	SBCI R27,HIGH(-@0)
                 	ST   X,R30
                 	.ENDM
                 
                 	.MACRO __PUTW1SX
                 	MOVW R26,R28
                 	SUBI R26,LOW(-@0)
                 	SBCI R27,HIGH(-@0)
                 	ST   X+,R30
                 	ST   X,R31
                 	.ENDM
                 
                 	.MACRO __PUTD1SX
                 	MOVW R26,R28
                 	SUBI R26,LOW(-@0)
                 	SBCI R27,HIGH(-@0)
                 	ST   X+,R30
                 	ST   X+,R31
                 	ST   X+,R22
                 	ST   X,R23
                 	.ENDM
                 
                 	.MACRO __CLRW1SX
                 	MOVW R26,R28
                 	SUBI R26,LOW(-@0)
                 	SBCI R27,HIGH(-@0)
                 	ST   X+,R30
                 	ST   X,R30
                 	.ENDM
                 
                 	.MACRO __CLRD1SX
                 	MOVW R26,R28
                 	SUBI R26,LOW(-@0)
                 	SBCI R27,HIGH(-@0)
                 	ST   X+,R30
                 	ST   X+,R30
                 	ST   X+,R30
                 	ST   X,R30
                 	.ENDM
                 
                 	.MACRO __PUTB2SX
                 	MOVW R30,R28
                 	SUBI R30,LOW(-@0)
                 	SBCI R31,HIGH(-@0)
                 	ST   Z,R26
                 	.ENDM
                 
                 	.MACRO __PUTW2SX
                 	MOVW R30,R28
                 	SUBI R30,LOW(-@0)
                 	SBCI R31,HIGH(-@0)
                 	ST   Z+,R26
                 	ST   Z,R27
                 	.ENDM
                 
                 	.MACRO __PUTD2SX
                 	MOVW R30,R28
                 	SUBI R30,LOW(-@0)
                 	SBCI R31,HIGH(-@0)
                 	ST   Z+,R26
                 	ST   Z+,R27
                 	ST   Z+,R24
                 	ST   Z,R25
                 	.ENDM
                 
                 	.MACRO __PUTBSRX
                 	MOVW R30,R28
                 	SUBI R30,LOW(-@1)
                 	SBCI R31,HIGH(-@1)
                 	ST   Z,R@0
                 	.ENDM
                 
                 	.MACRO __PUTWSRX
                 	MOVW R30,R28
                 	SUBI R30,LOW(-@2)
                 	SBCI R31,HIGH(-@2)
                 	ST   Z+,R@0
                 	ST   Z,R@1
                 	.ENDM
                 
                 	.MACRO __PUTB1SNX
                 	MOVW R26,R28
                 	SUBI R26,LOW(-@0)
                 	SBCI R27,HIGH(-@0)
                 	LD   R0,X+
                 	LD   R27,X
                 	MOV  R26,R0
                 	SUBI R26,LOW(-@1)
                 	SBCI R27,HIGH(-@1)
                 	ST   X,R30
                 	.ENDM
                 
                 	.MACRO __PUTW1SNX
                 	MOVW R26,R28
                 	SUBI R26,LOW(-@0)
                 	SBCI R27,HIGH(-@0)
                 	LD   R0,X+
                 	LD   R27,X
                 	MOV  R26,R0
                 	SUBI R26,LOW(-@1)
                 	SBCI R27,HIGH(-@1)
                 	ST   X+,R30
                 	ST   X,R31
                 	.ENDM
                 
                 	.MACRO __PUTD1SNX
                 	MOVW R26,R28
                 	SUBI R26,LOW(-@0)
                 	SBCI R27,HIGH(-@0)
                 	LD   R0,X+
                 	LD   R27,X
                 	MOV  R26,R0
                 	SUBI R26,LOW(-@1)
                 	SBCI R27,HIGH(-@1)
                 	ST   X+,R30
                 	ST   X+,R31
                 	ST   X+,R22
                 	ST   X,R23
                 	.ENDM
                 
                 	.MACRO __MULBRR
                 	MULS R@0,R@1
                 	MOVW R30,R0
                 	.ENDM
                 
                 	.MACRO __MULBRRU
                 	MUL  R@0,R@1
                 	MOVW R30,R0
                 	.ENDM
                 
                 	.MACRO __MULBRR0
                 	MULS R@0,R@1
                 	.ENDM
                 
                 	.MACRO __MULBRRU0
                 	MUL  R@0,R@1
                 	.ENDM
                 
                 	.MACRO __MULBNWRU
                 	LDI  R26,@2
                 	MUL  R26,R@0
                 	MOVW R30,R0
                 	MUL  R26,R@1
                 	ADD  R31,R0
                 	.ENDM
                 
                 ;NAME DEFINITIONS FOR GLOBAL VARIABLES ALLOCATED TO REGISTERS
                 	.DEF _minute=R4
                 	.DEF _minute_msb=R5
                 	.DEF _secend=R6
                 	.DEF _secend_msb=R7
                 	.DEF _ms=R8
                 	.DEF _ms_msb=R9
                 	.DEF _flag=R11
                 	.DEF __lcd_x=R10
                 	.DEF __lcd_y=R13
                 	.DEF __lcd_maxx=R12
                 
                 	.CSEG
                 	.ORG 0x00
                 
                 ;START OF CODE MARKER
                 __START_OF_CODE:
                 
                 ;INTERRUPT VECTORS
000000 940c 0045 	JMP  __RESET
000002 940c 0000 	JMP  0x00
000004 940c 0000 	JMP  0x00
000006 940c 0000 	JMP  0x00
000008 940c 0000 	JMP  0x00
00000a 940c 0000 	JMP  0x00
00000c 940c 0000 	JMP  0x00
00000e 940c 0000 	JMP  0x00
000010 940c 0000 	JMP  0x00
000012 940c 0072 	JMP  _timer0_ovf_isr
000014 940c 0000 	JMP  0x00
000016 940c 0000 	JMP  0x00
000018 940c 0000 	JMP  0x00
00001a 940c 0000 	JMP  0x00
00001c 940c 0000 	JMP  0x00
00001e 940c 0000 	JMP  0x00
000020 940c 0000 	JMP  0x00
000022 940c 0000 	JMP  0x00
000024 940c 0000 	JMP  0x00
000026 940c 0000 	JMP  0x00
000028 940c 0000 	JMP  0x00
                 
                 _tbl10_G101:
00002a 2710
00002b 03e8
00002c 0064
00002d 000a      	.DB  0x10,0x27,0xE8,0x3,0x64,0x0,0xA,0x0
00002e 0001      	.DB  0x1,0x0
                 _tbl16_G101:
00002f 1000
000030 0100
000031 0010
000032 0001      	.DB  0x0,0x10,0x0,0x1,0x10,0x0,0x1,0x0
                 
                 ;GLOBAL REGISTER VARIABLES INITIALIZATION
                 __REG_VARS:
000033 0000
000034 0000      	.DB  0x0,0x0,0x0,0x0
000035 0000
000036 0000      	.DB  0x0,0x0,0x0,0x0
                 
                 _0x0:
000037 6425
000038 3a00
C:\Users\priso\OneDrive\Desktop\stopwatch\Debug\List\stopwatch.asm(1140): warning: .cseg .db misalignment - padding zero byte
000039 0000      	.DB  0x25,0x64,0x0,0x3A,0x0
                 _0x2000003:
00003a c080      	.DB  0x80,0xC0
                 
                 __GLOBAL_INI_TBL:
00003b 0008      	.DW  0x08
00003c 0004      	.DW  0x04
00003d 0066      	.DW  __REG_VARS*2
                 
00003e 0002      	.DW  0x02
00003f 0160      	.DW  _0x16
000040 0071      	.DW  _0x0*2+3
                 
000041 0002      	.DW  0x02
000042 0162      	.DW  __base_y_G100
000043 0074      	.DW  _0x2000003*2
                 
                 _0xFFFFFFFF:
000044 0000      	.DW  0
                 
                 #define __GLOBAL_INI_TBL_PRESENT 1
                 
                 __RESET:
000045 94f8      	CLI
000046 27ee      	CLR  R30
000047 bbec      	OUT  EECR,R30
                 
                 ;INTERRUPT VECTORS ARE PLACED
                 ;AT THE START OF FLASH
000048 e0f1      	LDI  R31,1
000049 bffb      	OUT  GICR,R31
00004a bfeb      	OUT  GICR,R30
00004b bfe5      	OUT  MCUCR,R30
                 
                 ;CLEAR R2-R14
00004c e08d      	LDI  R24,(14-2)+1
00004d e0a2      	LDI  R26,2
00004e 27bb      	CLR  R27
                 __CLEAR_REG:
00004f 93ed      	ST   X+,R30
000050 958a      	DEC  R24
000051 f7e9      	BRNE __CLEAR_REG
                 
                 ;CLEAR SRAM
000052 e080      	LDI  R24,LOW(__CLEAR_SRAM_SIZE)
000053 e094      	LDI  R25,HIGH(__CLEAR_SRAM_SIZE)
000054 e6a0      	LDI  R26,__SRAM_START
                 __CLEAR_SRAM:
000055 93ed      	ST   X+,R30
000056 9701      	SBIW R24,1
000057 f7e9      	BRNE __CLEAR_SRAM
                 
                 ;GLOBAL VARIABLES INITIALIZATION
000058 e7e6      	LDI  R30,LOW(__GLOBAL_INI_TBL*2)
000059 e0f0      	LDI  R31,HIGH(__GLOBAL_INI_TBL*2)
                 __GLOBAL_INI_NEXT:
00005a 9185      	LPM  R24,Z+
00005b 9195      	LPM  R25,Z+
00005c 9700      	SBIW R24,0
00005d f061      	BREQ __GLOBAL_INI_END
00005e 91a5      	LPM  R26,Z+
00005f 91b5      	LPM  R27,Z+
000060 9005      	LPM  R0,Z+
000061 9015      	LPM  R1,Z+
000062 01bf      	MOVW R22,R30
000063 01f0      	MOVW R30,R0
                 __GLOBAL_INI_LOOP:
000064 9005      	LPM  R0,Z+
000065 920d      	ST   X+,R0
000066 9701      	SBIW R24,1
000067 f7e1      	BRNE __GLOBAL_INI_LOOP
000068 01fb      	MOVW R30,R22
000069 cff0      	RJMP __GLOBAL_INI_NEXT
                 __GLOBAL_INI_END:
                 
                 ;HARDWARE STACK POINTER INITIALIZATION
00006a e5ef      	LDI  R30,LOW(__SRAM_END-__HEAP_SIZE)
00006b bfed      	OUT  SPL,R30
00006c e0e4      	LDI  R30,HIGH(__SRAM_END-__HEAP_SIZE)
00006d bfee      	OUT  SPH,R30
                 
                 ;DATA STACK POINTER INITIALIZATION
00006e e6c0      	LDI  R28,LOW(__SRAM_START+__DSTACK_SIZE)
00006f e0d1      	LDI  R29,HIGH(__SRAM_START+__DSTACK_SIZE)
                 
000070 940c 009d 	JMP  _main
                 
                 	.ESEG
                 	.ORG 0
                 
                 	.DSEG
                 	.ORG 0x160
                 
                 	.CSEG
                 ;/*******************************************************
                 ;This program was created by the
                 ;CodeWizardAVR V3.14 Advanced
                 ;Automatic Program Generator
                 ;© Copyright 1998-2014 Pavel Haiduc, HP InfoTech s.r.l.
                 ;http://www.hpinfotech.com
                 ;
                 ;Project :
                 ;Version :
                 ;Date    : 24/05/2024
                 ;Author  :
                 ;Company :
                 ;Comments:
                 ;
                 ;
                 ;Chip type               : ATmega16
                 ;Program type            : Application
                 ;AVR Core Clock frequency: 8.000000 MHz
                 ;Memory model            : Small
                 ;External RAM size       : 0
                 ;Data Stack size         : 256
                 ;*******************************************************/
                 ;
                 ;#include <mega16.h>
                 	#ifndef __SLEEP_DEFINED__
                 	#define __SLEEP_DEFINED__
                 	.EQU __se_bit=0x40
                 	.EQU __sm_mask=0xB0
                 	.EQU __sm_powerdown=0x20
                 	.EQU __sm_powersave=0x30
                 	.EQU __sm_standby=0xA0
                 	.EQU __sm_ext_standby=0xB0
                 	.EQU __sm_adc_noise_red=0x10
                 	.SET power_ctrl_reg=mcucr
                 	#endif
                 ;
                 ;// Alphanumeric LCD functions
                 ;#include <alcd.h>
                 ;#include <stdio.h>
                 ;#include <stdbool.h>
                 ;
                 ;
                 ;// Declare your global variables here
                 ;
                 ;int minute = 0;
                 ;int secend = 0;
                 ;int ms = 0;
                 ;bool flag = false;
                 ;
                 ;// Timer 0 overflow interrupt service routine
                 ;interrupt [TIM0_OVF] void timer0_ovf_isr(void)
                 ; 0000 0029 {
                 
                 	.CSEG
                 _timer0_ovf_isr:
                 ; .FSTART _timer0_ovf_isr
000072 93ea      	ST   -Y,R30
000073 93fa      	ST   -Y,R31
000074 b7ef      	IN   R30,SREG
000075 93ea      	ST   -Y,R30
                 ; 0000 002A // Reinitialize Timer 0 value
                 ; 0000 002B TCNT0=0x83;
000076 e8e3      	LDI  R30,LOW(131)
000077 bfe2      	OUT  0x32,R30
                 ; 0000 002C // Place your code here
                 ; 0000 002D if (flag)
000078 20bb      	TST  R11
000079 f019      	BREQ _0x3
                 ; 0000 002E {
                 ; 0000 002F ms++;
00007a 01f4      	MOVW R30,R8
00007b 9631      	ADIW R30,1
00007c 014f      	MOVW R8,R30
                 ; 0000 0030 }
                 ; 0000 0031 if( ms == 100)
                 _0x3:
00007d e6e4      	LDI  R30,LOW(100)
00007e e0f0      	LDI  R31,HIGH(100)
00007f 15e8      	CP   R30,R8
000080 05f9      	CPC  R31,R9
000081 f429      	BRNE _0x4
                 ; 0000 0032 {
                 ; 0000 0033 ms = 0;
000082 2488      	CLR  R8
000083 2499      	CLR  R9
                 ; 0000 0034 secend++;
000084 01f3      	MOVW R30,R6
000085 9631      	ADIW R30,1
000086 013f      	MOVW R6,R30
                 ; 0000 0035 
                 ; 0000 0036 }
                 ; 0000 0037 if ( secend == 60)
                 _0x4:
000087 e3ec      	LDI  R30,LOW(60)
000088 e0f0      	LDI  R31,HIGH(60)
000089 15e6      	CP   R30,R6
00008a 05f7      	CPC  R31,R7
00008b f429      	BRNE _0x5
                 ; 0000 0038 {
                 ; 0000 0039  secend = 0;
00008c 2466      	CLR  R6
00008d 2477      	CLR  R7
                 ; 0000 003A  minute++;
00008e 01f2      	MOVW R30,R4
00008f 9631      	ADIW R30,1
000090 012f      	MOVW R4,R30
                 ; 0000 003B }
                 ; 0000 003C 
                 ; 0000 003D if ( minute == 60)
                 _0x5:
000091 e3ec      	LDI  R30,LOW(60)
000092 e0f0      	LDI  R31,HIGH(60)
000093 15e4      	CP   R30,R4
000094 05f5      	CPC  R31,R5
000095 f411      	BRNE _0x6
                 ; 0000 003E {
                 ; 0000 003F  minute =0;
000096 2444      	CLR  R4
000097 2455      	CLR  R5
                 ; 0000 0040 }
                 ; 0000 0041 
                 ; 0000 0042 }
                 _0x6:
000098 91e9      	LD   R30,Y+
000099 bfef      	OUT  SREG,R30
00009a 91f9      	LD   R31,Y+
00009b 91e9      	LD   R30,Y+
00009c 9518      	RETI
                 ; .FEND
                 ;
                 ;void main(void)
                 ; 0000 0045 {
                 _main:
                 ; .FSTART _main
                 ; 0000 0046 // Declare your local variables here
                 ; 0000 0047 char str_minute[3];
                 ; 0000 0048 char str_secend[3];
                 ; 0000 0049 // Input/Output Ports initialization
                 ; 0000 004A // Port A initialization
                 ; 0000 004B // Function: Bit7=In Bit6=In Bit5=In Bit4=In Bit3=In Bit2=In Bit1=In Bit0=In
                 ; 0000 004C DDRA=(0<<DDA7) | (0<<DDA6) | (0<<DDA5) | (0<<DDA4) | (0<<DDA3) | (0<<DDA2) | (0<<DDA1) | (0<<DDA0);
00009d 9726      	SBIW R28,6
                 ;	str_minute -> Y+3
                 ;	str_secend -> Y+0
00009e e0e0      	LDI  R30,LOW(0)
00009f bbea      	OUT  0x1A,R30
                 ; 0000 004D // State: Bit7=T Bit6=T Bit5=T Bit4=T Bit3=T Bit2=T Bit1=T Bit0=T
                 ; 0000 004E PORTA=(0<<PORTA7) | (0<<PORTA6) | (0<<PORTA5) | (0<<PORTA4) | (0<<PORTA3) | (0<<PORTA2) | (0<<PORTA1) | (0<<PORTA0);
0000a0 bbeb      	OUT  0x1B,R30
                 ; 0000 004F 
                 ; 0000 0050 // Port B initialization
                 ; 0000 0051 // Function: Bit7=In Bit6=In Bit5=In Bit4=In Bit3=In Bit2=In Bit1=In Bit0=In
                 ; 0000 0052 DDRB=(0<<DDB7) | (0<<DDB6) | (0<<DDB5) | (0<<DDB4) | (0<<DDB3) | (0<<DDB2) | (0<<DDB1) | (0<<DDB0);
0000a1 bbe7      	OUT  0x17,R30
                 ; 0000 0053 // State: Bit7=T Bit6=T Bit5=T Bit4=T Bit3=T Bit2=T Bit1=T Bit0=T
                 ; 0000 0054 PORTB=(0<<PORTB7) | (0<<PORTB6) | (0<<PORTB5) | (0<<PORTB4) | (0<<PORTB3) | (0<<PORTB2) | (0<<PORTB1) | (0<<PORTB0);
0000a2 bbe8      	OUT  0x18,R30
                 ; 0000 0055 
                 ; 0000 0056 // Port C initialization
                 ; 0000 0057 // Function: Bit7=In Bit6=In Bit5=In Bit4=In Bit3=In Bit2=In Bit1=In Bit0=In
                 ; 0000 0058 DDRC=(0<<DDC7) | (0<<DDC6) | (0<<DDC5) | (0<<DDC4) | (0<<DDC3) | (0<<DDC2) | (0<<DDC1) | (0<<DDC0);
0000a3 bbe4      	OUT  0x14,R30
                 ; 0000 0059 // State: Bit7=T Bit6=T Bit5=T Bit4=T Bit3=T Bit2=T Bit1=T Bit0=T
                 ; 0000 005A PORTC=(0<<PORTC7) | (0<<PORTC6) | (0<<PORTC5) | (0<<PORTC4) | (0<<PORTC3) | (0<<PORTC2) | (0<<PORTC1) | (0<<PORTC0);
0000a4 bbe5      	OUT  0x15,R30
                 ; 0000 005B 
                 ; 0000 005C // Port D initialization
                 ; 0000 005D // Function: Bit7=In Bit6=In Bit5=In Bit4=In Bit3=In Bit2=In Bit1=In Bit0=In
                 ; 0000 005E DDRD=(0<<DDD7) | (0<<DDD6) | (0<<DDD5) | (0<<DDD4) | (0<<DDD3) | (0<<DDD2) | (0<<DDD1) | (0<<DDD0);
0000a5 bbe1      	OUT  0x11,R30
                 ; 0000 005F // State: Bit7=T Bit6=T Bit5=T Bit4=T Bit3=T Bit2=T Bit1=T Bit0=T
                 ; 0000 0060 PORTD=(0<<PORTD7) | (0<<PORTD6) | (0<<PORTD5) | (0<<PORTD4) | (0<<PORTD3) | (0<<PORTD2) | (0<<PORTD1) | (0<<PORTD0);
0000a6 bbe2      	OUT  0x12,R30
                 ; 0000 0061 
                 ; 0000 0062 // Timer/Counter 0 initialization
                 ; 0000 0063 // Clock source: System Clock
                 ; 0000 0064 // Clock value: 125.000 kHz
                 ; 0000 0065 // Mode: Normal top=0xFF
                 ; 0000 0066 // OC0 output: Disconnected
                 ; 0000 0067 // Timer Period: 1 ms
                 ; 0000 0068 TCCR0=(0<<WGM00) | (0<<COM01) | (0<<COM00) | (0<<WGM01) | (0<<CS02) | (1<<CS01) | (1<<CS00);
0000a7 e0e3      	LDI  R30,LOW(3)
0000a8 bfe3      	OUT  0x33,R30
                 ; 0000 0069 TCNT0=0x83;
0000a9 e8e3      	LDI  R30,LOW(131)
0000aa bfe2      	OUT  0x32,R30
                 ; 0000 006A OCR0=0x00;
0000ab e0e0      	LDI  R30,LOW(0)
0000ac bfec      	OUT  0x3C,R30
                 ; 0000 006B 
                 ; 0000 006C // Timer/Counter 1 initialization
                 ; 0000 006D // Clock source: System Clock
                 ; 0000 006E // Clock value: Timer1 Stopped
                 ; 0000 006F // Mode: Normal top=0xFFFF
                 ; 0000 0070 // OC1A output: Disconnected
                 ; 0000 0071 // OC1B output: Disconnected
                 ; 0000 0072 // Noise Canceler: Off
                 ; 0000 0073 // Input Capture on Falling Edge
                 ; 0000 0074 // Timer1 Overflow Interrupt: Off
                 ; 0000 0075 // Input Capture Interrupt: Off
                 ; 0000 0076 // Compare A Match Interrupt: Off
                 ; 0000 0077 // Compare B Match Interrupt: Off
                 ; 0000 0078 TCCR1A=(0<<COM1A1) | (0<<COM1A0) | (0<<COM1B1) | (0<<COM1B0) | (0<<WGM11) | (0<<WGM10);
0000ad bdef      	OUT  0x2F,R30
                 ; 0000 0079 TCCR1B=(0<<ICNC1) | (0<<ICES1) | (0<<WGM13) | (0<<WGM12) | (0<<CS12) | (0<<CS11) | (0<<CS10);
0000ae bdee      	OUT  0x2E,R30
                 ; 0000 007A TCNT1H=0x00;
0000af bded      	OUT  0x2D,R30
                 ; 0000 007B TCNT1L=0x00;
0000b0 bdec      	OUT  0x2C,R30
                 ; 0000 007C ICR1H=0x00;
0000b1 bde7      	OUT  0x27,R30
                 ; 0000 007D ICR1L=0x00;
0000b2 bde6      	OUT  0x26,R30
                 ; 0000 007E OCR1AH=0x00;
0000b3 bdeb      	OUT  0x2B,R30
                 ; 0000 007F OCR1AL=0x00;
0000b4 bdea      	OUT  0x2A,R30
                 ; 0000 0080 OCR1BH=0x00;
0000b5 bde9      	OUT  0x29,R30
                 ; 0000 0081 OCR1BL=0x00;
0000b6 bde8      	OUT  0x28,R30
                 ; 0000 0082 
                 ; 0000 0083 // Timer/Counter 2 initialization
                 ; 0000 0084 // Clock source: System Clock
                 ; 0000 0085 // Clock value: Timer2 Stopped
                 ; 0000 0086 // Mode: Normal top=0xFF
                 ; 0000 0087 // OC2 output: Disconnected
                 ; 0000 0088 ASSR=0<<AS2;
0000b7 bde2      	OUT  0x22,R30
                 ; 0000 0089 TCCR2=(0<<PWM2) | (0<<COM21) | (0<<COM20) | (0<<CTC2) | (0<<CS22) | (0<<CS21) | (0<<CS20);
0000b8 bde5      	OUT  0x25,R30
                 ; 0000 008A TCNT2=0x00;
0000b9 bde4      	OUT  0x24,R30
                 ; 0000 008B OCR2=0x00;
0000ba bde3      	OUT  0x23,R30
                 ; 0000 008C 
                 ; 0000 008D // Timer(s)/Counter(s) Interrupt(s) initialization
                 ; 0000 008E TIMSK=(0<<OCIE2) | (0<<TOIE2) | (0<<TICIE1) | (0<<OCIE1A) | (0<<OCIE1B) | (0<<TOIE1) | (0<<OCIE0) | (1<<TOIE0);
0000bb e0e1      	LDI  R30,LOW(1)
0000bc bfe9      	OUT  0x39,R30
                 ; 0000 008F 
                 ; 0000 0090 // External Interrupt(s) initialization
                 ; 0000 0091 // INT0: Off
                 ; 0000 0092 // INT1: Off
                 ; 0000 0093 // INT2: Off
                 ; 0000 0094 MCUCR=(0<<ISC11) | (0<<ISC10) | (0<<ISC01) | (0<<ISC00);
0000bd e0e0      	LDI  R30,LOW(0)
0000be bfe5      	OUT  0x35,R30
                 ; 0000 0095 MCUCSR=(0<<ISC2);
0000bf bfe4      	OUT  0x34,R30
                 ; 0000 0096 
                 ; 0000 0097 // USART initialization
                 ; 0000 0098 // USART disabled
                 ; 0000 0099 UCSRB=(0<<RXCIE) | (0<<TXCIE) | (0<<UDRIE) | (0<<RXEN) | (0<<TXEN) | (0<<UCSZ2) | (0<<RXB8) | (0<<TXB8);
0000c0 b9ea      	OUT  0xA,R30
                 ; 0000 009A 
                 ; 0000 009B // Analog Comparator initialization
                 ; 0000 009C // Analog Comparator: Off
                 ; 0000 009D // The Analog Comparator's positive input is
                 ; 0000 009E // connected to the AIN0 pin
                 ; 0000 009F // The Analog Comparator's negative input is
                 ; 0000 00A0 // connected to the AIN1 pin
                 ; 0000 00A1 ACSR=(1<<ACD) | (0<<ACBG) | (0<<ACO) | (0<<ACI) | (0<<ACIE) | (0<<ACIC) | (0<<ACIS1) | (0<<ACIS0);
0000c1 e8e0      	LDI  R30,LOW(128)
0000c2 b9e8      	OUT  0x8,R30
                 ; 0000 00A2 SFIOR=(0<<ACME);
0000c3 e0e0      	LDI  R30,LOW(0)
0000c4 bfe0      	OUT  0x30,R30
                 ; 0000 00A3 
                 ; 0000 00A4 // ADC initialization
                 ; 0000 00A5 // ADC disabled
                 ; 0000 00A6 ADCSRA=(0<<ADEN) | (0<<ADSC) | (0<<ADATE) | (0<<ADIF) | (0<<ADIE) | (0<<ADPS2) | (0<<ADPS1) | (0<<ADPS0);
0000c5 b9e6      	OUT  0x6,R30
                 ; 0000 00A7 
                 ; 0000 00A8 // SPI initialization
                 ; 0000 00A9 // SPI disabled
                 ; 0000 00AA SPCR=(0<<SPIE) | (0<<SPE) | (0<<DORD) | (0<<MSTR) | (0<<CPOL) | (0<<CPHA) | (0<<SPR1) | (0<<SPR0);
0000c6 b9ed      	OUT  0xD,R30
                 ; 0000 00AB 
                 ; 0000 00AC // TWI initialization
                 ; 0000 00AD // TWI disabled
                 ; 0000 00AE TWCR=(0<<TWEA) | (0<<TWSTA) | (0<<TWSTO) | (0<<TWEN) | (0<<TWIE);
0000c7 bfe6      	OUT  0x36,R30
                 ; 0000 00AF 
                 ; 0000 00B0 // Alphanumeric LCD initialization
                 ; 0000 00B1 // Connections are specified in the
                 ; 0000 00B2 // Project|Configure|C Compiler|Libraries|Alphanumeric LCD menu:
                 ; 0000 00B3 // RS - PORTA Bit 0
                 ; 0000 00B4 // RD - PORTA Bit 1
                 ; 0000 00B5 // EN - PORTA Bit 2
                 ; 0000 00B6 // D4 - PORTA Bit 4
                 ; 0000 00B7 // D5 - PORTA Bit 5
                 ; 0000 00B8 // D6 - PORTA Bit 6
                 ; 0000 00B9 // D7 - PORTA Bit 7
                 ; 0000 00BA // Characters/line: 8
                 ; 0000 00BB lcd_init(8);
0000c8 e0a8      	LDI  R26,LOW(8)
0000c9 d099      	RCALL _lcd_init
                 ; 0000 00BC 
                 ; 0000 00BD // Global enable interrupts
                 ; 0000 00BE #asm("sei")
0000ca 9478      	sei
                 ; 0000 00BF 
                 ; 0000 00C0 while (1)
                 _0x7:
                 ; 0000 00C1       {
                 ; 0000 00C2       if( PINC.0 == 1)
0000cb 9b98      	SBIS 0x13,0
0000cc c008      	RJMP _0xA
                 ; 0000 00C3       {
                 ; 0000 00C4       while(PINC.0 == 1){}
                 _0xB:
0000cd 9998      	SBIC 0x13,0
0000ce cffe      	RJMP _0xB
                 ; 0000 00C5        ms = 0;
0000cf 2488      	CLR  R8
0000d0 2499      	CLR  R9
                 ; 0000 00C6        secend = 0;
0000d1 2466      	CLR  R6
0000d2 2477      	CLR  R7
                 ; 0000 00C7        flag = true;
0000d3 e0e1      	LDI  R30,LOW(1)
0000d4 2ebe      	MOV  R11,R30
                 ; 0000 00C8 
                 ; 0000 00C9       }
                 ; 0000 00CA       if(PINC.1 == 1)
                 _0xA:
0000d5 9b99      	SBIS 0x13,1
0000d6 c003      	RJMP _0xE
                 ; 0000 00CB       {
                 ; 0000 00CC       while(PINC.1 == 1){}
                 _0xF:
0000d7 9999      	SBIC 0x13,1
0000d8 cffe      	RJMP _0xF
                 ; 0000 00CD       flag = 0;
0000d9 24bb      	CLR  R11
                 ; 0000 00CE 
                 ; 0000 00CF       }
                 ; 0000 00D0       if(PINC.2 == 1)
                 _0xE:
0000da 9b9a      	SBIS 0x13,2
0000db c008      	RJMP _0x12
                 ; 0000 00D1       {
                 ; 0000 00D2       while(PINC.2 == 1){}
                 _0x13:
0000dc 999a      	SBIC 0x13,2
0000dd cffe      	RJMP _0x13
                 ; 0000 00D3       flag = 0;
0000de 24bb      	CLR  R11
                 ; 0000 00D4       ms = 0;
0000df 2488      	CLR  R8
0000e0 2499      	CLR  R9
                 ; 0000 00D5       secend = 0;
0000e1 2466      	CLR  R6
0000e2 2477      	CLR  R7
                 ; 0000 00D6       lcd_clear();
0000e3 d04d      	RCALL _lcd_clear
                 ; 0000 00D7       }
                 ; 0000 00D8 
                 ; 0000 00D9       sprintf(str_minute,"%d",minute);
                 _0x12:
0000e4 01fe      	MOVW R30,R28
0000e5 9633      	ADIW R30,3
0000e6 940e 0352 	CALL SUBOPT_0x0
0000e8 01f2      	MOVW R30,R4
0000e9 940e 0359 	CALL SUBOPT_0x1
                 ; 0000 00DA       lcd_gotoxy(3,0);
0000eb e0e3      	LDI  R30,LOW(3)
0000ec 940e 0362 	CALL SUBOPT_0x2
                 ; 0000 00DB       lcd_puts(str_minute);
0000ee 01de      	MOVW R26,R28
0000ef 9613      	ADIW R26,3
0000f0 d061      	RCALL _lcd_puts
                 ; 0000 00DC 
                 ; 0000 00DD 
                 ; 0000 00DE 
                 ; 0000 00DF       lcd_gotoxy(5,0);
0000f1 e0e5      	LDI  R30,LOW(5)
0000f2 940e 0362 	CALL SUBOPT_0x2
                 ; 0000 00E0       lcd_puts(":");
                +
0000f4 e6a0     +LDI R26 , LOW ( _0x16 + ( 0 ) )
0000f5 e0b1     +LDI R27 , HIGH ( _0x16 + ( 0 ) )
                 	__POINTW2MN _0x16,0
0000f6 d05b      	RCALL _lcd_puts
                 ; 0000 00E1 
                 ; 0000 00E2 
                 ; 0000 00E3       sprintf(str_secend,"%d",secend);
0000f7 01fe      	MOVW R30,R28
0000f8 940e 0352 	CALL SUBOPT_0x0
0000fa 01f3      	MOVW R30,R6
0000fb 940e 0359 	CALL SUBOPT_0x1
                 ; 0000 00E4       lcd_gotoxy(6,0);
0000fd e0e6      	LDI  R30,LOW(6)
0000fe 940e 0362 	CALL SUBOPT_0x2
                 ; 0000 00E5       lcd_puts(str_secend);
000100 01de      	MOVW R26,R28
000101 d050      	RCALL _lcd_puts
                 ; 0000 00E6 
                 ; 0000 00E7       }
000102 cfc8      	RJMP _0x7
                 ; 0000 00E8 }
                 _0x17:
000103 cfff      	RJMP _0x17
                 ; .FEND
                 
                 	.DSEG
                 _0x16:
000160           	.BYTE 0x2
                 	#ifndef __SLEEP_DEFINED__
                 	#endif
                 
                 	.DSEG
                 
                 	.CSEG
                 __lcd_write_nibble_G100:
                 ; .FSTART __lcd_write_nibble_G100
000104 93aa      	ST   -Y,R26
000105 b3eb      	IN   R30,0x1B
000106 70ef      	ANDI R30,LOW(0xF)
000107 2fae      	MOV  R26,R30
000108 81e8      	LD   R30,Y
000109 7fe0      	ANDI R30,LOW(0xF0)
00010a 2bea      	OR   R30,R26
00010b bbeb      	OUT  0x1B,R30
                +
00010c e08d     +LDI R24 , LOW ( 13 )
                +__DELAY_USB_LOOP :
00010d 958a     +DEC R24
00010e f7f1     +BRNE __DELAY_USB_LOOP
                 	__DELAY_USB 13
00010f 9ada      	SBI  0x1B,2
                +
000110 e08d     +LDI R24 , LOW ( 13 )
                +__DELAY_USB_LOOP :
000111 958a     +DEC R24
000112 f7f1     +BRNE __DELAY_USB_LOOP
                 	__DELAY_USB 13
000113 98da      	CBI  0x1B,2
                +
000114 e08d     +LDI R24 , LOW ( 13 )
                +__DELAY_USB_LOOP :
000115 958a     +DEC R24
000116 f7f1     +BRNE __DELAY_USB_LOOP
                 	__DELAY_USB 13
000117 c077      	RJMP _0x2080002
                 ; .FEND
                 __lcd_write_data:
                 ; .FSTART __lcd_write_data
000118 93aa      	ST   -Y,R26
000119 81a8      	LD   R26,Y
00011a dfe9      	RCALL __lcd_write_nibble_G100
00011b 81e8          ld    r30,y
00011c 95e2          swap  r30
00011d 83e8          st    y,r30
00011e 81a8      	LD   R26,Y
00011f dfe4      	RCALL __lcd_write_nibble_G100
                +
000120 e885     +LDI R24 , LOW ( 133 )
                +__DELAY_USB_LOOP :
000121 958a     +DEC R24
000122 f7f1     +BRNE __DELAY_USB_LOOP
                 	__DELAY_USB 133
000123 c06b      	RJMP _0x2080002
                 ; .FEND
                 _lcd_gotoxy:
                 ; .FSTART _lcd_gotoxy
000124 93aa      	ST   -Y,R26
000125 81e8      	LD   R30,Y
000126 e0f0      	LDI  R31,0
000127 59ee      	SUBI R30,LOW(-__base_y_G100)
000128 4ffe      	SBCI R31,HIGH(-__base_y_G100)
000129 81e0      	LD   R30,Z
00012a 81a9      	LDD  R26,Y+1
00012b 0fae      	ADD  R26,R30
00012c dfeb      	RCALL __lcd_write_data
00012d 80a9      	LDD  R10,Y+1
00012e 80d8      	LDD  R13,Y+0
00012f 9622      	ADIW R28,2
000130 9508      	RET
                 ; .FEND
                 _lcd_clear:
                 ; .FSTART _lcd_clear
000131 e0a2      	LDI  R26,LOW(2)
000132 940e 0366 	CALL SUBOPT_0x3
000134 e0ac      	LDI  R26,LOW(12)
000135 dfe2      	RCALL __lcd_write_data
000136 e0a1      	LDI  R26,LOW(1)
000137 940e 0366 	CALL SUBOPT_0x3
000139 e0e0      	LDI  R30,LOW(0)
00013a 2ede      	MOV  R13,R30
00013b 2eae      	MOV  R10,R30
00013c 9508      	RET
                 ; .FEND
                 _lcd_putchar:
                 ; .FSTART _lcd_putchar
00013d 93aa      	ST   -Y,R26
00013e 81a8      	LD   R26,Y
00013f 30aa      	CPI  R26,LOW(0xA)
000140 f011      	BREQ _0x2000005
000141 14ac      	CP   R10,R12
000142 f048      	BRLO _0x2000004
                 _0x2000005:
000143 e0e0      	LDI  R30,LOW(0)
000144 93ea      	ST   -Y,R30
000145 94d3      	INC  R13
000146 2dad      	MOV  R26,R13
000147 dfdc      	RCALL _lcd_gotoxy
000148 81a8      	LD   R26,Y
000149 30aa      	CPI  R26,LOW(0xA)
00014a f409      	BRNE _0x2000007
00014b c043      	RJMP _0x2080002
                 _0x2000007:
                 _0x2000004:
00014c 94a3      	INC  R10
00014d 9ad8      	SBI  0x1B,0
00014e 81a8      	LD   R26,Y
00014f dfc8      	RCALL __lcd_write_data
000150 98d8      	CBI  0x1B,0
000151 c03d      	RJMP _0x2080002
                 ; .FEND
                 _lcd_puts:
                 ; .FSTART _lcd_puts
000152 93ba      	ST   -Y,R27
000153 93aa      	ST   -Y,R26
000154 931a      	ST   -Y,R17
                 _0x2000008:
000155 81a9      	LDD  R26,Y+1
000156 81ba      	LDD  R27,Y+1+1
000157 91ed      	LD   R30,X+
000158 83a9      	STD  Y+1,R26
000159 83ba      	STD  Y+1+1,R27
00015a 2f1e      	MOV  R17,R30
00015b 30e0      	CPI  R30,0
00015c f019      	BREQ _0x200000A
00015d 2fa1      	MOV  R26,R17
00015e dfde      	RCALL _lcd_putchar
00015f cff5      	RJMP _0x2000008
                 _0x200000A:
000160 8118      	LDD  R17,Y+0
000161 9623      	ADIW R28,3
000162 9508      	RET
                 ; .FEND
                 _lcd_init:
                 ; .FSTART _lcd_init
000163 93aa      	ST   -Y,R26
000164 b3ea      	IN   R30,0x1A
000165 6fe0      	ORI  R30,LOW(0xF0)
000166 bbea      	OUT  0x1A,R30
000167 9ad2      	SBI  0x1A,2
000168 9ad0      	SBI  0x1A,0
000169 9ad1      	SBI  0x1A,1
00016a 98da      	CBI  0x1B,2
00016b 98d8      	CBI  0x1B,0
00016c 98d9      	CBI  0x1B,1
00016d 80c8      	LDD  R12,Y+0
00016e 81e8      	LD   R30,Y
00016f 58e0      	SUBI R30,-LOW(128)
                +
000170 93e0 0164+STS __base_y_G100 + ( 2 ) , R30
                 	__PUTB1MN __base_y_G100,2
000172 81e8      	LD   R30,Y
000173 54e0      	SUBI R30,-LOW(192)
                +
000174 93e0 0165+STS __base_y_G100 + ( 3 ) , R30
                 	__PUTB1MN __base_y_G100,3
000176 e1a4      	LDI  R26,LOW(20)
000177 e0b0      	LDI  R27,0
000178 940e 03a0 	CALL _delay_ms
00017a 940e 036c 	CALL SUBOPT_0x4
00017c 940e 036c 	CALL SUBOPT_0x4
00017e 940e 036c 	CALL SUBOPT_0x4
000180 e2a0      	LDI  R26,LOW(32)
000181 df82      	RCALL __lcd_write_nibble_G100
                +
000182 ec88     +LDI R24 , LOW ( 200 )
000183 e090     +LDI R25 , HIGH ( 200 )
                +__DELAY_USW_LOOP :
000184 9701     +SBIW R24 , 1
000185 f7f1     +BRNE __DELAY_USW_LOOP
                 	__DELAY_USW 200
000186 e2a8      	LDI  R26,LOW(40)
000187 df90      	RCALL __lcd_write_data
000188 e0a4      	LDI  R26,LOW(4)
000189 df8e      	RCALL __lcd_write_data
00018a e8a5      	LDI  R26,LOW(133)
00018b df8c      	RCALL __lcd_write_data
00018c e0a6      	LDI  R26,LOW(6)
00018d df8a      	RCALL __lcd_write_data
00018e dfa2      	RCALL _lcd_clear
                 _0x2080002:
00018f 9621      	ADIW R28,1
000190 9508      	RET
                 ; .FEND
                 	#ifndef __SLEEP_DEFINED__
                 	#endif
                 
                 	.CSEG
                 _put_buff_G101:
                 ; .FSTART _put_buff_G101
000191 93ba      	ST   -Y,R27
000192 93aa      	ST   -Y,R26
000193 931a      	ST   -Y,R17
000194 930a      	ST   -Y,R16
000195 81aa      	LDD  R26,Y+2
000196 81bb      	LDD  R27,Y+2+1
000197 9612      	ADIW R26,2
000198 940e 03b7 	CALL __GETW1P
00019a 9730      	SBIW R30,0
00019b f159      	BREQ _0x2020010
00019c 81aa      	LDD  R26,Y+2
00019d 81bb      	LDD  R27,Y+2+1
00019e 9614      	ADIW R26,4
00019f 940e 03b7 	CALL __GETW1P
0001a1 018f      	MOVW R16,R30
0001a2 9730      	SBIW R30,0
0001a3 f061      	BREQ _0x2020012
                +
0001a4 3002     +CPI R16 , LOW ( 2 )
0001a5 e0e0     +LDI R30 , HIGH ( 2 )
0001a6 071e     +CPC R17 , R30
                 	__CPWRN 16,17,2
0001a7 f098      	BRLO _0x2020013
0001a8 01f8      	MOVW R30,R16
0001a9 9731      	SBIW R30,1
0001aa 018f      	MOVW R16,R30
                +
0001ab 81aa     +LDD R26 , Y + 2
0001ac 81bb     +LDD R27 , Y + 2 + 1
0001ad 9614     +ADIW R26 , 4
0001ae 93ed     +ST X + , R30
0001af 93fc     +ST X , R31
                 	__PUTW1SNS 2,4
                 _0x2020012:
0001b0 81aa      	LDD  R26,Y+2
0001b1 81bb      	LDD  R27,Y+2+1
0001b2 9612      	ADIW R26,2
0001b3 91ed      	LD   R30,X+
0001b4 91fd      	LD   R31,X+
0001b5 9631      	ADIW R30,1
0001b6 93fe      	ST   -X,R31
0001b7 93ee      	ST   -X,R30
0001b8 9731      	SBIW R30,1
0001b9 81ac      	LDD  R26,Y+4
0001ba 83a0      	STD  Z+0,R26
                 _0x2020013:
0001bb 81aa      	LDD  R26,Y+2
0001bc 81bb      	LDD  R27,Y+2+1
0001bd 940e 03b7 	CALL __GETW1P
0001bf 23ff      	TST  R31
0001c0 f02a      	BRMI _0x2020014
0001c1 91ed      	LD   R30,X+
0001c2 91fd      	LD   R31,X+
0001c3 9631      	ADIW R30,1
0001c4 93fe      	ST   -X,R31
0001c5 93ee      	ST   -X,R30
                 _0x2020014:
0001c6 c006      	RJMP _0x2020015
                 _0x2020010:
0001c7 81aa      	LDD  R26,Y+2
0001c8 81bb      	LDD  R27,Y+2+1
0001c9 efef      	LDI  R30,LOW(65535)
0001ca efff      	LDI  R31,HIGH(65535)
0001cb 93ed      	ST   X+,R30
0001cc 93fc      	ST   X,R31
                 _0x2020015:
0001cd 8119      	LDD  R17,Y+1
0001ce 8108      	LDD  R16,Y+0
0001cf 9625      	ADIW R28,5
0001d0 9508      	RET
                 ; .FEND
                 __print_G101:
                 ; .FSTART __print_G101
0001d1 93ba      	ST   -Y,R27
0001d2 93aa      	ST   -Y,R26
0001d3 9726      	SBIW R28,6
0001d4 940e 03c4 	CALL __SAVELOCR6
0001d6 e010      	LDI  R17,0
0001d7 85ac      	LDD  R26,Y+12
0001d8 85bd      	LDD  R27,Y+12+1
0001d9 e0e0      	LDI  R30,LOW(0)
0001da e0f0      	LDI  R31,HIGH(0)
0001db 93ed      	ST   X+,R30
0001dc 93fc      	ST   X,R31
                 _0x2020016:
0001dd 89ea      	LDD  R30,Y+18
0001de 89fb      	LDD  R31,Y+18+1
0001df 9631      	ADIW R30,1
0001e0 8bea      	STD  Y+18,R30
0001e1 8bfb      	STD  Y+18+1,R31
0001e2 9731      	SBIW R30,1
0001e3 91e4      	LPM  R30,Z
0001e4 2f2e      	MOV  R18,R30
0001e5 30e0      	CPI  R30,0
0001e6 f409      	BRNE PC+2
0001e7 c115      	RJMP _0x2020018
0001e8 2fe1      	MOV  R30,R17
0001e9 30e0      	CPI  R30,0
0001ea f439      	BRNE _0x202001C
0001eb 3225      	CPI  R18,37
0001ec f411      	BRNE _0x202001D
0001ed e011      	LDI  R17,LOW(1)
0001ee c002      	RJMP _0x202001E
                 _0x202001D:
0001ef 940e 0374 	CALL SUBOPT_0x5
                 _0x202001E:
0001f1 c10a      	RJMP _0x202001B
                 _0x202001C:
0001f2 30e1      	CPI  R30,LOW(0x1)
0001f3 f4a9      	BRNE _0x202001F
0001f4 3225      	CPI  R18,37
0001f5 f419      	BRNE _0x2020020
0001f6 940e 0374 	CALL SUBOPT_0x5
0001f8 c102      	RJMP _0x20200CC
                 _0x2020020:
0001f9 e012      	LDI  R17,LOW(2)
0001fa e040      	LDI  R20,LOW(0)
0001fb e000      	LDI  R16,LOW(0)
0001fc 322d      	CPI  R18,45
0001fd f411      	BRNE _0x2020021
0001fe e001      	LDI  R16,LOW(1)
0001ff c0fc      	RJMP _0x202001B
                 _0x2020021:
000200 322b      	CPI  R18,43
000201 f411      	BRNE _0x2020022
000202 e24b      	LDI  R20,LOW(43)
000203 c0f8      	RJMP _0x202001B
                 _0x2020022:
000204 3220      	CPI  R18,32
000205 f411      	BRNE _0x2020023
000206 e240      	LDI  R20,LOW(32)
000207 c0f4      	RJMP _0x202001B
                 _0x2020023:
000208 c002      	RJMP _0x2020024
                 _0x202001F:
000209 30e2      	CPI  R30,LOW(0x2)
00020a f439      	BRNE _0x2020025
                 _0x2020024:
00020b e050      	LDI  R21,LOW(0)
00020c e013      	LDI  R17,LOW(3)
00020d 3320      	CPI  R18,48
00020e f411      	BRNE _0x2020026
00020f 6800      	ORI  R16,LOW(128)
000210 c0eb      	RJMP _0x202001B
                 _0x2020026:
000211 c003      	RJMP _0x2020027
                 _0x2020025:
000212 30e3      	CPI  R30,LOW(0x3)
000213 f009      	BREQ PC+2
000214 c0e7      	RJMP _0x202001B
                 _0x2020027:
000215 3320      	CPI  R18,48
000216 f010      	BRLO _0x202002A
000217 332a      	CPI  R18,58
000218 f008      	BRLO _0x202002B
                 _0x202002A:
000219 c007      	RJMP _0x2020029
                 _0x202002B:
00021a e0aa      	LDI  R26,LOW(10)
00021b 9f5a      	MUL  R21,R26
00021c 2d50      	MOV  R21,R0
00021d 2fe2      	MOV  R30,R18
00021e 53e0      	SUBI R30,LOW(48)
00021f 0f5e      	ADD  R21,R30
000220 c0db      	RJMP _0x202001B
                 _0x2020029:
000221 2fe2      	MOV  R30,R18
000222 36e3      	CPI  R30,LOW(0x63)
000223 f449      	BRNE _0x202002F
000224 940e 037b 	CALL SUBOPT_0x6
000226 89e8      	LDD  R30,Y+16
000227 89f9      	LDD  R31,Y+16+1
000228 81a4      	LDD  R26,Z+4
000229 93aa      	ST   -Y,R26
00022a 940e 0381 	CALL SUBOPT_0x7
00022c c0ce      	RJMP _0x2020030
                 _0x202002F:
00022d 37e3      	CPI  R30,LOW(0x73)
00022e f441      	BRNE _0x2020032
00022f 940e 037b 	CALL SUBOPT_0x6
000231 940e 0387 	CALL SUBOPT_0x8
000233 940e 0339 	CALL _strlen
000235 2f1e      	MOV  R17,R30
000236 c00a      	RJMP _0x2020033
                 _0x2020032:
000237 37e0      	CPI  R30,LOW(0x70)
000238 f461      	BRNE _0x2020035
000239 940e 037b 	CALL SUBOPT_0x6
00023b 940e 0387 	CALL SUBOPT_0x8
00023d 940e 0345 	CALL _strlenf
00023f 2f1e      	MOV  R17,R30
000240 6008      	ORI  R16,LOW(8)
                 _0x2020033:
000241 6002      	ORI  R16,LOW(2)
000242 770f      	ANDI R16,LOW(127)
000243 e030      	LDI  R19,LOW(0)
000244 c034      	RJMP _0x2020036
                 _0x2020035:
000245 36e4      	CPI  R30,LOW(0x64)
000246 f011      	BREQ _0x2020039
000247 36e9      	CPI  R30,LOW(0x69)
000248 f411      	BRNE _0x202003A
                 _0x2020039:
000249 6004      	ORI  R16,LOW(4)
00024a c002      	RJMP _0x202003B
                 _0x202003A:
00024b 37e5      	CPI  R30,LOW(0x75)
00024c f431      	BRNE _0x202003C
                 _0x202003B:
00024d e5e4      	LDI  R30,LOW(_tbl10_G101*2)
00024e e0f0      	LDI  R31,HIGH(_tbl10_G101*2)
00024f 83ee      	STD  Y+6,R30
000250 83ff      	STD  Y+6+1,R31
000251 e015      	LDI  R17,LOW(5)
000252 c00c      	RJMP _0x202003D
                 _0x202003C:
000253 35e8      	CPI  R30,LOW(0x58)
000254 f411      	BRNE _0x202003F
000255 6008      	ORI  R16,LOW(8)
000256 c003      	RJMP _0x2020040
                 _0x202003F:
000257 37e8      	CPI  R30,LOW(0x78)
000258 f009      	BREQ PC+2
000259 c0a1      	RJMP _0x2020071
                 _0x2020040:
00025a e5ee      	LDI  R30,LOW(_tbl16_G101*2)
00025b e0f0      	LDI  R31,HIGH(_tbl16_G101*2)
00025c 83ee      	STD  Y+6,R30
00025d 83ff      	STD  Y+6+1,R31
00025e e014      	LDI  R17,LOW(4)
                 _0x202003D:
00025f ff02      	SBRS R16,2
000260 c014      	RJMP _0x2020042
000261 940e 037b 	CALL SUBOPT_0x6
000263 940e 0391 	CALL SUBOPT_0x9
000265 85ab      	LDD  R26,Y+11
000266 23aa      	TST  R26
000267 f43a      	BRPL _0x2020043
000268 85ea      	LDD  R30,Y+10
000269 85fb      	LDD  R31,Y+10+1
00026a 940e 03ae 	CALL __ANEGW1
00026c 87ea      	STD  Y+10,R30
00026d 87fb      	STD  Y+10+1,R31
00026e e24d      	LDI  R20,LOW(45)
                 _0x2020043:
00026f 3040      	CPI  R20,0
000270 f011      	BREQ _0x2020044
000271 5f1f      	SUBI R17,-LOW(1)
000272 c001      	RJMP _0x2020045
                 _0x2020044:
000273 7f0b      	ANDI R16,LOW(251)
                 _0x2020045:
000274 c004      	RJMP _0x2020046
                 _0x2020042:
000275 940e 037b 	CALL SUBOPT_0x6
000277 940e 0391 	CALL SUBOPT_0x9
                 _0x2020046:
                 _0x2020036:
000279 fd00      	SBRC R16,0
00027a c011      	RJMP _0x2020047
                 _0x2020048:
00027b 1715      	CP   R17,R21
00027c f478      	BRSH _0x202004A
00027d ff07      	SBRS R16,7
00027e c008      	RJMP _0x202004B
00027f ff02      	SBRS R16,2
000280 c004      	RJMP _0x202004C
000281 7f0b      	ANDI R16,LOW(251)
000282 2f24      	MOV  R18,R20
000283 5011      	SUBI R17,LOW(1)
000284 c001      	RJMP _0x202004D
                 _0x202004C:
000285 e320      	LDI  R18,LOW(48)
                 _0x202004D:
000286 c001      	RJMP _0x202004E
                 _0x202004B:
000287 e220      	LDI  R18,LOW(32)
                 _0x202004E:
000288 940e 0374 	CALL SUBOPT_0x5
00028a 5051      	SUBI R21,LOW(1)
00028b cfef      	RJMP _0x2020048
                 _0x202004A:
                 _0x2020047:
00028c 2f31      	MOV  R19,R17
00028d ff01      	SBRS R16,1
00028e c017      	RJMP _0x202004F
                 _0x2020050:
00028f 3030      	CPI  R19,0
000290 f0a1      	BREQ _0x2020052
000291 ff03      	SBRS R16,3
000292 c006      	RJMP _0x2020053
000293 81ee      	LDD  R30,Y+6
000294 81ff      	LDD  R31,Y+6+1
000295 9125      	LPM  R18,Z+
000296 83ee      	STD  Y+6,R30
000297 83ff      	STD  Y+6+1,R31
000298 c005      	RJMP _0x2020054
                 _0x2020053:
000299 81ae      	LDD  R26,Y+6
00029a 81bf      	LDD  R27,Y+6+1
00029b 912d      	LD   R18,X+
00029c 83ae      	STD  Y+6,R26
00029d 83bf      	STD  Y+6+1,R27
                 _0x2020054:
00029e 940e 0374 	CALL SUBOPT_0x5
0002a0 3050      	CPI  R21,0
0002a1 f009      	BREQ _0x2020055
0002a2 5051      	SUBI R21,LOW(1)
                 _0x2020055:
0002a3 5031      	SUBI R19,LOW(1)
0002a4 cfea      	RJMP _0x2020050
                 _0x2020052:
0002a5 c04b      	RJMP _0x2020056
                 _0x202004F:
                 _0x2020058:
0002a6 e320      	LDI  R18,LOW(48)
0002a7 81ee      	LDD  R30,Y+6
0002a8 81ff      	LDD  R31,Y+6+1
0002a9 940e 03bb 	CALL __GETW1PF
0002ab 87e8      	STD  Y+8,R30
0002ac 87f9      	STD  Y+8+1,R31
0002ad 81ee      	LDD  R30,Y+6
0002ae 81ff      	LDD  R31,Y+6+1
0002af 9632      	ADIW R30,2
0002b0 83ee      	STD  Y+6,R30
0002b1 83ff      	STD  Y+6+1,R31
                 _0x202005A:
0002b2 85e8      	LDD  R30,Y+8
0002b3 85f9      	LDD  R31,Y+8+1
0002b4 85aa      	LDD  R26,Y+10
0002b5 85bb      	LDD  R27,Y+10+1
0002b6 17ae      	CP   R26,R30
0002b7 07bf      	CPC  R27,R31
0002b8 f050      	BRLO _0x202005C
0002b9 5f2f      	SUBI R18,-LOW(1)
0002ba 85a8      	LDD  R26,Y+8
0002bb 85b9      	LDD  R27,Y+8+1
0002bc 85ea      	LDD  R30,Y+10
0002bd 85fb      	LDD  R31,Y+10+1
0002be 1bea      	SUB  R30,R26
0002bf 0bfb      	SBC  R31,R27
0002c0 87ea      	STD  Y+10,R30
0002c1 87fb      	STD  Y+10+1,R31
0002c2 cfef      	RJMP _0x202005A
                 _0x202005C:
0002c3 332a      	CPI  R18,58
0002c4 f028      	BRLO _0x202005D
0002c5 ff03      	SBRS R16,3
0002c6 c002      	RJMP _0x202005E
0002c7 5f29      	SUBI R18,-LOW(7)
0002c8 c001      	RJMP _0x202005F
                 _0x202005E:
0002c9 5d29      	SUBI R18,-LOW(39)
                 _0x202005F:
                 _0x202005D:
0002ca fd04      	SBRC R16,4
0002cb c01a      	RJMP _0x2020061
0002cc 3321      	CPI  R18,49
0002cd f420      	BRSH _0x2020063
0002ce 85a8      	LDD  R26,Y+8
0002cf 85b9      	LDD  R27,Y+8+1
0002d0 9711      	SBIW R26,1
0002d1 f409      	BRNE _0x2020062
                 _0x2020063:
0002d2 c009      	RJMP _0x20200CD
                 _0x2020062:
0002d3 1753      	CP   R21,R19
0002d4 f010      	BRLO _0x2020067
0002d5 ff00      	SBRS R16,0
0002d6 c001      	RJMP _0x2020068
                 _0x2020067:
0002d7 c013      	RJMP _0x2020066
                 _0x2020068:
0002d8 e220      	LDI  R18,LOW(32)
0002d9 ff07      	SBRS R16,7
0002da c00b      	RJMP _0x2020069
0002db e320      	LDI  R18,LOW(48)
                 _0x20200CD:
0002dc 6100      	ORI  R16,LOW(16)
0002dd ff02      	SBRS R16,2
0002de c007      	RJMP _0x202006A
0002df 7f0b      	ANDI R16,LOW(251)
0002e0 934a      	ST   -Y,R20
0002e1 940e 0381 	CALL SUBOPT_0x7
0002e3 3050      	CPI  R21,0
0002e4 f009      	BREQ _0x202006B
0002e5 5051      	SUBI R21,LOW(1)
                 _0x202006B:
                 _0x202006A:
                 _0x2020069:
                 _0x2020061:
0002e6 940e 0374 	CALL SUBOPT_0x5
0002e8 3050      	CPI  R21,0
0002e9 f009      	BREQ _0x202006C
0002ea 5051      	SUBI R21,LOW(1)
                 _0x202006C:
                 _0x2020066:
0002eb 5031      	SUBI R19,LOW(1)
0002ec 85a8      	LDD  R26,Y+8
0002ed 85b9      	LDD  R27,Y+8+1
0002ee 9712      	SBIW R26,2
0002ef f008      	BRLO _0x2020059
0002f0 cfb5      	RJMP _0x2020058
                 _0x2020059:
                 _0x2020056:
0002f1 ff00      	SBRS R16,0
0002f2 c008      	RJMP _0x202006D
                 _0x202006E:
0002f3 3050      	CPI  R21,0
0002f4 f031      	BREQ _0x2020070
0002f5 5051      	SUBI R21,LOW(1)
0002f6 e2e0      	LDI  R30,LOW(32)
0002f7 93ea      	ST   -Y,R30
0002f8 940e 0381 	CALL SUBOPT_0x7
0002fa cff8      	RJMP _0x202006E
                 _0x2020070:
                 _0x202006D:
                 _0x2020071:
                 _0x2020030:
                 _0x20200CC:
0002fb e010      	LDI  R17,LOW(0)
                 _0x202001B:
0002fc cee0      	RJMP _0x2020016
                 _0x2020018:
0002fd 85ac      	LDD  R26,Y+12
0002fe 85bd      	LDD  R27,Y+12+1
0002ff 940e 03b7 	CALL __GETW1P
000301 940e 03cb 	CALL __LOADLOCR6
000303 9664      	ADIW R28,20
000304 9508      	RET
                 ; .FEND
                 _sprintf:
                 ; .FSTART _sprintf
000305 92ff      	PUSH R15
000306 2ef8      	MOV  R15,R24
000307 9726      	SBIW R28,6
000308 940e 03c6 	CALL __SAVELOCR4
00030a 940e 0399 	CALL SUBOPT_0xA
00030c 9730      	SBIW R30,0
00030d f419      	BRNE _0x2020072
00030e efef      	LDI  R30,LOW(65535)
00030f efff      	LDI  R31,HIGH(65535)
000310 c023      	RJMP _0x2080001
                 _0x2020072:
000311 01de      	MOVW R26,R28
000312 9616      	ADIW R26,6
000313 940e 03aa 	CALL __ADDW2R15
000315 018d      	MOVW R16,R26
000316 940e 0399 	CALL SUBOPT_0xA
000318 83ee      	STD  Y+6,R30
000319 83ff      	STD  Y+6+1,R31
00031a e0e0      	LDI  R30,LOW(0)
00031b 87e8      	STD  Y+8,R30
00031c 87e9      	STD  Y+8+1,R30
00031d 01de      	MOVW R26,R28
00031e 961a      	ADIW R26,10
00031f 940e 03aa 	CALL __ADDW2R15
000321 940e 03b7 	CALL __GETW1P
000323 93fa      	ST   -Y,R31
000324 93ea      	ST   -Y,R30
000325 931a      	ST   -Y,R17
000326 930a      	ST   -Y,R16
000327 e9e1      	LDI  R30,LOW(_put_buff_G101)
000328 e0f1      	LDI  R31,HIGH(_put_buff_G101)
000329 93fa      	ST   -Y,R31
00032a 93ea      	ST   -Y,R30
00032b 01de      	MOVW R26,R28
00032c 961a      	ADIW R26,10
00032d dea3      	RCALL __print_G101
00032e 019f      	MOVW R18,R30
00032f 81ae      	LDD  R26,Y+6
000330 81bf      	LDD  R27,Y+6+1
000331 e0e0      	LDI  R30,LOW(0)
000332 93ec      	ST   X,R30
000333 01f9      	MOVW R30,R18
                 _0x2080001:
000334 940e 03cd 	CALL __LOADLOCR4
000336 962a      	ADIW R28,10
000337 90ff      	POP  R15
000338 9508      	RET
                 ; .FEND
                 
                 	.CSEG
                 
                 	.CSEG
                 _strlen:
                 ; .FSTART _strlen
000339 93ba      	ST   -Y,R27
00033a 93aa      	ST   -Y,R26
00033b 91a9          ld   r26,y+
00033c 91b9          ld   r27,y+
00033d 27ee          clr  r30
00033e 27ff          clr  r31
                 strlen0:
00033f 916d          ld   r22,x+
000340 2366          tst  r22
000341 f011          breq strlen1
000342 9631          adiw r30,1
000343 cffb          rjmp strlen0
                 strlen1:
000344 9508          ret
                 ; .FEND
                 _strlenf:
                 ; .FSTART _strlenf
000345 93ba      	ST   -Y,R27
000346 93aa      	ST   -Y,R26
000347 27aa          clr  r26
000348 27bb          clr  r27
000349 91e9          ld   r30,y+
00034a 91f9          ld   r31,y+
                 strlenf0:
00034b 9005      	lpm  r0,z+
00034c 2000          tst  r0
00034d f011          breq strlenf1
00034e 9611          adiw r26,1
00034f cffb          rjmp strlenf0
                 strlenf1:
000350 01fd          movw r30,r26
000351 9508          ret
                 ; .FEND
                 
                 	.DSEG
                 __base_y_G100:
000162           	.BYTE 0x4
                 
                 	.CSEG
                 ;OPTIMIZER ADDED SUBROUTINE, CALLED 2 TIMES, CODE SIZE REDUCTION:1 WORDS
                 SUBOPT_0x0:
000352 93fa      	ST   -Y,R31
000353 93ea      	ST   -Y,R30
                +
000354 e6ee     +LDI R30 , LOW ( 2 * _0x0 + ( 0 ) )
000355 e0f0     +LDI R31 , HIGH ( 2 * _0x0 + ( 0 ) )
                 	__POINTW1FN _0x0,0
000356 93fa      	ST   -Y,R31
000357 93ea      	ST   -Y,R30
000358 9508      	RET
                 
                 ;OPTIMIZER ADDED SUBROUTINE, CALLED 2 TIMES, CODE SIZE REDUCTION:3 WORDS
                 SUBOPT_0x1:
000359 940e 03b2 	CALL __CWD1
00035b 940e 03bf 	CALL __PUTPARD1
00035d e084      	LDI  R24,4
00035e 940e 0305 	CALL _sprintf
000360 9628      	ADIW R28,8
000361 9508      	RET
                 
                 ;OPTIMIZER ADDED SUBROUTINE, CALLED 3 TIMES, CODE SIZE REDUCTION:1 WORDS
                 SUBOPT_0x2:
000362 93ea      	ST   -Y,R30
000363 e0a0      	LDI  R26,LOW(0)
000364 940c 0124 	JMP  _lcd_gotoxy
                 
                 ;OPTIMIZER ADDED SUBROUTINE, CALLED 2 TIMES, CODE SIZE REDUCTION:1 WORDS
                 SUBOPT_0x3:
000366 940e 0118 	CALL __lcd_write_data
000368 e0a3      	LDI  R26,LOW(3)
000369 e0b0      	LDI  R27,0
00036a 940c 03a0 	JMP  _delay_ms
                 
                 ;OPTIMIZER ADDED SUBROUTINE, CALLED 3 TIMES, CODE SIZE REDUCTION:7 WORDS
                 SUBOPT_0x4:
00036c e3a0      	LDI  R26,LOW(48)
00036d 940e 0104 	CALL __lcd_write_nibble_G100
                +
00036f ec88     +LDI R24 , LOW ( 200 )
000370 e090     +LDI R25 , HIGH ( 200 )
                +__DELAY_USW_LOOP :
000371 9701     +SBIW R24 , 1
000372 f7f1     +BRNE __DELAY_USW_LOOP
                 	__DELAY_USW 200
000373 9508      	RET
                 
                 ;OPTIMIZER ADDED SUBROUTINE, CALLED 5 TIMES, CODE SIZE REDUCTION:13 WORDS
                 SUBOPT_0x5:
000374 932a      	ST   -Y,R18
000375 85ad      	LDD  R26,Y+13
000376 85be      	LDD  R27,Y+13+1
000377 85ef      	LDD  R30,Y+15
000378 89f8      	LDD  R31,Y+15+1
000379 9509      	ICALL
00037a 9508      	RET
                 
                 ;OPTIMIZER ADDED SUBROUTINE, CALLED 5 TIMES, CODE SIZE REDUCTION:9 WORDS
                 SUBOPT_0x6:
00037b 89e8      	LDD  R30,Y+16
00037c 89f9      	LDD  R31,Y+16+1
00037d 9734      	SBIW R30,4
00037e 8be8      	STD  Y+16,R30
00037f 8bf9      	STD  Y+16+1,R31
000380 9508      	RET
                 
                 ;OPTIMIZER ADDED SUBROUTINE, CALLED 3 TIMES, CODE SIZE REDUCTION:3 WORDS
                 SUBOPT_0x7:
000381 85ad      	LDD  R26,Y+13
000382 85be      	LDD  R27,Y+13+1
000383 85ef      	LDD  R30,Y+15
000384 89f8      	LDD  R31,Y+15+1
000385 9509      	ICALL
000386 9508      	RET
                 
                 ;OPTIMIZER ADDED SUBROUTINE, CALLED 2 TIMES, CODE SIZE REDUCTION:4 WORDS
                 SUBOPT_0x8:
000387 89a8      	LDD  R26,Y+16
000388 89b9      	LDD  R27,Y+16+1
000389 9614      	ADIW R26,4
00038a 940e 03b7 	CALL __GETW1P
00038c 83ee      	STD  Y+6,R30
00038d 83ff      	STD  Y+6+1,R31
00038e 81ae      	LDD  R26,Y+6
00038f 81bf      	LDD  R27,Y+6+1
000390 9508      	RET
                 
                 ;OPTIMIZER ADDED SUBROUTINE, CALLED 2 TIMES, CODE SIZE REDUCTION:2 WORDS
                 SUBOPT_0x9:
000391 89a8      	LDD  R26,Y+16
000392 89b9      	LDD  R27,Y+16+1
000393 9614      	ADIW R26,4
000394 940e 03b7 	CALL __GETW1P
000396 87ea      	STD  Y+10,R30
000397 87fb      	STD  Y+10+1,R31
000398 9508      	RET
                 
                 ;OPTIMIZER ADDED SUBROUTINE, CALLED 2 TIMES, CODE SIZE REDUCTION:1 WORDS
                 SUBOPT_0xA:
000399 01de      	MOVW R26,R28
00039a 961c      	ADIW R26,12
00039b 940e 03aa 	CALL __ADDW2R15
00039d 940e 03b7 	CALL __GETW1P
00039f 9508      	RET
                 
                 
                 	.CSEG
                 _delay_ms:
0003a0 9610      	adiw r26,0
0003a1 f039      	breq __delay_ms1
                 __delay_ms0:
0003a2 95a8      	wdr
                +
0003a3 ed80     +LDI R24 , LOW ( 0x7D0 )
0003a4 e097     +LDI R25 , HIGH ( 0x7D0 )
                +__DELAY_USW_LOOP :
0003a5 9701     +SBIW R24 , 1
0003a6 f7f1     +BRNE __DELAY_USW_LOOP
                 	__DELAY_USW 0x7D0
0003a7 9711      	sbiw r26,1
0003a8 f7c9      	brne __delay_ms0
                 __delay_ms1:
0003a9 9508      	ret
                 
                 __ADDW2R15:
0003aa 2400      	CLR  R0
0003ab 0daf      	ADD  R26,R15
0003ac 1db0      	ADC  R27,R0
0003ad 9508      	RET
                 
                 __ANEGW1:
0003ae 95f1      	NEG  R31
0003af 95e1      	NEG  R30
0003b0 40f0      	SBCI R31,0
0003b1 9508      	RET
                 
                 __CWD1:
0003b2 2f6f      	MOV  R22,R31
0003b3 0f66      	ADD  R22,R22
0003b4 0b66      	SBC  R22,R22
0003b5 2f76      	MOV  R23,R22
0003b6 9508      	RET
                 
                 __GETW1P:
0003b7 91ed      	LD   R30,X+
0003b8 91fc      	LD   R31,X
0003b9 9711      	SBIW R26,1
0003ba 9508      	RET
                 
                 __GETW1PF:
0003bb 9005      	LPM  R0,Z+
0003bc 91f4      	LPM  R31,Z
0003bd 2de0      	MOV  R30,R0
0003be 9508      	RET
                 
                 __PUTPARD1:
0003bf 937a      	ST   -Y,R23
0003c0 936a      	ST   -Y,R22
0003c1 93fa      	ST   -Y,R31
0003c2 93ea      	ST   -Y,R30
0003c3 9508      	RET
                 
                 __SAVELOCR6:
0003c4 935a      	ST   -Y,R21
                 __SAVELOCR5:
0003c5 934a      	ST   -Y,R20
                 __SAVELOCR4:
0003c6 933a      	ST   -Y,R19
                 __SAVELOCR3:
0003c7 932a      	ST   -Y,R18
                 __SAVELOCR2:
0003c8 931a      	ST   -Y,R17
0003c9 930a      	ST   -Y,R16
0003ca 9508      	RET
                 
                 __LOADLOCR6:
0003cb 815d      	LDD  R21,Y+5
                 __LOADLOCR5:
0003cc 814c      	LDD  R20,Y+4
                 __LOADLOCR4:
0003cd 813b      	LDD  R19,Y+3
                 __LOADLOCR3:
0003ce 812a      	LDD  R18,Y+2
                 __LOADLOCR2:
0003cf 8119      	LDD  R17,Y+1
0003d0 8108      	LD   R16,Y
0003d1 9508      	RET
                 
                 ;END OF CODE MARKER
                 __END_OF_CODE:


RESOURCE USE INFORMATION
------------------------

Notice:
The register and instruction counts are symbol table hit counts,
and hence implicitly used resources are not counted, eg, the
'lpm' instruction without operands implicitly uses r0 and z,
none of which are counted.

x,y,z are separate entities in the symbol table and are
counted separately from r26..r31 here.

.dseg memory usage only counts static data declared with .byte

ATmega16 register use summary:
r0 :  11 r1 :   1 r2 :   0 r3 :   0 r4 :   5 r5 :   2 r6 :   7 r7 :   4 
r8 :   6 r9 :   4 r10:   4 r11:   4 r12:   2 r13:   4 r14:   0 r15:   4 
r16:  34 r17:  24 r18:  29 r19:   8 r20:   9 r21:  17 r22:  11 r23:   2 
r24:  23 r25:   5 r26: 100 r27:  37 r28:  19 r29:   1 r30: 219 r31:  65 
x  :  23 y  : 172 z  :  15 
Registers used: 32 out of 35 (91.4%)

ATmega16 instruction use summary:
.lds  :   0 .lds.l:   0 .sts  :   0 .sts.l:   0 adc   :   1 add   :   4 
adiw  :  29 and   :   0 andi  :   6 asr   :   0 bclr  :   0 bld   :   0 
brbc  :   0 brbs  :   0 brcc  :   0 brcs  :   0 break :   0 breq  :  18 
brge  :   0 brhc  :   0 brhs  :   0 brid  :   0 brie  :   0 brlo  :   8 
brlt  :   0 brmi  :   1 brne  :  33 brpl  :   1 brsh  :   2 brtc  :   0 
brts  :   0 brvc  :   0 brvs  :   0 bset  :   0 bst   :   0 call  :  56 
cbi   :   5 cbr   :   0 clc   :   0 clh   :   0 cli   :   1 cln   :   0 
clr   :  23 cls   :   0 clt   :   0 clv   :   0 clz   :   0 com   :   0 
cp    :   7 cpc   :   5 cpi   :  33 cpse  :   0 dec   :   5 des   :   0 
eor   :   0 fmul  :   0 fmuls :   0 fmulsu:   0 icall :   2 ijmp  :   0 
in    :   3 inc   :   2 jmp   :  24 ld    :  28 ldd   :  77 ldi   : 101 
lds   :   0 lpm   :  14 lsl   :   0 lsr   :   0 mov   :  20 movw  :  26 
mul   :   1 muls  :   0 mulsu :   0 neg   :   2 nop   :   0 or    :   1 
ori   :   7 out   :  44 pop   :   1 push  :   1 rcall :  19 ret   :  27 
reti  :   1 rjmp  :  65 rol   :   0 ror   :   0 sbc   :   2 sbci  :   2 
sbi   :   5 sbic  :   3 sbis  :   3 sbiw  :  20 sbr   :   0 sbrc  :   2 
sbrs  :  10 sec   :   0 seh   :   0 sei   :   1 sen   :   0 ser   :   0 
ses   :   0 set   :   0 sev   :   0 sez   :   0 sleep :   0 spm   :   0 
st    :  62 std   :  31 sts   :   2 sub   :   1 subi  :  16 swap  :   1 
tst   :   5 wdr   :   1 
Instructions used: 56 out of 116 (48.3%)

ATmega16 memory use summary [bytes]:
Segment   Begin    End      Code   Data   Used    Size   Use%
---------------------------------------------------------------
[.cseg] 0x000000 0x0007a4   1902     54   1956   16384  11.9%
[.dseg] 0x000060 0x000166      0      6      6    1024   0.6%
[.eseg] 0x000000 0x000000      0      0      0     512   0.0%

Assembly complete, 0 errors, 11 warnings
